CRITICAL - 2020-10-02 01:20:24 --> Undefined variable: filter2
#0 C:\xampp7\htdocs\apps\surveypasar\app\Views\admin\home2.php(118): CodeIgniter\Debug\Exceptions->errorHandler(8, 'Undefined varia...', 'C:\\xampp7\\htdoc...', 118, Array)
#1 C:\xampp7\htdocs\apps\surveypasar\vendor\codeigniter4\framework\system\View\View.php(246): include('C:\\xampp7\\htdoc...')
#2 C:\xampp7\htdocs\apps\surveypasar\vendor\codeigniter4\framework\system\Common.php(1119): CodeIgniter\View\View->render('admin/home2', Array, true)
#3 C:\xampp7\htdocs\apps\surveypasar\app\Controllers\Admin\Home2.php(35): view('admin/home2', Array)
#4 C:\xampp7\htdocs\apps\surveypasar\vendor\codeigniter4\framework\system\CodeIgniter.php(918): App\Controllers\Admin\Home2->index()
#5 C:\xampp7\htdocs\apps\surveypasar\vendor\codeigniter4\framework\system\CodeIgniter.php(404): CodeIgniter\CodeIgniter->runController(Object(App\Controllers\Admin\Home2))
#6 C:\xampp7\htdocs\apps\surveypasar\vendor\codeigniter4\framework\system\CodeIgniter.php(312): CodeIgniter\CodeIgniter->handleRequest(NULL, Object(Config\Cache), false)
#7 C:\xampp7\htdocs\apps\surveypasar\public\index.php(45): CodeIgniter\CodeIgniter->run()
#8 {main}
CRITICAL - 2020-10-02 04:05:34 --> Trying to access array offset on value of type null
#0 C:\xampp7\htdocs\apps\surveypasar\app\Libraries\Navigation.php(61): CodeIgniter\Debug\Exceptions->errorHandler(8, 'Trying to acces...', 'C:\\xampp7\\htdoc...', 61, Array)
#1 C:\xampp7\htdocs\apps\surveypasar\app\Libraries\Navigation.php(23): App\Libraries\Navigation->cek_akses('admin/survey')
#2 C:\xampp7\htdocs\apps\surveypasar\app\Libraries\Navigation.php(15): App\Libraries\Navigation->gen_menu()
#3 C:\xampp7\htdocs\apps\surveypasar\vendor\codeigniter4\framework\system\View\Cell.php(149): App\Libraries\Navigation->menu()
#4 C:\xampp7\htdocs\apps\surveypasar\vendor\codeigniter4\framework\system\Common.php(1140): CodeIgniter\View\Cell->render('\\App\\Libraries\\...', NULL, 0, 'AppLibrariesNav...')
#5 C:\xampp7\htdocs\apps\surveypasar\app\Views\template\default.php(121): view_cell('\\App\\Libraries\\...')
#6 C:\xampp7\htdocs\apps\surveypasar\vendor\codeigniter4\framework\system\View\View.php(246): include('C:\\xampp7\\htdoc...')
#7 C:\xampp7\htdocs\apps\surveypasar\vendor\codeigniter4\framework\system\View\View.php(257): CodeIgniter\View\View->render('template/defaul...', Array, true)
#8 C:\xampp7\htdocs\apps\surveypasar\vendor\codeigniter4\framework\system\Common.php(1119): CodeIgniter\View\View->render('admin/home', Array, true)
#9 C:\xampp7\htdocs\apps\surveypasar\app\Controllers\Admin\Home.php(33): view('admin/home', Array)
#10 C:\xampp7\htdocs\apps\surveypasar\vendor\codeigniter4\framework\system\CodeIgniter.php(918): App\Controllers\Admin\Home->index()
#11 C:\xampp7\htdocs\apps\surveypasar\vendor\codeigniter4\framework\system\CodeIgniter.php(404): CodeIgniter\CodeIgniter->runController(Object(App\Controllers\Admin\Home))
#12 C:\xampp7\htdocs\apps\surveypasar\vendor\codeigniter4\framework\system\CodeIgniter.php(312): CodeIgniter\CodeIgniter->handleRequest(NULL, Object(Config\Cache), false)
#13 C:\xampp7\htdocs\apps\surveypasar\public\index.php(45): CodeIgniter\CodeIgniter->run()
#14 {main}
CRITICAL - 2020-10-02 04:05:39 --> Trying to access array offset on value of type null
#0 C:\xampp7\htdocs\apps\surveypasar\app\Libraries\Navigation.php(61): CodeIgniter\Debug\Exceptions->errorHandler(8, 'Trying to acces...', 'C:\\xampp7\\htdoc...', 61, Array)
#1 C:\xampp7\htdocs\apps\surveypasar\app\Libraries\Navigation.php(23): App\Libraries\Navigation->cek_akses('admin/survey')
#2 C:\xampp7\htdocs\apps\surveypasar\app\Libraries\Navigation.php(15): App\Libraries\Navigation->gen_menu()
#3 C:\xampp7\htdocs\apps\surveypasar\vendor\codeigniter4\framework\system\View\Cell.php(149): App\Libraries\Navigation->menu()
#4 C:\xampp7\htdocs\apps\surveypasar\vendor\codeigniter4\framework\system\Common.php(1140): CodeIgniter\View\Cell->render('\\App\\Libraries\\...', NULL, 0, 'AppLibrariesNav...')
#5 C:\xampp7\htdocs\apps\surveypasar\app\Views\template\default.php(121): view_cell('\\App\\Libraries\\...')
#6 C:\xampp7\htdocs\apps\surveypasar\vendor\codeigniter4\framework\system\View\View.php(246): include('C:\\xampp7\\htdoc...')
#7 C:\xampp7\htdocs\apps\surveypasar\vendor\codeigniter4\framework\system\View\View.php(257): CodeIgniter\View\View->render('template/defaul...', Array, true)
#8 C:\xampp7\htdocs\apps\surveypasar\vendor\codeigniter4\framework\system\Common.php(1119): CodeIgniter\View\View->render('admin/home', Array, true)
#9 C:\xampp7\htdocs\apps\surveypasar\app\Controllers\Admin\Home.php(33): view('admin/home', Array)
#10 C:\xampp7\htdocs\apps\surveypasar\vendor\codeigniter4\framework\system\CodeIgniter.php(918): App\Controllers\Admin\Home->index()
#11 C:\xampp7\htdocs\apps\surveypasar\vendor\codeigniter4\framework\system\CodeIgniter.php(404): CodeIgniter\CodeIgniter->runController(Object(App\Controllers\Admin\Home))
#12 C:\xampp7\htdocs\apps\surveypasar\vendor\codeigniter4\framework\system\CodeIgniter.php(312): CodeIgniter\CodeIgniter->handleRequest(NULL, Object(Config\Cache), false)
#13 C:\xampp7\htdocs\apps\surveypasar\public\index.php(45): CodeIgniter\CodeIgniter->run()
#14 {main}
CRITICAL - 2020-10-02 04:05:50 --> syntax error, unexpected ']', expecting '-' or identifier (T_STRING) or variable (T_VARIABLE) or number (T_NUM_STRING)
#0 C:\xampp7\htdocs\apps\surveypasar\vendor\codeigniter4\framework\system\Router\Router.php(195): CodeIgniter\Router\Router->autoRoute('admin/home2')
#1 C:\xampp7\htdocs\apps\surveypasar\vendor\codeigniter4\framework\system\CodeIgniter.php(793): CodeIgniter\Router\Router->handle('admin/home2')
#2 C:\xampp7\htdocs\apps\surveypasar\vendor\codeigniter4\framework\system\CodeIgniter.php(364): CodeIgniter\CodeIgniter->tryToRouteIt(Object(CodeIgniter\Router\RouteCollection))
#3 C:\xampp7\htdocs\apps\surveypasar\vendor\codeigniter4\framework\system\CodeIgniter.php(312): CodeIgniter\CodeIgniter->handleRequest(NULL, Object(Config\Cache), false)
#4 C:\xampp7\htdocs\apps\surveypasar\public\index.php(45): CodeIgniter\CodeIgniter->run()
#5 {main}
CRITICAL - 2020-10-02 04:06:07 --> syntax error, unexpected ']', expecting '-' or identifier (T_STRING) or variable (T_VARIABLE) or number (T_NUM_STRING)
#0 C:\xampp7\htdocs\apps\surveypasar\vendor\codeigniter4\framework\system\Router\Router.php(195): CodeIgniter\Router\Router->autoRoute('admin/home2')
#1 C:\xampp7\htdocs\apps\surveypasar\vendor\codeigniter4\framework\system\CodeIgniter.php(793): CodeIgniter\Router\Router->handle('admin/home2')
#2 C:\xampp7\htdocs\apps\surveypasar\vendor\codeigniter4\framework\system\CodeIgniter.php(364): CodeIgniter\CodeIgniter->tryToRouteIt(Object(CodeIgniter\Router\RouteCollection))
#3 C:\xampp7\htdocs\apps\surveypasar\vendor\codeigniter4\framework\system\CodeIgniter.php(312): CodeIgniter\CodeIgniter->handleRequest(NULL, Object(Config\Cache), false)
#4 C:\xampp7\htdocs\apps\surveypasar\public\index.php(45): CodeIgniter\CodeIgniter->run()
#5 {main}
CRITICAL - 2020-10-02 04:40:34 --> Undefined variable: jml
#0 C:\xampp7\htdocs\apps\surveypasar\app\Views\admin\home.php(103): CodeIgniter\Debug\Exceptions->errorHandler(8, 'Undefined varia...', 'C:\\xampp7\\htdoc...', 103, Array)
#1 C:\xampp7\htdocs\apps\surveypasar\vendor\codeigniter4\framework\system\View\View.php(246): include('C:\\xampp7\\htdoc...')
#2 C:\xampp7\htdocs\apps\surveypasar\vendor\codeigniter4\framework\system\Common.php(1119): CodeIgniter\View\View->render('admin/home', Array, true)
#3 C:\xampp7\htdocs\apps\surveypasar\app\Controllers\Admin\Home.php(33): view('admin/home', Array)
#4 C:\xampp7\htdocs\apps\surveypasar\vendor\codeigniter4\framework\system\CodeIgniter.php(918): App\Controllers\Admin\Home->index()
#5 C:\xampp7\htdocs\apps\surveypasar\vendor\codeigniter4\framework\system\CodeIgniter.php(404): CodeIgniter\CodeIgniter->runController(Object(App\Controllers\Admin\Home))
#6 C:\xampp7\htdocs\apps\surveypasar\vendor\codeigniter4\framework\system\CodeIgniter.php(312): CodeIgniter\CodeIgniter->handleRequest(NULL, Object(Config\Cache), false)
#7 C:\xampp7\htdocs\apps\surveypasar\public\index.php(45): CodeIgniter\CodeIgniter->run()
#8 {main}
CRITICAL - 2020-10-02 04:44:00 --> Call to undefined method App\Controllers\Admin\Home::filter_tren_svy_prod()
#0 C:\xampp7\htdocs\apps\surveypasar\vendor\codeigniter4\framework\system\CodeIgniter.php(918): App\Controllers\Admin\Home->index()
#1 C:\xampp7\htdocs\apps\surveypasar\vendor\codeigniter4\framework\system\CodeIgniter.php(404): CodeIgniter\CodeIgniter->runController(Object(App\Controllers\Admin\Home))
#2 C:\xampp7\htdocs\apps\surveypasar\vendor\codeigniter4\framework\system\CodeIgniter.php(312): CodeIgniter\CodeIgniter->handleRequest(NULL, Object(Config\Cache), false)
#3 C:\xampp7\htdocs\apps\surveypasar\public\index.php(45): CodeIgniter\CodeIgniter->run()
#4 {main}
CRITICAL - 2020-10-02 04:44:00 --> Call to undefined method App\Controllers\Admin\Home::filter_tren_svy_prod()
#0 C:\xampp7\htdocs\apps\surveypasar\vendor\codeigniter4\framework\system\CodeIgniter.php(918): App\Controllers\Admin\Home->index()
#1 C:\xampp7\htdocs\apps\surveypasar\vendor\codeigniter4\framework\system\CodeIgniter.php(404): CodeIgniter\CodeIgniter->runController(Object(App\Controllers\Admin\Home))
#2 C:\xampp7\htdocs\apps\surveypasar\vendor\codeigniter4\framework\system\CodeIgniter.php(312): CodeIgniter\CodeIgniter->handleRequest(NULL, Object(Config\Cache), false)
#3 C:\xampp7\htdocs\apps\surveypasar\public\index.php(45): CodeIgniter\CodeIgniter->run()
#4 {main}
CRITICAL - 2020-10-02 04:49:45 --> in_array() expects parameter 2 to be array, string given
#0 [internal function]: CodeIgniter\Debug\Exceptions->errorHandler(2, 'in_array() expe...', 'C:\\xampp7\\htdoc...', 197, Array)
#1 C:\xampp7\htdocs\apps\surveypasar\app\Libraries\SmartComponent\Form.php(197): in_array('4', '4')
#2 C:\xampp7\htdocs\apps\surveypasar\app\Controllers\Admin\Home.php(63): App\Libraries\SmartComponent\Form->add('kategori', 'Kategori', 'select_multiple', false, '4', 'style="width:10...', Array)
#3 C:\xampp7\htdocs\apps\surveypasar\app\Controllers\Admin\Home.php(30): App\Controllers\Admin\Home->filter1()
#4 C:\xampp7\htdocs\apps\surveypasar\vendor\codeigniter4\framework\system\CodeIgniter.php(918): App\Controllers\Admin\Home->index()
#5 C:\xampp7\htdocs\apps\surveypasar\vendor\codeigniter4\framework\system\CodeIgniter.php(404): CodeIgniter\CodeIgniter->runController(Object(App\Controllers\Admin\Home))
#6 C:\xampp7\htdocs\apps\surveypasar\vendor\codeigniter4\framework\system\CodeIgniter.php(312): CodeIgniter\CodeIgniter->handleRequest(NULL, Object(Config\Cache), false)
#7 C:\xampp7\htdocs\apps\surveypasar\public\index.php(45): CodeIgniter\CodeIgniter->run()
#8 {main}
CRITICAL - 2020-10-02 20:29:22 --> Trying to access array offset on value of type null
#0 C:\xampp7\htdocs\apps\surveypasar\app\Libraries\Navigation.php(61): CodeIgniter\Debug\Exceptions->errorHandler(8, 'Trying to acces...', 'C:\\xampp7\\htdoc...', 61, Array)
#1 C:\xampp7\htdocs\apps\surveypasar\app\Libraries\Navigation.php(23): App\Libraries\Navigation->cek_akses('admin/survey')
#2 C:\xampp7\htdocs\apps\surveypasar\app\Libraries\Navigation.php(15): App\Libraries\Navigation->gen_menu()
#3 C:\xampp7\htdocs\apps\surveypasar\vendor\codeigniter4\framework\system\View\Cell.php(149): App\Libraries\Navigation->menu()
#4 C:\xampp7\htdocs\apps\surveypasar\vendor\codeigniter4\framework\system\Common.php(1140): CodeIgniter\View\Cell->render('\\App\\Libraries\\...', NULL, 0, 'AppLibrariesNav...')
#5 C:\xampp7\htdocs\apps\surveypasar\app\Views\template\default.php(121): view_cell('\\App\\Libraries\\...')
#6 C:\xampp7\htdocs\apps\surveypasar\vendor\codeigniter4\framework\system\View\View.php(246): include('C:\\xampp7\\htdoc...')
#7 C:\xampp7\htdocs\apps\surveypasar\vendor\codeigniter4\framework\system\View\View.php(257): CodeIgniter\View\View->render('template/defaul...', Array, true)
#8 C:\xampp7\htdocs\apps\surveypasar\vendor\codeigniter4\framework\system\Common.php(1119): CodeIgniter\View\View->render('admin/home', Array, true)
#9 C:\xampp7\htdocs\apps\surveypasar\app\Controllers\Admin\Home.php(39): view('admin/home', Array)
#10 C:\xampp7\htdocs\apps\surveypasar\vendor\codeigniter4\framework\system\CodeIgniter.php(918): App\Controllers\Admin\Home->index()
#11 C:\xampp7\htdocs\apps\surveypasar\vendor\codeigniter4\framework\system\CodeIgniter.php(404): CodeIgniter\CodeIgniter->runController(Object(App\Controllers\Admin\Home))
#12 C:\xampp7\htdocs\apps\surveypasar\vendor\codeigniter4\framework\system\CodeIgniter.php(312): CodeIgniter\CodeIgniter->handleRequest(NULL, Object(Config\Cache), false)
#13 C:\xampp7\htdocs\apps\surveypasar\public\index.php(45): CodeIgniter\CodeIgniter->run()
#14 {main}
CRITICAL - 2020-10-02 20:29:47 --> Trying to access array offset on value of type null
#0 C:\xampp7\htdocs\apps\surveypasar\app\Libraries\Navigation.php(61): CodeIgniter\Debug\Exceptions->errorHandler(8, 'Trying to acces...', 'C:\\xampp7\\htdoc...', 61, Array)
#1 C:\xampp7\htdocs\apps\surveypasar\app\Libraries\Navigation.php(23): App\Libraries\Navigation->cek_akses('admin/survey')
#2 C:\xampp7\htdocs\apps\surveypasar\app\Libraries\Navigation.php(15): App\Libraries\Navigation->gen_menu()
#3 C:\xampp7\htdocs\apps\surveypasar\vendor\codeigniter4\framework\system\View\Cell.php(149): App\Libraries\Navigation->menu()
#4 C:\xampp7\htdocs\apps\surveypasar\vendor\codeigniter4\framework\system\Common.php(1140): CodeIgniter\View\Cell->render('\\App\\Libraries\\...', NULL, 0, 'AppLibrariesNav...')
#5 C:\xampp7\htdocs\apps\surveypasar\app\Views\template\default.php(121): view_cell('\\App\\Libraries\\...')
#6 C:\xampp7\htdocs\apps\surveypasar\vendor\codeigniter4\framework\system\View\View.php(246): include('C:\\xampp7\\htdoc...')
#7 C:\xampp7\htdocs\apps\surveypasar\vendor\codeigniter4\framework\system\View\View.php(257): CodeIgniter\View\View->render('template/defaul...', Array, true)
#8 C:\xampp7\htdocs\apps\surveypasar\vendor\codeigniter4\framework\system\Common.php(1119): CodeIgniter\View\View->render('admin/home', Array, true)
#9 C:\xampp7\htdocs\apps\surveypasar\app\Controllers\Admin\Home.php(39): view('admin/home', Array)
#10 C:\xampp7\htdocs\apps\surveypasar\vendor\codeigniter4\framework\system\CodeIgniter.php(918): App\Controllers\Admin\Home->index()
#11 C:\xampp7\htdocs\apps\surveypasar\vendor\codeigniter4\framework\system\CodeIgniter.php(404): CodeIgniter\CodeIgniter->runController(Object(App\Controllers\Admin\Home))
#12 C:\xampp7\htdocs\apps\surveypasar\vendor\codeigniter4\framework\system\CodeIgniter.php(312): CodeIgniter\CodeIgniter->handleRequest(NULL, Object(Config\Cache), false)
#13 C:\xampp7\htdocs\apps\surveypasar\public\index.php(45): CodeIgniter\CodeIgniter->run()
#14 {main}
CRITICAL - 2020-10-02 23:45:48 --> Undefined variable: totalTime
#0 C:\xampp7\htdocs\apps\surveypasar\vendor\codeigniter4\framework\system\Debug\Toolbar\Views\toolbar.tpl.php(56): CodeIgniter\Debug\Exceptions->errorHandler(8, 'Undefined varia...', 'C:\\xampp7\\htdoc...', 56, Array)
#1 C:\xampp7\htdocs\apps\surveypasar\vendor\codeigniter4\framework\system\Debug\Toolbar.php(498): include('C:\\xampp7\\htdoc...')
#2 C:\xampp7\htdocs\apps\surveypasar\vendor\codeigniter4\framework\system\Debug\Toolbar.php(455): CodeIgniter\Debug\Toolbar->format(Array, 'html')
#3 C:\xampp7\htdocs\apps\surveypasar\app\Config\Events.php(50): CodeIgniter\Debug\Toolbar->respond()
#4 [internal function]: CodeIgniter\Events\Events::Config\{closure}()
#5 C:\xampp7\htdocs\apps\surveypasar\vendor\codeigniter4\framework\system\Events\Events.php(188): call_user_func(Object(Closure))
#6 C:\xampp7\htdocs\apps\surveypasar\vendor\codeigniter4\framework\system\CodeIgniter.php(293): CodeIgniter\Events\Events::trigger('pre_system')
#7 C:\xampp7\htdocs\apps\surveypasar\public\index.php(45): CodeIgniter\CodeIgniter->run()
#8 {main}
