CRITICAL - 2020-10-31 02:43:58 --> Undefined index: peng_tgl
#0 C:\xampp7\htdocs\apps\dinkop\app\Controllers\Cetak2.php(1212): CodeIgniter\Debug\Exceptions->errorHandler(8, 'Undefined index...', 'C:\\xampp7\\htdoc...', 1212, Array)
#1 C:\xampp7\htdocs\apps\dinkop\vendor\codeigniter4\framework\system\CodeIgniter.php(918): App\Controllers\Cetak2->profil7('5')
#2 C:\xampp7\htdocs\apps\dinkop\vendor\codeigniter4\framework\system\CodeIgniter.php(404): CodeIgniter\CodeIgniter->runController(Object(App\Controllers\Cetak2))
#3 C:\xampp7\htdocs\apps\dinkop\vendor\codeigniter4\framework\system\CodeIgniter.php(312): CodeIgniter\CodeIgniter->handleRequest(NULL, Object(Config\Cache), false)
#4 C:\xampp7\htdocs\apps\dinkop\public\index.php(45): CodeIgniter\CodeIgniter->run()
#5 {main}
CRITICAL - 2020-10-31 02:44:45 --> A non well formed numeric value encountered
#0 [internal function]: CodeIgniter\Debug\Exceptions->errorHandler(8, 'A non well form...', 'C:\\xampp7\\htdoc...', 1212, Array)
#1 C:\xampp7\htdocs\apps\dinkop\app\Controllers\Cetak2.php(1212): date('d-m-Y', '2020-10-30')
#2 C:\xampp7\htdocs\apps\dinkop\vendor\codeigniter4\framework\system\CodeIgniter.php(918): App\Controllers\Cetak2->profil7('5')
#3 C:\xampp7\htdocs\apps\dinkop\vendor\codeigniter4\framework\system\CodeIgniter.php(404): CodeIgniter\CodeIgniter->runController(Object(App\Controllers\Cetak2))
#4 C:\xampp7\htdocs\apps\dinkop\vendor\codeigniter4\framework\system\CodeIgniter.php(312): CodeIgniter\CodeIgniter->handleRequest(NULL, Object(Config\Cache), false)
#5 C:\xampp7\htdocs\apps\dinkop\public\index.php(45): CodeIgniter\CodeIgniter->run()
#6 {main}
CRITICAL - 2020-10-31 02:44:47 --> A non well formed numeric value encountered
#0 [internal function]: CodeIgniter\Debug\Exceptions->errorHandler(8, 'A non well form...', 'C:\\xampp7\\htdoc...', 1212, Array)
#1 C:\xampp7\htdocs\apps\dinkop\app\Controllers\Cetak2.php(1212): date('d-m-Y', '2020-10-30')
#2 C:\xampp7\htdocs\apps\dinkop\vendor\codeigniter4\framework\system\CodeIgniter.php(918): App\Controllers\Cetak2->profil7('5')
#3 C:\xampp7\htdocs\apps\dinkop\vendor\codeigniter4\framework\system\CodeIgniter.php(404): CodeIgniter\CodeIgniter->runController(Object(App\Controllers\Cetak2))
#4 C:\xampp7\htdocs\apps\dinkop\vendor\codeigniter4\framework\system\CodeIgniter.php(312): CodeIgniter\CodeIgniter->handleRequest(NULL, Object(Config\Cache), false)
#5 C:\xampp7\htdocs\apps\dinkop\public\index.php(45): CodeIgniter\CodeIgniter->run()
#6 {main}
CRITICAL - 2020-10-31 03:08:05 --> Undefined index: value
#0 C:\xampp7\htdocs\apps\dinkop\app\Libraries\SmartComponent\Form.php(267): CodeIgniter\Debug\Exceptions->errorHandler(8, 'Undefined index...', 'C:\\xampp7\\htdoc...', 267, Array)
#1 C:\xampp7\htdocs\apps\dinkop\app\Libraries\SmartComponent\Form.php(115): App\Libraries\SmartComponent\Form->generate_resume('peng_member_id', 'Nama Member', 'select', false, '17', ' style="width:1...', Array)
#2 C:\xampp7\htdocs\apps\dinkop\app\Controllers\Admin\Pengajuan.php(479): App\Libraries\SmartComponent\Form->add('peng_member_id', 'Nama Member', 'select', false, '17', ' style="width:1...', Array)
#3 C:\xampp7\htdocs\apps\dinkop\app\Controllers\Admin\Pengajuan.php(359): App\Controllers\Admin\Pengajuan->formStep1Jenis2('5', '2')
#4 C:\xampp7\htdocs\apps\dinkop\app\Controllers\Admin\Pengajuan.php(133): App\Controllers\Admin\Pengajuan->formStep1('5')
#5 C:\xampp7\htdocs\apps\dinkop\app\Controllers\Admin\Pengajuan.php(103): App\Controllers\Admin\Pengajuan->stepper_form('5')
#6 C:\xampp7\htdocs\apps\dinkop\vendor\codeigniter4\framework\system\CodeIgniter.php(918): App\Controllers\Admin\Pengajuan->detail('5')
#7 C:\xampp7\htdocs\apps\dinkop\vendor\codeigniter4\framework\system\CodeIgniter.php(404): CodeIgniter\CodeIgniter->runController(Object(App\Controllers\Admin\Pengajuan))
#8 C:\xampp7\htdocs\apps\dinkop\vendor\codeigniter4\framework\system\CodeIgniter.php(312): CodeIgniter\CodeIgniter->handleRequest(NULL, Object(Config\Cache), false)
#9 C:\xampp7\htdocs\apps\dinkop\public\index.php(45): CodeIgniter\CodeIgniter->run()
#10 {main}
CRITICAL - 2020-10-31 03:18:51 --> pg_query(): Query failed: ERROR:  invalid input syntax for integer: &quot;tes&quot;
LINE 3: WHERE &quot;peng_id&quot; = 'tes'
                          ^
#0 [internal function]: CodeIgniter\Debug\Exceptions->errorHandler(2, 'pg_query(): Que...', 'C:\\xampp7\\htdoc...', 196, Array)
#1 C:\xampp7\htdocs\apps\dinkop\vendor\codeigniter4\framework\system\Database\Postgre\Connection.php(196): pg_query(Resource id #181, 'SELECT *\nFROM "...')
#2 C:\xampp7\htdocs\apps\dinkop\vendor\codeigniter4\framework\system\Database\BaseConnection.php(741): CodeIgniter\Database\Postgre\Connection->execute('SELECT *\nFROM "...')
#3 C:\xampp7\htdocs\apps\dinkop\vendor\codeigniter4\framework\system\Database\BaseConnection.php(669): CodeIgniter\Database\BaseConnection->simpleQuery('SELECT *\nFROM "...')
#4 C:\xampp7\htdocs\apps\dinkop\vendor\codeigniter4\framework\system\Database\BaseBuilder.php(2019): CodeIgniter\Database\BaseConnection->query('SELECT *\nFROM "...', Array, false)
#5 C:\xampp7\htdocs\apps\dinkop\app\Controllers\Admin\Pengajuan.php(111): CodeIgniter\Database\BaseBuilder->getWhere(Array)
#6 C:\xampp7\htdocs\apps\dinkop\app\Controllers\Admin\Pengajuan.php(103): App\Controllers\Admin\Pengajuan->stepper_form('tes')
#7 C:\xampp7\htdocs\apps\dinkop\vendor\codeigniter4\framework\system\CodeIgniter.php(918): App\Controllers\Admin\Pengajuan->detail('tes')
#8 C:\xampp7\htdocs\apps\dinkop\vendor\codeigniter4\framework\system\CodeIgniter.php(404): CodeIgniter\CodeIgniter->runController(Object(App\Controllers\Admin\Pengajuan))
#9 C:\xampp7\htdocs\apps\dinkop\vendor\codeigniter4\framework\system\CodeIgniter.php(312): CodeIgniter\CodeIgniter->handleRequest(NULL, Object(Config\Cache), false)
#10 C:\xampp7\htdocs\apps\dinkop\public\index.php(45): CodeIgniter\CodeIgniter->run()
#11 {main}
