CRITICAL - 2020-12-23 23:18:41 --> Unable to connect to the database.
#0 D:\xampp\htdocs\sidamis\vendor\codeigniter4\framework\system\Database\BaseConnection.php(646): CodeIgniter\Database\BaseConnection->initialize()
#1 D:\xampp\htdocs\sidamis\vendor\codeigniter4\framework\system\Database\BaseBuilder.php(1860): CodeIgniter\Database\BaseConnection->query('SELECT *\nFROM "...', Array, false)
#2 D:\xampp\htdocs\sidamis\app\Models\Home_model.php(12): CodeIgniter\Database\BaseBuilder->get()
#3 D:\xampp\htdocs\sidamis\app\Controllers\Home.php(12): App\Models\home_model->get('slide')
#4 D:\xampp\htdocs\sidamis\vendor\codeigniter4\framework\system\CodeIgniter.php(918): App\Controllers\Home->index()
#5 D:\xampp\htdocs\sidamis\vendor\codeigniter4\framework\system\CodeIgniter.php(404): CodeIgniter\CodeIgniter->runController(Object(App\Controllers\Home))
#6 D:\xampp\htdocs\sidamis\vendor\codeigniter4\framework\system\CodeIgniter.php(312): CodeIgniter\CodeIgniter->handleRequest(NULL, Object(Config\Cache), false)
#7 D:\xampp\htdocs\sidamis\public\index.php(45): CodeIgniter\CodeIgniter->run()
#8 {main}
CRITICAL - 2020-12-23 23:19:28 --> Unable to connect to the database.
#0 D:\xampp\htdocs\sidamis\vendor\codeigniter4\framework\system\Database\BaseConnection.php(646): CodeIgniter\Database\BaseConnection->initialize()
#1 D:\xampp\htdocs\sidamis\vendor\codeigniter4\framework\system\Database\BaseBuilder.php(1860): CodeIgniter\Database\BaseConnection->query('SELECT *\nFROM "...', Array, false)
#2 D:\xampp\htdocs\sidamis\app\Models\Home_model.php(12): CodeIgniter\Database\BaseBuilder->get()
#3 D:\xampp\htdocs\sidamis\app\Controllers\Home.php(12): App\Models\home_model->get('slide')
#4 D:\xampp\htdocs\sidamis\vendor\codeigniter4\framework\system\CodeIgniter.php(918): App\Controllers\Home->index()
#5 D:\xampp\htdocs\sidamis\vendor\codeigniter4\framework\system\CodeIgniter.php(404): CodeIgniter\CodeIgniter->runController(Object(App\Controllers\Home))
#6 D:\xampp\htdocs\sidamis\vendor\codeigniter4\framework\system\CodeIgniter.php(312): CodeIgniter\CodeIgniter->handleRequest(NULL, Object(Config\Cache), false)
#7 D:\xampp\htdocs\sidamis\public\index.php(45): CodeIgniter\CodeIgniter->run()
#8 {main}
CRITICAL - 2020-12-23 23:19:49 --> Unable to connect to the database.
#0 D:\xampp\htdocs\sidamis\vendor\codeigniter4\framework\system\Database\BaseConnection.php(646): CodeIgniter\Database\BaseConnection->initialize()
#1 D:\xampp\htdocs\sidamis\vendor\codeigniter4\framework\system\Database\BaseBuilder.php(1860): CodeIgniter\Database\BaseConnection->query('SELECT *\nFROM "...', Array, false)
#2 D:\xampp\htdocs\sidamis\app\Models\Home_model.php(12): CodeIgniter\Database\BaseBuilder->get()
#3 D:\xampp\htdocs\sidamis\app\Controllers\Home.php(12): App\Models\home_model->get('slide')
#4 D:\xampp\htdocs\sidamis\vendor\codeigniter4\framework\system\CodeIgniter.php(918): App\Controllers\Home->index()
#5 D:\xampp\htdocs\sidamis\vendor\codeigniter4\framework\system\CodeIgniter.php(404): CodeIgniter\CodeIgniter->runController(Object(App\Controllers\Home))
#6 D:\xampp\htdocs\sidamis\vendor\codeigniter4\framework\system\CodeIgniter.php(312): CodeIgniter\CodeIgniter->handleRequest(NULL, Object(Config\Cache), false)
#7 D:\xampp\htdocs\sidamis\public\index.php(45): CodeIgniter\CodeIgniter->run()
#8 {main}
CRITICAL - 2020-12-23 23:19:50 --> Unable to connect to the database.
#0 D:\xampp\htdocs\sidamis\vendor\codeigniter4\framework\system\Database\BaseConnection.php(646): CodeIgniter\Database\BaseConnection->initialize()
#1 D:\xampp\htdocs\sidamis\vendor\codeigniter4\framework\system\Database\BaseBuilder.php(1860): CodeIgniter\Database\BaseConnection->query('SELECT *\nFROM "...', Array, false)
#2 D:\xampp\htdocs\sidamis\app\Models\Home_model.php(12): CodeIgniter\Database\BaseBuilder->get()
#3 D:\xampp\htdocs\sidamis\app\Controllers\Home.php(12): App\Models\home_model->get('slide')
#4 D:\xampp\htdocs\sidamis\vendor\codeigniter4\framework\system\CodeIgniter.php(918): App\Controllers\Home->index()
#5 D:\xampp\htdocs\sidamis\vendor\codeigniter4\framework\system\CodeIgniter.php(404): CodeIgniter\CodeIgniter->runController(Object(App\Controllers\Home))
#6 D:\xampp\htdocs\sidamis\vendor\codeigniter4\framework\system\CodeIgniter.php(312): CodeIgniter\CodeIgniter->handleRequest(NULL, Object(Config\Cache), false)
#7 D:\xampp\htdocs\sidamis\public\index.php(45): CodeIgniter\CodeIgniter->run()
#8 {main}
CRITICAL - 2020-12-23 23:22:39 --> Undefined index: layanan_nama
#0 D:\xampp\htdocs\sidamis\app\Libraries\SmartComponent\Form.php(141): CodeIgniter\Debug\Exceptions->errorHandler(8, 'Undefined index...', 'D:\\xampp\\htdocs...', 141, Array)
#1 D:\xampp\htdocs\sidamis\app\Controllers\Admin\Layanan.php(96): App\Libraries\SmartComponent\Form->add('layanan_nama', 'Nama layanan', 'text', false, NULL, 'style="width:10...')
#2 D:\xampp\htdocs\sidamis\app\Controllers\Admin\Layanan.php(14): App\Controllers\Admin\Layanan->search()
#3 D:\xampp\htdocs\sidamis\vendor\codeigniter4\framework\system\CodeIgniter.php(918): App\Controllers\Admin\Layanan->index()
#4 D:\xampp\htdocs\sidamis\vendor\codeigniter4\framework\system\CodeIgniter.php(404): CodeIgniter\CodeIgniter->runController(Object(App\Controllers\Admin\Layanan))
#5 D:\xampp\htdocs\sidamis\vendor\codeigniter4\framework\system\CodeIgniter.php(312): CodeIgniter\CodeIgniter->handleRequest(NULL, Object(Config\Cache), false)
#6 D:\xampp\htdocs\sidamis\public\index.php(45): CodeIgniter\CodeIgniter->run()
#7 {main}
CRITICAL - 2020-12-23 23:27:00 --> Undefined index: layanan_judul
#0 D:\xampp\htdocs\sidamis\app\Libraries\SmartComponent\Form.php(141): CodeIgniter\Debug\Exceptions->errorHandler(8, 'Undefined index...', 'D:\\xampp\\htdocs...', 141, Array)
#1 D:\xampp\htdocs\sidamis\app\Controllers\Admin\Layanan.php(96): App\Libraries\SmartComponent\Form->add('layanan_judul', 'Nama layanan', 'text', false, NULL, 'style="width:10...')
#2 D:\xampp\htdocs\sidamis\app\Controllers\Admin\Layanan.php(14): App\Controllers\Admin\Layanan->search()
#3 D:\xampp\htdocs\sidamis\vendor\codeigniter4\framework\system\CodeIgniter.php(918): App\Controllers\Admin\Layanan->index()
#4 D:\xampp\htdocs\sidamis\vendor\codeigniter4\framework\system\CodeIgniter.php(404): CodeIgniter\CodeIgniter->runController(Object(App\Controllers\Admin\Layanan))
#5 D:\xampp\htdocs\sidamis\vendor\codeigniter4\framework\system\CodeIgniter.php(312): CodeIgniter\CodeIgniter->handleRequest(NULL, Object(Config\Cache), false)
#6 D:\xampp\htdocs\sidamis\public\index.php(45): CodeIgniter\CodeIgniter->run()
#7 {main}
CRITICAL - 2020-12-23 23:27:05 --> Undefined index: layanan_judul
#0 D:\xampp\htdocs\sidamis\app\Libraries\SmartComponent\Form.php(141): CodeIgniter\Debug\Exceptions->errorHandler(8, 'Undefined index...', 'D:\\xampp\\htdocs...', 141, Array)
#1 D:\xampp\htdocs\sidamis\app\Controllers\Admin\Layanan.php(96): App\Libraries\SmartComponent\Form->add('layanan_judul', 'Nama layanan', 'text', false, 'aghgh', 'style="width:10...')
#2 D:\xampp\htdocs\sidamis\app\Controllers\Admin\Layanan.php(14): App\Controllers\Admin\Layanan->search()
#3 D:\xampp\htdocs\sidamis\vendor\codeigniter4\framework\system\CodeIgniter.php(918): App\Controllers\Admin\Layanan->index()
#4 D:\xampp\htdocs\sidamis\vendor\codeigniter4\framework\system\CodeIgniter.php(404): CodeIgniter\CodeIgniter->runController(Object(App\Controllers\Admin\Layanan))
#5 D:\xampp\htdocs\sidamis\vendor\codeigniter4\framework\system\CodeIgniter.php(312): CodeIgniter\CodeIgniter->handleRequest(NULL, Object(Config\Cache), false)
#6 D:\xampp\htdocs\sidamis\public\index.php(45): CodeIgniter\CodeIgniter->run()
#7 {main}
CRITICAL - 2020-12-23 23:29:02 --> Undefined index: layanan_nama
#0 D:\xampp\htdocs\sidamis\app\Libraries\SmartComponent\Form.php(141): CodeIgniter\Debug\Exceptions->errorHandler(8, 'Undefined index...', 'D:\\xampp\\htdocs...', 141, Array)
#1 D:\xampp\htdocs\sidamis\app\Controllers\Admin\Layanan.php(96): App\Libraries\SmartComponent\Form->add('layanan_nama', 'Nama layanan', 'text', false, NULL, 'style="width:10...')
#2 D:\xampp\htdocs\sidamis\app\Controllers\Admin\Layanan.php(14): App\Controllers\Admin\Layanan->search()
#3 D:\xampp\htdocs\sidamis\vendor\codeigniter4\framework\system\CodeIgniter.php(918): App\Controllers\Admin\Layanan->index()
#4 D:\xampp\htdocs\sidamis\vendor\codeigniter4\framework\system\CodeIgniter.php(404): CodeIgniter\CodeIgniter->runController(Object(App\Controllers\Admin\Layanan))
#5 D:\xampp\htdocs\sidamis\vendor\codeigniter4\framework\system\CodeIgniter.php(312): CodeIgniter\CodeIgniter->handleRequest(NULL, Object(Config\Cache), false)
#6 D:\xampp\htdocs\sidamis\public\index.php(45): CodeIgniter\CodeIgniter->run()
#7 {main}
CRITICAL - 2020-12-23 23:38:18 --> pg_query(): Query failed: ERROR:  duplicate key value violates unique constraint &quot;layanan_pkey&quot;
DETAIL:  Key (layanan_id)=(1) already exists.
#0 [internal function]: CodeIgniter\Debug\Exceptions->errorHandler(2, 'pg_query(): Que...', 'D:\\xampp\\htdocs...', 196, Array)
#1 D:\xampp\htdocs\sidamis\vendor\codeigniter4\framework\system\Database\Postgre\Connection.php(196): pg_query(Resource id #187, 'INSERT INTO "pu...')
#2 D:\xampp\htdocs\sidamis\vendor\codeigniter4\framework\system\Database\BaseConnection.php(741): CodeIgniter\Database\Postgre\Connection->execute('INSERT INTO "pu...')
#3 D:\xampp\htdocs\sidamis\vendor\codeigniter4\framework\system\Database\BaseConnection.php(669): CodeIgniter\Database\BaseConnection->simpleQuery('INSERT INTO "pu...')
#4 D:\xampp\htdocs\sidamis\vendor\codeigniter4\framework\system\Database\BaseBuilder.php(2249): CodeIgniter\Database\BaseConnection->query('INSERT INTO "pu...', Array, false)
#5 D:\xampp\htdocs\sidamis\app\Controllers\Admin\Layanan.php(153): CodeIgniter\Database\BaseBuilder->insert(Array)
#6 D:\xampp\htdocs\sidamis\app\Controllers\Admin\Layanan.php(103): App\Controllers\Admin\Layanan->form()
#7 D:\xampp\htdocs\sidamis\vendor\codeigniter4\framework\system\CodeIgniter.php(918): App\Controllers\Admin\Layanan->add()
#8 D:\xampp\htdocs\sidamis\vendor\codeigniter4\framework\system\CodeIgniter.php(404): CodeIgniter\CodeIgniter->runController(Object(App\Controllers\Admin\Layanan))
#9 D:\xampp\htdocs\sidamis\vendor\codeigniter4\framework\system\CodeIgniter.php(312): CodeIgniter\CodeIgniter->handleRequest(NULL, Object(Config\Cache), false)
#10 D:\xampp\htdocs\sidamis\public\index.php(45): CodeIgniter\CodeIgniter->run()
#11 {main}
CRITICAL - 2020-12-23 23:48:09 --> pg_query(): Query failed: ERROR:  invalid input syntax for integer: &quot;6/tes&quot;
LINE 2: WHERE &quot;layanan_id&quot; = '6/tes'
                             ^
#0 [internal function]: CodeIgniter\Debug\Exceptions->errorHandler(2, 'pg_query(): Que...', 'D:\\xampp\\htdocs...', 196, Array)
#1 D:\xampp\htdocs\sidamis\vendor\codeigniter4\framework\system\Database\Postgre\Connection.php(196): pg_query(Resource id #181, 'DELETE FROM "la...')
#2 D:\xampp\htdocs\sidamis\vendor\codeigniter4\framework\system\Database\BaseConnection.php(741): CodeIgniter\Database\Postgre\Connection->execute('DELETE FROM "la...')
#3 D:\xampp\htdocs\sidamis\vendor\codeigniter4\framework\system\Database\BaseConnection.php(669): CodeIgniter\Database\BaseConnection->simpleQuery('DELETE FROM "la...')
#4 D:\xampp\htdocs\sidamis\vendor\codeigniter4\framework\system\Database\BaseBuilder.php(2853): CodeIgniter\Database\BaseConnection->query('DELETE FROM "la...', Array, false)
#5 D:\xampp\htdocs\sidamis\vendor\codeigniter4\framework\system\Database\Postgre\Builder.php(259): CodeIgniter\Database\BaseBuilder->delete(Array, NULL, true)
#6 D:\xampp\htdocs\sidamis\app\Controllers\Admin\Layanan.php(118): CodeIgniter\Database\Postgre\Builder->delete(Array)
#7 D:\xampp\htdocs\sidamis\vendor\codeigniter4\framework\system\CodeIgniter.php(918): App\Controllers\Admin\Layanan->delete()
#8 D:\xampp\htdocs\sidamis\vendor\codeigniter4\framework\system\CodeIgniter.php(404): CodeIgniter\CodeIgniter->runController(Object(App\Controllers\Admin\Layanan))
#9 D:\xampp\htdocs\sidamis\vendor\codeigniter4\framework\system\CodeIgniter.php(312): CodeIgniter\CodeIgniter->handleRequest(NULL, Object(Config\Cache), false)
#10 D:\xampp\htdocs\sidamis\public\index.php(45): CodeIgniter\CodeIgniter->run()
#11 {main}
CRITICAL - 2020-12-23 23:48:10 --> Uncaught CodeIgniter\Format\Exceptions\FormatException: Failed to parse json string, error: "Type is not supported". in D:\xampp\htdocs\sidamis\vendor\codeigniter4\framework\system\Format\Exceptions\FormatException.php:9
Stack trace:
#0 D:\xampp\htdocs\sidamis\vendor\codeigniter4\framework\system\Format\JSONFormatter.php(71): CodeIgniter\Format\Exceptions\FormatException::forInvalidJSON('Type is not sup...')
#1 D:\xampp\htdocs\sidamis\vendor\codeigniter4\framework\system\API\ResponseTrait.php(414): CodeIgniter\Format\JSONFormatter->format(Array)
#2 D:\xampp\htdocs\sidamis\vendor\codeigniter4\framework\system\API\ResponseTrait.php(134): CodeIgniter\Debug\Exceptions->format(Array)
#3 D:\xampp\htdocs\sidamis\vendor\codeigniter4\framework\system\Debug\Exceptions.php(168): CodeIgniter\Debug\Exceptions->respond(Array, 500)
#4 [internal function]: CodeIgniter\Debug\Exceptions->exceptionHandler(Object(ErrorException))
#5 {main}
  thrown
#0 [internal function]: CodeIgniter\Debug\Exceptions->shutdownHandler()
#1 {main}
CRITICAL - 2020-12-23 23:50:17 --> pg_query(): Query failed: ERROR:  invalid input syntax for integer: &quot;6/tes&quot;
LINE 2: WHERE &quot;layanan_id&quot; = '6/tes'
                             ^
#0 [internal function]: CodeIgniter\Debug\Exceptions->errorHandler(2, 'pg_query(): Que...', 'D:\\xampp\\htdocs...', 196, Array)
#1 D:\xampp\htdocs\sidamis\vendor\codeigniter4\framework\system\Database\Postgre\Connection.php(196): pg_query(Resource id #181, 'DELETE FROM "la...')
#2 D:\xampp\htdocs\sidamis\vendor\codeigniter4\framework\system\Database\BaseConnection.php(741): CodeIgniter\Database\Postgre\Connection->execute('DELETE FROM "la...')
#3 D:\xampp\htdocs\sidamis\vendor\codeigniter4\framework\system\Database\BaseConnection.php(669): CodeIgniter\Database\BaseConnection->simpleQuery('DELETE FROM "la...')
#4 D:\xampp\htdocs\sidamis\vendor\codeigniter4\framework\system\Database\BaseBuilder.php(2853): CodeIgniter\Database\BaseConnection->query('DELETE FROM "la...', Array, false)
#5 D:\xampp\htdocs\sidamis\vendor\codeigniter4\framework\system\Database\Postgre\Builder.php(259): CodeIgniter\Database\BaseBuilder->delete(Array, NULL, true)
#6 D:\xampp\htdocs\sidamis\app\Controllers\Admin\Layanan.php(118): CodeIgniter\Database\Postgre\Builder->delete(Array)
#7 D:\xampp\htdocs\sidamis\vendor\codeigniter4\framework\system\CodeIgniter.php(918): App\Controllers\Admin\Layanan->delete()
#8 D:\xampp\htdocs\sidamis\vendor\codeigniter4\framework\system\CodeIgniter.php(404): CodeIgniter\CodeIgniter->runController(Object(App\Controllers\Admin\Layanan))
#9 D:\xampp\htdocs\sidamis\vendor\codeigniter4\framework\system\CodeIgniter.php(312): CodeIgniter\CodeIgniter->handleRequest(NULL, Object(Config\Cache), false)
#10 D:\xampp\htdocs\sidamis\public\index.php(45): CodeIgniter\CodeIgniter->run()
#11 {main}
CRITICAL - 2020-12-23 23:50:17 --> Uncaught CodeIgniter\Format\Exceptions\FormatException: Failed to parse json string, error: "Type is not supported". in D:\xampp\htdocs\sidamis\vendor\codeigniter4\framework\system\Format\Exceptions\FormatException.php:9
Stack trace:
#0 D:\xampp\htdocs\sidamis\vendor\codeigniter4\framework\system\Format\JSONFormatter.php(71): CodeIgniter\Format\Exceptions\FormatException::forInvalidJSON('Type is not sup...')
#1 D:\xampp\htdocs\sidamis\vendor\codeigniter4\framework\system\API\ResponseTrait.php(414): CodeIgniter\Format\JSONFormatter->format(Array)
#2 D:\xampp\htdocs\sidamis\vendor\codeigniter4\framework\system\API\ResponseTrait.php(134): CodeIgniter\Debug\Exceptions->format(Array)
#3 D:\xampp\htdocs\sidamis\vendor\codeigniter4\framework\system\Debug\Exceptions.php(168): CodeIgniter\Debug\Exceptions->respond(Array, 500)
#4 [internal function]: CodeIgniter\Debug\Exceptions->exceptionHandler(Object(ErrorException))
#5 {main}
  thrown
#0 [internal function]: CodeIgniter\Debug\Exceptions->shutdownHandler()
#1 {main}
CRITICAL - 2020-12-23 23:51:20 --> pg_query(): Query failed: ERROR:  invalid input syntax for integer: &quot;6/tes&quot;
LINE 2: WHERE &quot;layanan_id&quot; = '6/tes'
                             ^
#0 [internal function]: CodeIgniter\Debug\Exceptions->errorHandler(2, 'pg_query(): Que...', 'D:\\xampp\\htdocs...', 196, Array)
#1 D:\xampp\htdocs\sidamis\vendor\codeigniter4\framework\system\Database\Postgre\Connection.php(196): pg_query(Resource id #181, 'DELETE FROM "la...')
#2 D:\xampp\htdocs\sidamis\vendor\codeigniter4\framework\system\Database\BaseConnection.php(741): CodeIgniter\Database\Postgre\Connection->execute('DELETE FROM "la...')
#3 D:\xampp\htdocs\sidamis\vendor\codeigniter4\framework\system\Database\BaseConnection.php(669): CodeIgniter\Database\BaseConnection->simpleQuery('DELETE FROM "la...')
#4 D:\xampp\htdocs\sidamis\vendor\codeigniter4\framework\system\Database\BaseBuilder.php(2853): CodeIgniter\Database\BaseConnection->query('DELETE FROM "la...', Array, false)
#5 D:\xampp\htdocs\sidamis\vendor\codeigniter4\framework\system\Database\Postgre\Builder.php(259): CodeIgniter\Database\BaseBuilder->delete(Array, NULL, true)
#6 D:\xampp\htdocs\sidamis\app\Controllers\Admin\Layanan.php(118): CodeIgniter\Database\Postgre\Builder->delete(Array)
#7 D:\xampp\htdocs\sidamis\vendor\codeigniter4\framework\system\CodeIgniter.php(918): App\Controllers\Admin\Layanan->delete()
#8 D:\xampp\htdocs\sidamis\vendor\codeigniter4\framework\system\CodeIgniter.php(404): CodeIgniter\CodeIgniter->runController(Object(App\Controllers\Admin\Layanan))
#9 D:\xampp\htdocs\sidamis\vendor\codeigniter4\framework\system\CodeIgniter.php(312): CodeIgniter\CodeIgniter->handleRequest(NULL, Object(Config\Cache), false)
#10 D:\xampp\htdocs\sidamis\public\index.php(45): CodeIgniter\CodeIgniter->run()
#11 {main}
CRITICAL - 2020-12-23 23:51:20 --> Uncaught CodeIgniter\Format\Exceptions\FormatException: Failed to parse json string, error: "Type is not supported". in D:\xampp\htdocs\sidamis\vendor\codeigniter4\framework\system\Format\Exceptions\FormatException.php:9
Stack trace:
#0 D:\xampp\htdocs\sidamis\vendor\codeigniter4\framework\system\Format\JSONFormatter.php(71): CodeIgniter\Format\Exceptions\FormatException::forInvalidJSON('Type is not sup...')
#1 D:\xampp\htdocs\sidamis\vendor\codeigniter4\framework\system\API\ResponseTrait.php(414): CodeIgniter\Format\JSONFormatter->format(Array)
#2 D:\xampp\htdocs\sidamis\vendor\codeigniter4\framework\system\API\ResponseTrait.php(134): CodeIgniter\Debug\Exceptions->format(Array)
#3 D:\xampp\htdocs\sidamis\vendor\codeigniter4\framework\system\Debug\Exceptions.php(168): CodeIgniter\Debug\Exceptions->respond(Array, 500)
#4 [internal function]: CodeIgniter\Debug\Exceptions->exceptionHandler(Object(ErrorException))
#5 {main}
  thrown
#0 [internal function]: CodeIgniter\Debug\Exceptions->shutdownHandler()
#1 {main}
CRITICAL - 2020-12-23 23:56:39 --> The original file is not a valid file.
#0 D:\xampp\htdocs\sidamis\vendor\codeigniter4\framework\system\HTTP\Files\UploadedFile.php(172): CodeIgniter\HTTP\Exceptions\HTTPException::forInvalidFile()
#1 D:\xampp\htdocs\sidamis\app\Controllers\Admin\Layanan.php(148): CodeIgniter\HTTP\Files\UploadedFile->move('./uploads/layan...', '1608789399_7fe5...')
#2 D:\xampp\htdocs\sidamis\app\Controllers\Admin\Layanan.php(113): App\Controllers\Admin\Layanan->form('1')
#3 D:\xampp\htdocs\sidamis\vendor\codeigniter4\framework\system\CodeIgniter.php(918): App\Controllers\Admin\Layanan->edit('1')
#4 D:\xampp\htdocs\sidamis\vendor\codeigniter4\framework\system\CodeIgniter.php(404): CodeIgniter\CodeIgniter->runController(Object(App\Controllers\Admin\Layanan))
#5 D:\xampp\htdocs\sidamis\vendor\codeigniter4\framework\system\CodeIgniter.php(312): CodeIgniter\CodeIgniter->handleRequest(NULL, Object(Config\Cache), false)
#6 D:\xampp\htdocs\sidamis\public\index.php(45): CodeIgniter\CodeIgniter->run()
#7 {main}
