CRITICAL - 2020-11-30 01:41:54 --> pg_query(): Query failed: ERROR:  column &quot;kunci&quot; does not exist
LINE 5:                 from survey order by kunci asc limit 25 offs...
                                             ^
#0 [internal function]: CodeIgniter\Debug\Exceptions->errorHandler(2, 'pg_query(): Que...', 'C:\\xampp7\\htdoc...', 196, Array)
#1 C:\xampp7\htdocs\apps\dinkop\vendor\codeigniter4\framework\system\Database\Postgre\Connection.php(196): pg_query(Resource id #181, 'SELECT\r\n       ...')
#2 C:\xampp7\htdocs\apps\dinkop\vendor\codeigniter4\framework\system\Database\BaseConnection.php(741): CodeIgniter\Database\Postgre\Connection->execute('SELECT\r\n       ...')
#3 C:\xampp7\htdocs\apps\dinkop\vendor\codeigniter4\framework\system\Database\BaseConnection.php(669): CodeIgniter\Database\BaseConnection->simpleQuery('SELECT\r\n       ...')
#4 C:\xampp7\htdocs\apps\dinkop\app\Libraries\SmartComponent\Datasource.php(73): CodeIgniter\Database\BaseConnection->query('SELECT\r\n       ...')
#5 C:\xampp7\htdocs\apps\dinkop\app\Libraries\SmartComponent\Grid.php(155): App\Libraries\SmartComponent\Datasource->run()
#6 C:\xampp7\htdocs\apps\dinkop\app\Libraries\SmartComponent\Grid.php(119): App\Libraries\SmartComponent\Grid->get_datasource()
#7 C:\xampp7\htdocs\apps\dinkop\app\Controllers\Admin\Survey.php(76): App\Libraries\SmartComponent\Grid->output()
#8 C:\xampp7\htdocs\apps\dinkop\vendor\codeigniter4\framework\system\CodeIgniter.php(918): App\Controllers\Admin\Survey->grid_survey()
#9 C:\xampp7\htdocs\apps\dinkop\vendor\codeigniter4\framework\system\CodeIgniter.php(404): CodeIgniter\CodeIgniter->runController(Object(App\Controllers\Admin\Survey))
#10 C:\xampp7\htdocs\apps\dinkop\vendor\codeigniter4\framework\system\CodeIgniter.php(312): CodeIgniter\CodeIgniter->handleRequest(NULL, Object(Config\Cache), false)
#11 C:\xampp7\htdocs\apps\dinkop\public\index.php(45): CodeIgniter\CodeIgniter->run()
#12 {main}
CRITICAL - 2020-11-30 01:41:55 --> Uncaught CodeIgniter\Format\Exceptions\FormatException: Failed to parse json string, error: "Type is not supported". in C:\xampp7\htdocs\apps\dinkop\vendor\codeigniter4\framework\system\Format\Exceptions\FormatException.php:9
Stack trace:
#0 C:\xampp7\htdocs\apps\dinkop\vendor\codeigniter4\framework\system\Format\JSONFormatter.php(71): CodeIgniter\Format\Exceptions\FormatException::forInvalidJSON('Type is not sup...')
#1 C:\xampp7\htdocs\apps\dinkop\vendor\codeigniter4\framework\system\API\ResponseTrait.php(414): CodeIgniter\Format\JSONFormatter->format(Array)
#2 C:\xampp7\htdocs\apps\dinkop\vendor\codeigniter4\framework\system\API\ResponseTrait.php(134): CodeIgniter\Debug\Exceptions->format(Array)
#3 C:\xampp7\htdocs\apps\dinkop\vendor\codeigniter4\framework\system\Debug\Exceptions.php(168): CodeIgniter\Debug\Exceptions->respond(Array, 500)
#4 [internal function]: CodeIgniter\Debug\Exceptions->exceptionHandler(Object(ErrorException))
#5 {main}
  thrown
#0 [internal function]: CodeIgniter\Debug\Exceptions->shutdownHandler()
#1 {main}
CRITICAL - 2020-11-30 01:42:34 --> pg_query(): Query failed: ERROR:  column &quot;survey_hasil_lock_is&quot; does not exist
LINE 5:                     case when survey_hasil_lock_is is true t...
                                      ^
#0 [internal function]: CodeIgniter\Debug\Exceptions->errorHandler(2, 'pg_query(): Que...', 'C:\\xampp7\\htdoc...', 196, Array)
#1 C:\xampp7\htdocs\apps\dinkop\vendor\codeigniter4\framework\system\Database\Postgre\Connection.php(196): pg_query(Resource id #181, 'SELECT\r\n       ...')
#2 C:\xampp7\htdocs\apps\dinkop\vendor\codeigniter4\framework\system\Database\BaseConnection.php(741): CodeIgniter\Database\Postgre\Connection->execute('SELECT\r\n       ...')
#3 C:\xampp7\htdocs\apps\dinkop\vendor\codeigniter4\framework\system\Database\BaseConnection.php(669): CodeIgniter\Database\BaseConnection->simpleQuery('SELECT\r\n       ...')
#4 C:\xampp7\htdocs\apps\dinkop\app\Libraries\SmartComponent\Datasource.php(73): CodeIgniter\Database\BaseConnection->query('SELECT\r\n       ...')
#5 C:\xampp7\htdocs\apps\dinkop\app\Libraries\SmartComponent\Grid.php(155): App\Libraries\SmartComponent\Datasource->run()
#6 C:\xampp7\htdocs\apps\dinkop\app\Libraries\SmartComponent\Grid.php(119): App\Libraries\SmartComponent\Grid->get_datasource()
#7 C:\xampp7\htdocs\apps\dinkop\app\Controllers\Admin\Survey.php(77): App\Libraries\SmartComponent\Grid->output()
#8 C:\xampp7\htdocs\apps\dinkop\vendor\codeigniter4\framework\system\CodeIgniter.php(918): App\Controllers\Admin\Survey->grid_survey()
#9 C:\xampp7\htdocs\apps\dinkop\vendor\codeigniter4\framework\system\CodeIgniter.php(404): CodeIgniter\CodeIgniter->runController(Object(App\Controllers\Admin\Survey))
#10 C:\xampp7\htdocs\apps\dinkop\vendor\codeigniter4\framework\system\CodeIgniter.php(312): CodeIgniter\CodeIgniter->handleRequest(NULL, Object(Config\Cache), false)
#11 C:\xampp7\htdocs\apps\dinkop\public\index.php(45): CodeIgniter\CodeIgniter->run()
#12 {main}
CRITICAL - 2020-11-30 01:42:34 --> Uncaught CodeIgniter\Format\Exceptions\FormatException: Failed to parse json string, error: "Type is not supported". in C:\xampp7\htdocs\apps\dinkop\vendor\codeigniter4\framework\system\Format\Exceptions\FormatException.php:9
Stack trace:
#0 C:\xampp7\htdocs\apps\dinkop\vendor\codeigniter4\framework\system\Format\JSONFormatter.php(71): CodeIgniter\Format\Exceptions\FormatException::forInvalidJSON('Type is not sup...')
#1 C:\xampp7\htdocs\apps\dinkop\vendor\codeigniter4\framework\system\API\ResponseTrait.php(414): CodeIgniter\Format\JSONFormatter->format(Array)
#2 C:\xampp7\htdocs\apps\dinkop\vendor\codeigniter4\framework\system\API\ResponseTrait.php(134): CodeIgniter\Debug\Exceptions->format(Array)
#3 C:\xampp7\htdocs\apps\dinkop\vendor\codeigniter4\framework\system\Debug\Exceptions.php(168): CodeIgniter\Debug\Exceptions->respond(Array, 500)
#4 [internal function]: CodeIgniter\Debug\Exceptions->exceptionHandler(Object(ErrorException))
#5 {main}
  thrown
#0 [internal function]: CodeIgniter\Debug\Exceptions->shutdownHandler()
#1 {main}
CRITICAL - 2020-11-30 01:43:02 --> pg_query(): Query failed: ERROR:  column &quot;survey_hasil_lock_is&quot; does not exist
LINE 5:                     case when survey_hasil_lock_is is true t...
                                      ^
#0 [internal function]: CodeIgniter\Debug\Exceptions->errorHandler(2, 'pg_query(): Que...', 'C:\\xampp7\\htdoc...', 196, Array)
#1 C:\xampp7\htdocs\apps\dinkop\vendor\codeigniter4\framework\system\Database\Postgre\Connection.php(196): pg_query(Resource id #181, 'SELECT\r\n       ...')
#2 C:\xampp7\htdocs\apps\dinkop\vendor\codeigniter4\framework\system\Database\BaseConnection.php(741): CodeIgniter\Database\Postgre\Connection->execute('SELECT\r\n       ...')
#3 C:\xampp7\htdocs\apps\dinkop\vendor\codeigniter4\framework\system\Database\BaseConnection.php(669): CodeIgniter\Database\BaseConnection->simpleQuery('SELECT\r\n       ...')
#4 C:\xampp7\htdocs\apps\dinkop\app\Libraries\SmartComponent\Datasource.php(73): CodeIgniter\Database\BaseConnection->query('SELECT\r\n       ...')
#5 C:\xampp7\htdocs\apps\dinkop\app\Libraries\SmartComponent\Grid.php(155): App\Libraries\SmartComponent\Datasource->run()
#6 C:\xampp7\htdocs\apps\dinkop\app\Libraries\SmartComponent\Grid.php(119): App\Libraries\SmartComponent\Grid->get_datasource()
#7 C:\xampp7\htdocs\apps\dinkop\app\Controllers\Admin\Survey.php(77): App\Libraries\SmartComponent\Grid->output()
#8 C:\xampp7\htdocs\apps\dinkop\vendor\codeigniter4\framework\system\CodeIgniter.php(918): App\Controllers\Admin\Survey->grid_survey()
#9 C:\xampp7\htdocs\apps\dinkop\vendor\codeigniter4\framework\system\CodeIgniter.php(404): CodeIgniter\CodeIgniter->runController(Object(App\Controllers\Admin\Survey))
#10 C:\xampp7\htdocs\apps\dinkop\vendor\codeigniter4\framework\system\CodeIgniter.php(312): CodeIgniter\CodeIgniter->handleRequest(NULL, Object(Config\Cache), false)
#11 C:\xampp7\htdocs\apps\dinkop\public\index.php(45): CodeIgniter\CodeIgniter->run()
#12 {main}
CRITICAL - 2020-11-30 01:43:02 --> Uncaught CodeIgniter\Format\Exceptions\FormatException: Failed to parse json string, error: "Type is not supported". in C:\xampp7\htdocs\apps\dinkop\vendor\codeigniter4\framework\system\Format\Exceptions\FormatException.php:9
Stack trace:
#0 C:\xampp7\htdocs\apps\dinkop\vendor\codeigniter4\framework\system\Format\JSONFormatter.php(71): CodeIgniter\Format\Exceptions\FormatException::forInvalidJSON('Type is not sup...')
#1 C:\xampp7\htdocs\apps\dinkop\vendor\codeigniter4\framework\system\API\ResponseTrait.php(414): CodeIgniter\Format\JSONFormatter->format(Array)
#2 C:\xampp7\htdocs\apps\dinkop\vendor\codeigniter4\framework\system\API\ResponseTrait.php(134): CodeIgniter\Debug\Exceptions->format(Array)
#3 C:\xampp7\htdocs\apps\dinkop\vendor\codeigniter4\framework\system\Debug\Exceptions.php(168): CodeIgniter\Debug\Exceptions->respond(Array, 500)
#4 [internal function]: CodeIgniter\Debug\Exceptions->exceptionHandler(Object(ErrorException))
#5 {main}
  thrown
#0 [internal function]: CodeIgniter\Debug\Exceptions->shutdownHandler()
#1 {main}
CRITICAL - 2020-11-30 01:43:11 --> pg_query(): Query failed: ERROR:  column &quot;survey_hasil_lock_is&quot; does not exist
LINE 5:                     case when survey_hasil_lock_is is true t...
                                      ^
#0 [internal function]: CodeIgniter\Debug\Exceptions->errorHandler(2, 'pg_query(): Que...', 'C:\\xampp7\\htdoc...', 196, Array)
#1 C:\xampp7\htdocs\apps\dinkop\vendor\codeigniter4\framework\system\Database\Postgre\Connection.php(196): pg_query(Resource id #181, 'SELECT\r\n       ...')
#2 C:\xampp7\htdocs\apps\dinkop\vendor\codeigniter4\framework\system\Database\BaseConnection.php(741): CodeIgniter\Database\Postgre\Connection->execute('SELECT\r\n       ...')
#3 C:\xampp7\htdocs\apps\dinkop\vendor\codeigniter4\framework\system\Database\BaseConnection.php(669): CodeIgniter\Database\BaseConnection->simpleQuery('SELECT\r\n       ...')
#4 C:\xampp7\htdocs\apps\dinkop\app\Libraries\SmartComponent\Datasource.php(73): CodeIgniter\Database\BaseConnection->query('SELECT\r\n       ...')
#5 C:\xampp7\htdocs\apps\dinkop\app\Libraries\SmartComponent\Grid.php(155): App\Libraries\SmartComponent\Datasource->run()
#6 C:\xampp7\htdocs\apps\dinkop\app\Libraries\SmartComponent\Grid.php(119): App\Libraries\SmartComponent\Grid->get_datasource()
#7 C:\xampp7\htdocs\apps\dinkop\app\Controllers\Admin\Survey.php(77): App\Libraries\SmartComponent\Grid->output()
#8 C:\xampp7\htdocs\apps\dinkop\vendor\codeigniter4\framework\system\CodeIgniter.php(918): App\Controllers\Admin\Survey->grid_survey()
#9 C:\xampp7\htdocs\apps\dinkop\vendor\codeigniter4\framework\system\CodeIgniter.php(404): CodeIgniter\CodeIgniter->runController(Object(App\Controllers\Admin\Survey))
#10 C:\xampp7\htdocs\apps\dinkop\vendor\codeigniter4\framework\system\CodeIgniter.php(312): CodeIgniter\CodeIgniter->handleRequest(NULL, Object(Config\Cache), false)
#11 C:\xampp7\htdocs\apps\dinkop\public\index.php(45): CodeIgniter\CodeIgniter->run()
#12 {main}
CRITICAL - 2020-11-30 01:43:11 --> Uncaught CodeIgniter\Format\Exceptions\FormatException: Failed to parse json string, error: "Type is not supported". in C:\xampp7\htdocs\apps\dinkop\vendor\codeigniter4\framework\system\Format\Exceptions\FormatException.php:9
Stack trace:
#0 C:\xampp7\htdocs\apps\dinkop\vendor\codeigniter4\framework\system\Format\JSONFormatter.php(71): CodeIgniter\Format\Exceptions\FormatException::forInvalidJSON('Type is not sup...')
#1 C:\xampp7\htdocs\apps\dinkop\vendor\codeigniter4\framework\system\API\ResponseTrait.php(414): CodeIgniter\Format\JSONFormatter->format(Array)
#2 C:\xampp7\htdocs\apps\dinkop\vendor\codeigniter4\framework\system\API\ResponseTrait.php(134): CodeIgniter\Debug\Exceptions->format(Array)
#3 C:\xampp7\htdocs\apps\dinkop\vendor\codeigniter4\framework\system\Debug\Exceptions.php(168): CodeIgniter\Debug\Exceptions->respond(Array, 500)
#4 [internal function]: CodeIgniter\Debug\Exceptions->exceptionHandler(Object(ErrorException))
#5 {main}
  thrown
#0 [internal function]: CodeIgniter\Debug\Exceptions->shutdownHandler()
#1 {main}
CRITICAL - 2020-11-30 01:44:28 --> pg_query(): Query failed: ERROR:  syntax error at or near &quot;from&quot;
LINE 6:                 from survey_tempat
                        ^
#0 [internal function]: CodeIgniter\Debug\Exceptions->errorHandler(2, 'pg_query(): Que...', 'C:\\xampp7\\htdoc...', 196, Array)
#1 C:\xampp7\htdocs\apps\dinkop\vendor\codeigniter4\framework\system\Database\Postgre\Connection.php(196): pg_query(Resource id #181, 'SELECT\r\n       ...')
#2 C:\xampp7\htdocs\apps\dinkop\vendor\codeigniter4\framework\system\Database\BaseConnection.php(741): CodeIgniter\Database\Postgre\Connection->execute('SELECT\r\n       ...')
#3 C:\xampp7\htdocs\apps\dinkop\vendor\codeigniter4\framework\system\Database\BaseConnection.php(669): CodeIgniter\Database\BaseConnection->simpleQuery('SELECT\r\n       ...')
#4 C:\xampp7\htdocs\apps\dinkop\app\Libraries\SmartComponent\Datasource.php(73): CodeIgniter\Database\BaseConnection->query('SELECT\r\n       ...')
#5 C:\xampp7\htdocs\apps\dinkop\app\Libraries\SmartComponent\Grid.php(155): App\Libraries\SmartComponent\Datasource->run()
#6 C:\xampp7\htdocs\apps\dinkop\app\Libraries\SmartComponent\Grid.php(119): App\Libraries\SmartComponent\Grid->get_datasource()
#7 C:\xampp7\htdocs\apps\dinkop\app\Controllers\Admin\SurveyHasil.php(90): App\Libraries\SmartComponent\Grid->output()
#8 C:\xampp7\htdocs\apps\dinkop\vendor\codeigniter4\framework\system\CodeIgniter.php(918): App\Controllers\Admin\SurveyHasil->grid_survey_hasil('24')
#9 C:\xampp7\htdocs\apps\dinkop\vendor\codeigniter4\framework\system\CodeIgniter.php(404): CodeIgniter\CodeIgniter->runController(Object(App\Controllers\Admin\SurveyHasil))
#10 C:\xampp7\htdocs\apps\dinkop\vendor\codeigniter4\framework\system\CodeIgniter.php(312): CodeIgniter\CodeIgniter->handleRequest(NULL, Object(Config\Cache), false)
#11 C:\xampp7\htdocs\apps\dinkop\public\index.php(45): CodeIgniter\CodeIgniter->run()
#12 {main}
CRITICAL - 2020-11-30 01:44:28 --> Uncaught CodeIgniter\Format\Exceptions\FormatException: Failed to parse json string, error: "Type is not supported". in C:\xampp7\htdocs\apps\dinkop\vendor\codeigniter4\framework\system\Format\Exceptions\FormatException.php:9
Stack trace:
#0 C:\xampp7\htdocs\apps\dinkop\vendor\codeigniter4\framework\system\Format\JSONFormatter.php(71): CodeIgniter\Format\Exceptions\FormatException::forInvalidJSON('Type is not sup...')
#1 C:\xampp7\htdocs\apps\dinkop\vendor\codeigniter4\framework\system\API\ResponseTrait.php(414): CodeIgniter\Format\JSONFormatter->format(Array)
#2 C:\xampp7\htdocs\apps\dinkop\vendor\codeigniter4\framework\system\API\ResponseTrait.php(134): CodeIgniter\Debug\Exceptions->format(Array)
#3 C:\xampp7\htdocs\apps\dinkop\vendor\codeigniter4\framework\system\Debug\Exceptions.php(168): CodeIgniter\Debug\Exceptions->respond(Array, 500)
#4 [internal function]: CodeIgniter\Debug\Exceptions->exceptionHandler(Object(ErrorException))
#5 {main}
  thrown
#0 [internal function]: CodeIgniter\Debug\Exceptions->shutdownHandler()
#1 {main}
CRITICAL - 2020-11-30 01:44:37 --> pg_query(): Query failed: ERROR:  column &quot;survey_id&quot; does not exist
LINE 5: ...k_is is true then '&lt;button onclick=&quot;buka_kunci('||survey_id|...
                                                             ^
#0 [internal function]: CodeIgniter\Debug\Exceptions->errorHandler(2, 'pg_query(): Que...', 'C:\\xampp7\\htdoc...', 196, Array)
#1 C:\xampp7\htdocs\apps\dinkop\vendor\codeigniter4\framework\system\Database\Postgre\Connection.php(196): pg_query(Resource id #181, 'SELECT\r\n       ...')
#2 C:\xampp7\htdocs\apps\dinkop\vendor\codeigniter4\framework\system\Database\BaseConnection.php(741): CodeIgniter\Database\Postgre\Connection->execute('SELECT\r\n       ...')
#3 C:\xampp7\htdocs\apps\dinkop\vendor\codeigniter4\framework\system\Database\BaseConnection.php(669): CodeIgniter\Database\BaseConnection->simpleQuery('SELECT\r\n       ...')
#4 C:\xampp7\htdocs\apps\dinkop\app\Libraries\SmartComponent\Datasource.php(73): CodeIgniter\Database\BaseConnection->query('SELECT\r\n       ...')
#5 C:\xampp7\htdocs\apps\dinkop\app\Libraries\SmartComponent\Grid.php(155): App\Libraries\SmartComponent\Datasource->run()
#6 C:\xampp7\htdocs\apps\dinkop\app\Libraries\SmartComponent\Grid.php(119): App\Libraries\SmartComponent\Grid->get_datasource()
#7 C:\xampp7\htdocs\apps\dinkop\app\Controllers\Admin\SurveyHasil.php(90): App\Libraries\SmartComponent\Grid->output()
#8 C:\xampp7\htdocs\apps\dinkop\vendor\codeigniter4\framework\system\CodeIgniter.php(918): App\Controllers\Admin\SurveyHasil->grid_survey_hasil('24')
#9 C:\xampp7\htdocs\apps\dinkop\vendor\codeigniter4\framework\system\CodeIgniter.php(404): CodeIgniter\CodeIgniter->runController(Object(App\Controllers\Admin\SurveyHasil))
#10 C:\xampp7\htdocs\apps\dinkop\vendor\codeigniter4\framework\system\CodeIgniter.php(312): CodeIgniter\CodeIgniter->handleRequest(NULL, Object(Config\Cache), false)
#11 C:\xampp7\htdocs\apps\dinkop\public\index.php(45): CodeIgniter\CodeIgniter->run()
#12 {main}
CRITICAL - 2020-11-30 01:44:37 --> Uncaught CodeIgniter\Format\Exceptions\FormatException: Failed to parse json string, error: "Type is not supported". in C:\xampp7\htdocs\apps\dinkop\vendor\codeigniter4\framework\system\Format\Exceptions\FormatException.php:9
Stack trace:
#0 C:\xampp7\htdocs\apps\dinkop\vendor\codeigniter4\framework\system\Format\JSONFormatter.php(71): CodeIgniter\Format\Exceptions\FormatException::forInvalidJSON('Type is not sup...')
#1 C:\xampp7\htdocs\apps\dinkop\vendor\codeigniter4\framework\system\API\ResponseTrait.php(414): CodeIgniter\Format\JSONFormatter->format(Array)
#2 C:\xampp7\htdocs\apps\dinkop\vendor\codeigniter4\framework\system\API\ResponseTrait.php(134): CodeIgniter\Debug\Exceptions->format(Array)
#3 C:\xampp7\htdocs\apps\dinkop\vendor\codeigniter4\framework\system\Debug\Exceptions.php(168): CodeIgniter\Debug\Exceptions->respond(Array, 500)
#4 [internal function]: CodeIgniter\Debug\Exceptions->exceptionHandler(Object(ErrorException))
#5 {main}
  thrown
#0 [internal function]: CodeIgniter\Debug\Exceptions->shutdownHandler()
#1 {main}
CRITICAL - 2020-11-30 02:00:47 --> Invalid file: surveyhasil/list.php
#0 C:\xampp7\htdocs\apps\dinkop\vendor\codeigniter4\framework\system\View\View.php(228): CodeIgniter\Exceptions\FrameworkException::forInvalidFile('surveyhasil/lis...')
#1 C:\xampp7\htdocs\apps\dinkop\vendor\codeigniter4\framework\system\Common.php(1119): CodeIgniter\View\View->render('surveyhasil/lis...', Array, true)
#2 C:\xampp7\htdocs\apps\dinkop\app\Controllers\Admin\SurveyHasil.php(21): view('surveyhasil/lis...', Array)
#3 C:\xampp7\htdocs\apps\dinkop\vendor\codeigniter4\framework\system\CodeIgniter.php(918): App\Controllers\Admin\SurveyHasil->index('24')
#4 C:\xampp7\htdocs\apps\dinkop\vendor\codeigniter4\framework\system\CodeIgniter.php(404): CodeIgniter\CodeIgniter->runController(Object(App\Controllers\Admin\SurveyHasil))
#5 C:\xampp7\htdocs\apps\dinkop\vendor\codeigniter4\framework\system\CodeIgniter.php(312): CodeIgniter\CodeIgniter->handleRequest(NULL, Object(Config\Cache), false)
#6 C:\xampp7\htdocs\apps\dinkop\public\index.php(45): CodeIgniter\CodeIgniter->run()
#7 {main}
CRITICAL - 2020-11-30 02:04:14 --> pg_query(): Query failed: ERROR:  syntax error at or near &quot;from&quot;
LINE 7:                 from survey_tempat
                        ^
#0 [internal function]: CodeIgniter\Debug\Exceptions->errorHandler(2, 'pg_query(): Que...', 'C:\\xampp7\\htdoc...', 196, Array)
#1 C:\xampp7\htdocs\apps\dinkop\vendor\codeigniter4\framework\system\Database\Postgre\Connection.php(196): pg_query(Resource id #181, 'SELECT\r\n       ...')
#2 C:\xampp7\htdocs\apps\dinkop\vendor\codeigniter4\framework\system\Database\BaseConnection.php(741): CodeIgniter\Database\Postgre\Connection->execute('SELECT\r\n       ...')
#3 C:\xampp7\htdocs\apps\dinkop\vendor\codeigniter4\framework\system\Database\BaseConnection.php(669): CodeIgniter\Database\BaseConnection->simpleQuery('SELECT\r\n       ...')
#4 C:\xampp7\htdocs\apps\dinkop\app\Libraries\SmartComponent\Datasource.php(73): CodeIgniter\Database\BaseConnection->query('SELECT\r\n       ...')
#5 C:\xampp7\htdocs\apps\dinkop\app\Libraries\SmartComponent\Grid.php(155): App\Libraries\SmartComponent\Datasource->run()
#6 C:\xampp7\htdocs\apps\dinkop\app\Libraries\SmartComponent\Grid.php(119): App\Libraries\SmartComponent\Grid->get_datasource()
#7 C:\xampp7\htdocs\apps\dinkop\app\Controllers\Admin\SurveyHasil.php(99): App\Libraries\SmartComponent\Grid->output()
#8 C:\xampp7\htdocs\apps\dinkop\vendor\codeigniter4\framework\system\CodeIgniter.php(918): App\Controllers\Admin\SurveyHasil->grid_survey_hasil('24')
#9 C:\xampp7\htdocs\apps\dinkop\vendor\codeigniter4\framework\system\CodeIgniter.php(404): CodeIgniter\CodeIgniter->runController(Object(App\Controllers\Admin\SurveyHasil))
#10 C:\xampp7\htdocs\apps\dinkop\vendor\codeigniter4\framework\system\CodeIgniter.php(312): CodeIgniter\CodeIgniter->handleRequest(NULL, Object(Config\Cache), false)
#11 C:\xampp7\htdocs\apps\dinkop\public\index.php(45): CodeIgniter\CodeIgniter->run()
#12 {main}
CRITICAL - 2020-11-30 02:04:14 --> Uncaught CodeIgniter\Format\Exceptions\FormatException: Failed to parse json string, error: "Type is not supported". in C:\xampp7\htdocs\apps\dinkop\vendor\codeigniter4\framework\system\Format\Exceptions\FormatException.php:9
Stack trace:
#0 C:\xampp7\htdocs\apps\dinkop\vendor\codeigniter4\framework\system\Format\JSONFormatter.php(71): CodeIgniter\Format\Exceptions\FormatException::forInvalidJSON('Type is not sup...')
#1 C:\xampp7\htdocs\apps\dinkop\vendor\codeigniter4\framework\system\API\ResponseTrait.php(414): CodeIgniter\Format\JSONFormatter->format(Array)
#2 C:\xampp7\htdocs\apps\dinkop\vendor\codeigniter4\framework\system\API\ResponseTrait.php(134): CodeIgniter\Debug\Exceptions->format(Array)
#3 C:\xampp7\htdocs\apps\dinkop\vendor\codeigniter4\framework\system\Debug\Exceptions.php(168): CodeIgniter\Debug\Exceptions->respond(Array, 500)
#4 [internal function]: CodeIgniter\Debug\Exceptions->exceptionHandler(Object(ErrorException))
#5 {main}
  thrown
#0 [internal function]: CodeIgniter\Debug\Exceptions->shutdownHandler()
#1 {main}
CRITICAL - 2020-11-30 02:04:23 --> pg_query(): Query failed: ERROR:  syntax error at or near &quot;from&quot;
LINE 7:                 from survey_tempat
                        ^
#0 [internal function]: CodeIgniter\Debug\Exceptions->errorHandler(2, 'pg_query(): Que...', 'C:\\xampp7\\htdoc...', 196, Array)
#1 C:\xampp7\htdocs\apps\dinkop\vendor\codeigniter4\framework\system\Database\Postgre\Connection.php(196): pg_query(Resource id #181, 'SELECT\r\n       ...')
#2 C:\xampp7\htdocs\apps\dinkop\vendor\codeigniter4\framework\system\Database\BaseConnection.php(741): CodeIgniter\Database\Postgre\Connection->execute('SELECT\r\n       ...')
#3 C:\xampp7\htdocs\apps\dinkop\vendor\codeigniter4\framework\system\Database\BaseConnection.php(669): CodeIgniter\Database\BaseConnection->simpleQuery('SELECT\r\n       ...')
#4 C:\xampp7\htdocs\apps\dinkop\app\Libraries\SmartComponent\Datasource.php(73): CodeIgniter\Database\BaseConnection->query('SELECT\r\n       ...')
#5 C:\xampp7\htdocs\apps\dinkop\app\Libraries\SmartComponent\Grid.php(155): App\Libraries\SmartComponent\Datasource->run()
#6 C:\xampp7\htdocs\apps\dinkop\app\Libraries\SmartComponent\Grid.php(119): App\Libraries\SmartComponent\Grid->get_datasource()
#7 C:\xampp7\htdocs\apps\dinkop\app\Controllers\Admin\SurveyHasil.php(99): App\Libraries\SmartComponent\Grid->output()
#8 C:\xampp7\htdocs\apps\dinkop\vendor\codeigniter4\framework\system\CodeIgniter.php(918): App\Controllers\Admin\SurveyHasil->grid_survey_hasil('24')
#9 C:\xampp7\htdocs\apps\dinkop\vendor\codeigniter4\framework\system\CodeIgniter.php(404): CodeIgniter\CodeIgniter->runController(Object(App\Controllers\Admin\SurveyHasil))
#10 C:\xampp7\htdocs\apps\dinkop\vendor\codeigniter4\framework\system\CodeIgniter.php(312): CodeIgniter\CodeIgniter->handleRequest(NULL, Object(Config\Cache), false)
#11 C:\xampp7\htdocs\apps\dinkop\public\index.php(45): CodeIgniter\CodeIgniter->run()
#12 {main}
CRITICAL - 2020-11-30 02:04:23 --> Uncaught CodeIgniter\Format\Exceptions\FormatException: Failed to parse json string, error: "Type is not supported". in C:\xampp7\htdocs\apps\dinkop\vendor\codeigniter4\framework\system\Format\Exceptions\FormatException.php:9
Stack trace:
#0 C:\xampp7\htdocs\apps\dinkop\vendor\codeigniter4\framework\system\Format\JSONFormatter.php(71): CodeIgniter\Format\Exceptions\FormatException::forInvalidJSON('Type is not sup...')
#1 C:\xampp7\htdocs\apps\dinkop\vendor\codeigniter4\framework\system\API\ResponseTrait.php(414): CodeIgniter\Format\JSONFormatter->format(Array)
#2 C:\xampp7\htdocs\apps\dinkop\vendor\codeigniter4\framework\system\API\ResponseTrait.php(134): CodeIgniter\Debug\Exceptions->format(Array)
#3 C:\xampp7\htdocs\apps\dinkop\vendor\codeigniter4\framework\system\Debug\Exceptions.php(168): CodeIgniter\Debug\Exceptions->respond(Array, 500)
#4 [internal function]: CodeIgniter\Debug\Exceptions->exceptionHandler(Object(ErrorException))
#5 {main}
  thrown
#0 [internal function]: CodeIgniter\Debug\Exceptions->shutdownHandler()
#1 {main}
CRITICAL - 2020-11-30 02:08:46 --> Too few arguments to function App\Controllers\Admin\AccSurvey::index(), 0 passed in C:\xampp7\htdocs\apps\dinkop\vendor\codeigniter4\framework\system\CodeIgniter.php on line 918 and exactly 1 expected
#0 C:\xampp7\htdocs\apps\dinkop\vendor\codeigniter4\framework\system\CodeIgniter.php(918): App\Controllers\Admin\AccSurvey->index()
#1 C:\xampp7\htdocs\apps\dinkop\vendor\codeigniter4\framework\system\CodeIgniter.php(404): CodeIgniter\CodeIgniter->runController(Object(App\Controllers\Admin\AccSurvey))
#2 C:\xampp7\htdocs\apps\dinkop\vendor\codeigniter4\framework\system\CodeIgniter.php(312): CodeIgniter\CodeIgniter->handleRequest(NULL, Object(Config\Cache), false)
#3 C:\xampp7\htdocs\apps\dinkop\public\index.php(45): CodeIgniter\CodeIgniter->run()
#4 {main}
CRITICAL - 2020-11-30 07:02:56 --> Undefined index: page
#0 C:\xampp7\htdocs\apps\dinkop\app\Libraries\SmartComponent\Datasource.php(54): CodeIgniter\Debug\Exceptions->errorHandler(8, 'Undefined index...', 'C:\\xampp7\\htdoc...', 54, Array)
#1 C:\xampp7\htdocs\apps\dinkop\app\Libraries\SmartComponent\Grid.php(155): App\Libraries\SmartComponent\Datasource->run()
#2 C:\xampp7\htdocs\apps\dinkop\app\Libraries\SmartComponent\Grid.php(119): App\Libraries\SmartComponent\Grid->get_datasource()
#3 C:\xampp7\htdocs\apps\dinkop\app\Controllers\Admin\AksesUser.php(57): App\Libraries\SmartComponent\Grid->output()
#4 C:\xampp7\htdocs\apps\dinkop\vendor\codeigniter4\framework\system\CodeIgniter.php(918): App\Controllers\Admin\AksesUser->grid()
#5 C:\xampp7\htdocs\apps\dinkop\vendor\codeigniter4\framework\system\CodeIgniter.php(404): CodeIgniter\CodeIgniter->runController(Object(App\Controllers\Admin\AksesUser))
#6 C:\xampp7\htdocs\apps\dinkop\vendor\codeigniter4\framework\system\CodeIgniter.php(312): CodeIgniter\CodeIgniter->handleRequest(NULL, Object(Config\Cache), false)
#7 C:\xampp7\htdocs\apps\dinkop\public\index.php(45): CodeIgniter\CodeIgniter->run()
#8 {main}
CRITICAL - 2020-11-30 07:07:31 --> Undefined variable: data
#0 C:\xampp7\htdocs\apps\dinkop\app\Controllers\Admin\AksesUser.php(66): CodeIgniter\Debug\Exceptions->errorHandler(8, 'Undefined varia...', 'C:\\xampp7\\htdoc...', 66, Array)
#1 C:\xampp7\htdocs\apps\dinkop\app\Controllers\Admin\AksesUser.php(14): App\Controllers\Admin\AksesUser->search()
#2 C:\xampp7\htdocs\apps\dinkop\vendor\codeigniter4\framework\system\CodeIgniter.php(918): App\Controllers\Admin\AksesUser->index()
#3 C:\xampp7\htdocs\apps\dinkop\vendor\codeigniter4\framework\system\CodeIgniter.php(404): CodeIgniter\CodeIgniter->runController(Object(App\Controllers\Admin\AksesUser))
#4 C:\xampp7\htdocs\apps\dinkop\vendor\codeigniter4\framework\system\CodeIgniter.php(312): CodeIgniter\CodeIgniter->handleRequest(NULL, Object(Config\Cache), false)
#5 C:\xampp7\htdocs\apps\dinkop\public\index.php(45): CodeIgniter\CodeIgniter->run()
#6 {main}
CRITICAL - 2020-11-30 22:17:18 --> Undefined variable: id
#0 C:\xampp7\htdocs\apps\dinkop\app\Controllers\Admin\AccSurvey.php(46): CodeIgniter\Debug\Exceptions->errorHandler(8, 'Undefined varia...', 'C:\\xampp7\\htdoc...', 46, Array)
#1 C:\xampp7\htdocs\apps\dinkop\app\Controllers\Admin\AccSurvey.php(14): App\Controllers\Admin\AccSurvey->grid_survey_hasil()
#2 C:\xampp7\htdocs\apps\dinkop\vendor\codeigniter4\framework\system\CodeIgniter.php(918): App\Controllers\Admin\AccSurvey->index()
#3 C:\xampp7\htdocs\apps\dinkop\vendor\codeigniter4\framework\system\CodeIgniter.php(404): CodeIgniter\CodeIgniter->runController(Object(App\Controllers\Admin\AccSurvey))
#4 C:\xampp7\htdocs\apps\dinkop\vendor\codeigniter4\framework\system\CodeIgniter.php(312): CodeIgniter\CodeIgniter->handleRequest(NULL, Object(Config\Cache), false)
#5 C:\xampp7\htdocs\apps\dinkop\public\index.php(45): CodeIgniter\CodeIgniter->run()
#6 {main}
CRITICAL - 2020-11-30 22:28:36 --> pg_query(): Query failed: ERROR:  column &quot;survey_hasil_approve_is&quot; does not exist
LINE 4: ...n-raised btn-success&quot;&gt;Surat Tugas&lt;/a&gt;'||case when survey_has...
                                                             ^
#0 [internal function]: CodeIgniter\Debug\Exceptions->errorHandler(2, 'pg_query(): Que...', 'C:\\xampp7\\htdoc...', 196, Array)
#1 C:\xampp7\htdocs\apps\dinkop\vendor\codeigniter4\framework\system\Database\Postgre\Connection.php(196): pg_query(Resource id #181, 'SELECT\r\n       ...')
#2 C:\xampp7\htdocs\apps\dinkop\vendor\codeigniter4\framework\system\Database\BaseConnection.php(741): CodeIgniter\Database\Postgre\Connection->execute('SELECT\r\n       ...')
#3 C:\xampp7\htdocs\apps\dinkop\vendor\codeigniter4\framework\system\Database\BaseConnection.php(669): CodeIgniter\Database\BaseConnection->simpleQuery('SELECT\r\n       ...')
#4 C:\xampp7\htdocs\apps\dinkop\app\Libraries\SmartComponent\Datasource.php(73): CodeIgniter\Database\BaseConnection->query('SELECT\r\n       ...')
#5 C:\xampp7\htdocs\apps\dinkop\app\Libraries\SmartComponent\Grid.php(155): App\Libraries\SmartComponent\Datasource->run()
#6 C:\xampp7\htdocs\apps\dinkop\app\Libraries\SmartComponent\Grid.php(119): App\Libraries\SmartComponent\Grid->get_datasource()
#7 C:\xampp7\htdocs\apps\dinkop\app\Controllers\Admin\Survey.php(70): App\Libraries\SmartComponent\Grid->output()
#8 C:\xampp7\htdocs\apps\dinkop\vendor\codeigniter4\framework\system\CodeIgniter.php(918): App\Controllers\Admin\Survey->grid_survey()
#9 C:\xampp7\htdocs\apps\dinkop\vendor\codeigniter4\framework\system\CodeIgniter.php(404): CodeIgniter\CodeIgniter->runController(Object(App\Controllers\Admin\Survey))
#10 C:\xampp7\htdocs\apps\dinkop\vendor\codeigniter4\framework\system\CodeIgniter.php(312): CodeIgniter\CodeIgniter->handleRequest(NULL, Object(Config\Cache), false)
#11 C:\xampp7\htdocs\apps\dinkop\public\index.php(45): CodeIgniter\CodeIgniter->run()
#12 {main}
CRITICAL - 2020-11-30 22:28:37 --> Uncaught CodeIgniter\Format\Exceptions\FormatException: Failed to parse json string, error: "Type is not supported". in C:\xampp7\htdocs\apps\dinkop\vendor\codeigniter4\framework\system\Format\Exceptions\FormatException.php:9
Stack trace:
#0 C:\xampp7\htdocs\apps\dinkop\vendor\codeigniter4\framework\system\Format\JSONFormatter.php(71): CodeIgniter\Format\Exceptions\FormatException::forInvalidJSON('Type is not sup...')
#1 C:\xampp7\htdocs\apps\dinkop\vendor\codeigniter4\framework\system\API\ResponseTrait.php(414): CodeIgniter\Format\JSONFormatter->format(Array)
#2 C:\xampp7\htdocs\apps\dinkop\vendor\codeigniter4\framework\system\API\ResponseTrait.php(134): CodeIgniter\Debug\Exceptions->format(Array)
#3 C:\xampp7\htdocs\apps\dinkop\vendor\codeigniter4\framework\system\Debug\Exceptions.php(168): CodeIgniter\Debug\Exceptions->respond(Array, 500)
#4 [internal function]: CodeIgniter\Debug\Exceptions->exceptionHandler(Object(ErrorException))
#5 {main}
  thrown
#0 [internal function]: CodeIgniter\Debug\Exceptions->shutdownHandler()
#1 {main}
CRITICAL - 2020-11-30 22:31:08 --> pg_query(): Query failed: ERROR:  syntax error at or near &quot;'&lt;a target=&quot;_new&quot; href=&quot;http://192.168.15.178/apps/dinkop/public/admin/cetakBI/index/'&quot;
LINE 4: ...ass=&quot;btn btn-raised btn-success&quot;&gt;Surat Tugas&lt;/a&gt;' '&lt;a target...
                                                             ^
#0 [internal function]: CodeIgniter\Debug\Exceptions->errorHandler(2, 'pg_query(): Que...', 'C:\\xampp7\\htdoc...', 196, Array)
#1 C:\xampp7\htdocs\apps\dinkop\vendor\codeigniter4\framework\system\Database\Postgre\Connection.php(196): pg_query(Resource id #181, 'SELECT\r\n       ...')
#2 C:\xampp7\htdocs\apps\dinkop\vendor\codeigniter4\framework\system\Database\BaseConnection.php(741): CodeIgniter\Database\Postgre\Connection->execute('SELECT\r\n       ...')
#3 C:\xampp7\htdocs\apps\dinkop\vendor\codeigniter4\framework\system\Database\BaseConnection.php(669): CodeIgniter\Database\BaseConnection->simpleQuery('SELECT\r\n       ...')
#4 C:\xampp7\htdocs\apps\dinkop\app\Libraries\SmartComponent\Datasource.php(73): CodeIgniter\Database\BaseConnection->query('SELECT\r\n       ...')
#5 C:\xampp7\htdocs\apps\dinkop\app\Libraries\SmartComponent\Grid.php(155): App\Libraries\SmartComponent\Datasource->run()
#6 C:\xampp7\htdocs\apps\dinkop\app\Libraries\SmartComponent\Grid.php(119): App\Libraries\SmartComponent\Grid->get_datasource()
#7 C:\xampp7\htdocs\apps\dinkop\app\Controllers\Admin\Survey.php(71): App\Libraries\SmartComponent\Grid->output()
#8 C:\xampp7\htdocs\apps\dinkop\vendor\codeigniter4\framework\system\CodeIgniter.php(918): App\Controllers\Admin\Survey->grid_survey()
#9 C:\xampp7\htdocs\apps\dinkop\vendor\codeigniter4\framework\system\CodeIgniter.php(404): CodeIgniter\CodeIgniter->runController(Object(App\Controllers\Admin\Survey))
#10 C:\xampp7\htdocs\apps\dinkop\vendor\codeigniter4\framework\system\CodeIgniter.php(312): CodeIgniter\CodeIgniter->handleRequest(NULL, Object(Config\Cache), false)
#11 C:\xampp7\htdocs\apps\dinkop\public\index.php(45): CodeIgniter\CodeIgniter->run()
#12 {main}
CRITICAL - 2020-11-30 22:31:08 --> Uncaught CodeIgniter\Format\Exceptions\FormatException: Failed to parse json string, error: "Type is not supported". in C:\xampp7\htdocs\apps\dinkop\vendor\codeigniter4\framework\system\Format\Exceptions\FormatException.php:9
Stack trace:
#0 C:\xampp7\htdocs\apps\dinkop\vendor\codeigniter4\framework\system\Format\JSONFormatter.php(71): CodeIgniter\Format\Exceptions\FormatException::forInvalidJSON('Type is not sup...')
#1 C:\xampp7\htdocs\apps\dinkop\vendor\codeigniter4\framework\system\API\ResponseTrait.php(414): CodeIgniter\Format\JSONFormatter->format(Array)
#2 C:\xampp7\htdocs\apps\dinkop\vendor\codeigniter4\framework\system\API\ResponseTrait.php(134): CodeIgniter\Debug\Exceptions->format(Array)
#3 C:\xampp7\htdocs\apps\dinkop\vendor\codeigniter4\framework\system\Debug\Exceptions.php(168): CodeIgniter\Debug\Exceptions->respond(Array, 500)
#4 [internal function]: CodeIgniter\Debug\Exceptions->exceptionHandler(Object(ErrorException))
#5 {main}
  thrown
#0 [internal function]: CodeIgniter\Debug\Exceptions->shutdownHandler()
#1 {main}
