CRITICAL - 2020-11-12 01:11:31 --> Undefined variable: data
#0 C:\xampp7\htdocs\apps\dinkop\app\Controllers\Admin\Pengajuan.php(292): CodeIgniter\Debug\Exceptions->errorHandler(8, 'Undefined varia...', 'C:\\xampp7\\htdoc...', 292, Array)
#1 C:\xampp7\htdocs\apps\dinkop\app\Controllers\Admin\Pengajuan.php(188): App\Controllers\Admin\Pengajuan->formPengajuanDiatas10('2', '32')
#2 C:\xampp7\htdocs\apps\dinkop\app\Controllers\Admin\Pengajuan.php(177): App\Controllers\Admin\Pengajuan->step1('2', '32')
#3 C:\xampp7\htdocs\apps\dinkop\vendor\codeigniter4\framework\system\CodeIgniter.php(918): App\Controllers\Admin\Pengajuan->pengajuan('2', '32')
#4 C:\xampp7\htdocs\apps\dinkop\vendor\codeigniter4\framework\system\CodeIgniter.php(404): CodeIgniter\CodeIgniter->runController(Object(App\Controllers\Admin\Pengajuan))
#5 C:\xampp7\htdocs\apps\dinkop\vendor\codeigniter4\framework\system\CodeIgniter.php(312): CodeIgniter\CodeIgniter->handleRequest(NULL, Object(Config\Cache), false)
#6 C:\xampp7\htdocs\apps\dinkop\public\index.php(45): CodeIgniter\CodeIgniter->run()
#7 {main}
CRITICAL - 2020-11-12 01:22:25 --> pg_query(): Query failed: ERROR:  relation &quot;ref_bidang&quot; does not exist
LINE 1: ...f_bidang_id as id, ref_bidang_label as label from ref_bidang...
                                                             ^
#0 [internal function]: CodeIgniter\Debug\Exceptions->errorHandler(2, 'pg_query(): Que...', 'C:\\xampp7\\htdoc...', 196, Array)
#1 C:\xampp7\htdocs\apps\dinkop\vendor\codeigniter4\framework\system\Database\Postgre\Connection.php(196): pg_query(Resource id #181, 'select ref_bida...')
#2 C:\xampp7\htdocs\apps\dinkop\vendor\codeigniter4\framework\system\Database\BaseConnection.php(741): CodeIgniter\Database\Postgre\Connection->execute('select ref_bida...')
#3 C:\xampp7\htdocs\apps\dinkop\vendor\codeigniter4\framework\system\Database\BaseConnection.php(669): CodeIgniter\Database\BaseConnection->simpleQuery('select ref_bida...')
#4 C:\xampp7\htdocs\apps\dinkop\app\Libraries\SmartComponent\Form.php(172): CodeIgniter\Database\BaseConnection->query('select ref_bida...')
#5 C:\xampp7\htdocs\apps\dinkop\app\Controllers\Admin\Pengajuan.php(816): App\Libraries\SmartComponent\Form->add('peng_prof_jenis...', 'Jenis Usaha', 'select', true, NULL, ' style="width:1...', Array)
#6 C:\xampp7\htdocs\apps\dinkop\app\Controllers\Admin\Pengajuan.php(751): App\Controllers\Admin\Pengajuan->formStep2Jenis2('11')
#7 C:\xampp7\htdocs\apps\dinkop\app\Controllers\Admin\Pengajuan.php(127): App\Controllers\Admin\Pengajuan->formStep2('11')
#8 C:\xampp7\htdocs\apps\dinkop\app\Controllers\Admin\Pengajuan.php(109): App\Controllers\Admin\Pengajuan->stepper_form('11')
#9 C:\xampp7\htdocs\apps\dinkop\vendor\codeigniter4\framework\system\CodeIgniter.php(918): App\Controllers\Admin\Pengajuan->detail('11')
#10 C:\xampp7\htdocs\apps\dinkop\vendor\codeigniter4\framework\system\CodeIgniter.php(404): CodeIgniter\CodeIgniter->runController(Object(App\Controllers\Admin\Pengajuan))
#11 C:\xampp7\htdocs\apps\dinkop\vendor\codeigniter4\framework\system\CodeIgniter.php(312): CodeIgniter\CodeIgniter->handleRequest(NULL, Object(Config\Cache), false)
#12 C:\xampp7\htdocs\apps\dinkop\public\index.php(45): CodeIgniter\CodeIgniter->run()
#13 {main}
CRITICAL - 2020-11-12 01:29:30 --> Undefined index: id
#0 C:\xampp7\htdocs\apps\dinkop\app\Libraries\SmartComponent\Form.php(172): CodeIgniter\Debug\Exceptions->errorHandler(8, 'Undefined index...', 'C:\\xampp7\\htdoc...', 172, Array)
#1 C:\xampp7\htdocs\apps\dinkop\app\Controllers\Admin\Pengajuan.php(943): App\Libraries\SmartComponent\Form->add('jenis_jaminan', 'Jenis Jaminan', 'select', true, NULL, ' style="width:1...', Array)
#2 C:\xampp7\htdocs\apps\dinkop\app\Controllers\Admin\Pengajuan.php(886): App\Controllers\Admin\Pengajuan->formFilterJaminan()
#3 C:\xampp7\htdocs\apps\dinkop\app\Controllers\Admin\Pengajuan.php(129): App\Controllers\Admin\Pengajuan->formStep3('11')
#4 C:\xampp7\htdocs\apps\dinkop\app\Controllers\Admin\Pengajuan.php(109): App\Controllers\Admin\Pengajuan->stepper_form('11')
#5 C:\xampp7\htdocs\apps\dinkop\vendor\codeigniter4\framework\system\CodeIgniter.php(918): App\Controllers\Admin\Pengajuan->detail('11')
#6 C:\xampp7\htdocs\apps\dinkop\vendor\codeigniter4\framework\system\CodeIgniter.php(404): CodeIgniter\CodeIgniter->runController(Object(App\Controllers\Admin\Pengajuan))
#7 C:\xampp7\htdocs\apps\dinkop\vendor\codeigniter4\framework\system\CodeIgniter.php(312): CodeIgniter\CodeIgniter->handleRequest(NULL, Object(Config\Cache), false)
#8 C:\xampp7\htdocs\apps\dinkop\public\index.php(45): CodeIgniter\CodeIgniter->run()
#9 {main}
CRITICAL - 2020-11-12 01:30:02 --> Undefined index: peng_jam_jenis_bpkb
#0 C:\xampp7\htdocs\apps\dinkop\app\Libraries\SmartComponent\Form.php(129): CodeIgniter\Debug\Exceptions->errorHandler(8, 'Undefined index...', 'C:\\xampp7\\htdoc...', 129, Array)
#1 C:\xampp7\htdocs\apps\dinkop\app\Controllers\Admin\Pengajuan.php(978): App\Libraries\SmartComponent\Form->add('peng_jam_jenis_...', 'Jenis Jaminan', 'select', true, NULL, ' style="width:1...', Array)
#2 C:\xampp7\htdocs\apps\dinkop\app\Controllers\Admin\Pengajuan.php(886): App\Controllers\Admin\Pengajuan->formStep3Jenis2('11')
#3 C:\xampp7\htdocs\apps\dinkop\app\Controllers\Admin\Pengajuan.php(129): App\Controllers\Admin\Pengajuan->formStep3('11')
#4 C:\xampp7\htdocs\apps\dinkop\app\Controllers\Admin\Pengajuan.php(109): App\Controllers\Admin\Pengajuan->stepper_form('11')
#5 C:\xampp7\htdocs\apps\dinkop\vendor\codeigniter4\framework\system\CodeIgniter.php(918): App\Controllers\Admin\Pengajuan->detail('11')
#6 C:\xampp7\htdocs\apps\dinkop\vendor\codeigniter4\framework\system\CodeIgniter.php(404): CodeIgniter\CodeIgniter->runController(Object(App\Controllers\Admin\Pengajuan))
#7 C:\xampp7\htdocs\apps\dinkop\vendor\codeigniter4\framework\system\CodeIgniter.php(312): CodeIgniter\CodeIgniter->handleRequest(NULL, Object(Config\Cache), false)
#8 C:\xampp7\htdocs\apps\dinkop\public\index.php(45): CodeIgniter\CodeIgniter->run()
#9 {main}
CRITICAL - 2020-11-12 01:39:15 --> Too few arguments to function App\Controllers\Admin\Pengajuan::formBpkb(), 0 passed in C:\xampp7\htdocs\apps\dinkop\app\Controllers\Admin\Pengajuan.php on line 1022 and exactly 1 expected
#0 C:\xampp7\htdocs\apps\dinkop\app\Controllers\Admin\Pengajuan.php(1022): App\Controllers\Admin\Pengajuan->formBpkb()
#1 C:\xampp7\htdocs\apps\dinkop\app\Controllers\Admin\Pengajuan.php(886): App\Controllers\Admin\Pengajuan->formStep3Jenis2('11')
#2 C:\xampp7\htdocs\apps\dinkop\app\Controllers\Admin\Pengajuan.php(129): App\Controllers\Admin\Pengajuan->formStep3('11')
#3 C:\xampp7\htdocs\apps\dinkop\app\Controllers\Admin\Pengajuan.php(109): App\Controllers\Admin\Pengajuan->stepper_form('11')
#4 C:\xampp7\htdocs\apps\dinkop\vendor\codeigniter4\framework\system\CodeIgniter.php(918): App\Controllers\Admin\Pengajuan->detail('11')
#5 C:\xampp7\htdocs\apps\dinkop\vendor\codeigniter4\framework\system\CodeIgniter.php(404): CodeIgniter\CodeIgniter->runController(Object(App\Controllers\Admin\Pengajuan))
#6 C:\xampp7\htdocs\apps\dinkop\vendor\codeigniter4\framework\system\CodeIgniter.php(312): CodeIgniter\CodeIgniter->handleRequest(NULL, Object(Config\Cache), false)
#7 C:\xampp7\htdocs\apps\dinkop\public\index.php(45): CodeIgniter\CodeIgniter->run()
#8 {main}
CRITICAL - 2020-11-12 01:39:34 --> Invalid file: admin/pengajuan/sf_step3_jenis2_bpkb.php
#0 C:\xampp7\htdocs\apps\dinkop\vendor\codeigniter4\framework\system\View\View.php(228): CodeIgniter\Exceptions\FrameworkException::forInvalidFile('admin/pengajuan...')
#1 C:\xampp7\htdocs\apps\dinkop\vendor\codeigniter4\framework\system\Common.php(1119): CodeIgniter\View\View->render('admin/pengajuan...', Array, true)
#2 C:\xampp7\htdocs\apps\dinkop\app\Libraries\SmartComponent\Form.php(306): view('admin/pengajuan...', Array)
#3 C:\xampp7\htdocs\apps\dinkop\app\Controllers\Admin\Pengajuan.php(1015): App\Libraries\SmartComponent\Form->output()
#4 C:\xampp7\htdocs\apps\dinkop\app\Controllers\Admin\Pengajuan.php(1022): App\Controllers\Admin\Pengajuan->formBpkb('11')
#5 C:\xampp7\htdocs\apps\dinkop\app\Controllers\Admin\Pengajuan.php(886): App\Controllers\Admin\Pengajuan->formStep3Jenis2('11')
#6 C:\xampp7\htdocs\apps\dinkop\app\Controllers\Admin\Pengajuan.php(129): App\Controllers\Admin\Pengajuan->formStep3('11')
#7 C:\xampp7\htdocs\apps\dinkop\app\Controllers\Admin\Pengajuan.php(109): App\Controllers\Admin\Pengajuan->stepper_form('11')
#8 C:\xampp7\htdocs\apps\dinkop\vendor\codeigniter4\framework\system\CodeIgniter.php(918): App\Controllers\Admin\Pengajuan->detail('11')
#9 C:\xampp7\htdocs\apps\dinkop\vendor\codeigniter4\framework\system\CodeIgniter.php(404): CodeIgniter\CodeIgniter->runController(Object(App\Controllers\Admin\Pengajuan))
#10 C:\xampp7\htdocs\apps\dinkop\vendor\codeigniter4\framework\system\CodeIgniter.php(312): CodeIgniter\CodeIgniter->handleRequest(NULL, Object(Config\Cache), false)
#11 C:\xampp7\htdocs\apps\dinkop\public\index.php(45): CodeIgniter\CodeIgniter->run()
#12 {main}
CRITICAL - 2020-11-12 01:39:55 --> Undefined index: peng_jam_pemegang_ktp_no
#0 C:\xampp7\htdocs\apps\dinkop\app\Views\admin\pengajuan\sf_step3_jenis2_sertifikat.php(4): CodeIgniter\Debug\Exceptions->errorHandler(8, 'Undefined index...', 'C:\\xampp7\\htdoc...', 4, Array)
#1 C:\xampp7\htdocs\apps\dinkop\vendor\codeigniter4\framework\system\View\View.php(246): include('C:\\xampp7\\htdoc...')
#2 C:\xampp7\htdocs\apps\dinkop\vendor\codeigniter4\framework\system\Common.php(1119): CodeIgniter\View\View->render('admin/pengajuan...', Array, true)
#3 C:\xampp7\htdocs\apps\dinkop\app\Libraries\SmartComponent\Form.php(306): view('admin/pengajuan...', Array)
#4 C:\xampp7\htdocs\apps\dinkop\app\Controllers\Admin\Pengajuan.php(982): App\Libraries\SmartComponent\Form->output()
#5 C:\xampp7\htdocs\apps\dinkop\app\Controllers\Admin\Pengajuan.php(1024): App\Controllers\Admin\Pengajuan->formSertifikat('11')
#6 C:\xampp7\htdocs\apps\dinkop\app\Controllers\Admin\Pengajuan.php(886): App\Controllers\Admin\Pengajuan->formStep3Jenis2('11')
#7 C:\xampp7\htdocs\apps\dinkop\app\Controllers\Admin\Pengajuan.php(129): App\Controllers\Admin\Pengajuan->formStep3('11')
#8 C:\xampp7\htdocs\apps\dinkop\app\Controllers\Admin\Pengajuan.php(109): App\Controllers\Admin\Pengajuan->stepper_form('11')
#9 C:\xampp7\htdocs\apps\dinkop\vendor\codeigniter4\framework\system\CodeIgniter.php(918): App\Controllers\Admin\Pengajuan->detail('11')
#10 C:\xampp7\htdocs\apps\dinkop\vendor\codeigniter4\framework\system\CodeIgniter.php(404): CodeIgniter\CodeIgniter->runController(Object(App\Controllers\Admin\Pengajuan))
#11 C:\xampp7\htdocs\apps\dinkop\vendor\codeigniter4\framework\system\CodeIgniter.php(312): CodeIgniter\CodeIgniter->handleRequest(NULL, Object(Config\Cache), false)
#12 C:\xampp7\htdocs\apps\dinkop\public\index.php(45): CodeIgniter\CodeIgniter->run()
#13 {main}
CRITICAL - 2020-11-12 02:10:15 --> Undefined index: peng_srt_jenis_usaha
#0 C:\xampp7\htdocs\apps\dinkop\app\Views\admin\pengajuan\sf_step7_jenis2.php(22): CodeIgniter\Debug\Exceptions->errorHandler(8, 'Undefined index...', 'C:\\xampp7\\htdoc...', 22, Array)
#1 C:\xampp7\htdocs\apps\dinkop\vendor\codeigniter4\framework\system\View\View.php(246): include('C:\\xampp7\\htdoc...')
#2 C:\xampp7\htdocs\apps\dinkop\vendor\codeigniter4\framework\system\Common.php(1119): CodeIgniter\View\View->render('admin/pengajuan...', Array, true)
#3 C:\xampp7\htdocs\apps\dinkop\app\Libraries\SmartComponent\Form.php(306): view('admin/pengajuan...', Array)
#4 C:\xampp7\htdocs\apps\dinkop\app\Controllers\Admin\Pengajuan.php(1265): App\Libraries\SmartComponent\Form->output()
#5 C:\xampp7\htdocs\apps\dinkop\app\Controllers\Admin\Pengajuan.php(1215): App\Controllers\Admin\Pengajuan->formStep7Jenis2('11')
#6 C:\xampp7\htdocs\apps\dinkop\app\Controllers\Admin\Pengajuan.php(137): App\Controllers\Admin\Pengajuan->formStep7('11')
#7 C:\xampp7\htdocs\apps\dinkop\app\Controllers\Admin\Pengajuan.php(109): App\Controllers\Admin\Pengajuan->stepper_form('11')
#8 C:\xampp7\htdocs\apps\dinkop\vendor\codeigniter4\framework\system\CodeIgniter.php(918): App\Controllers\Admin\Pengajuan->detail('11')
#9 C:\xampp7\htdocs\apps\dinkop\vendor\codeigniter4\framework\system\CodeIgniter.php(404): CodeIgniter\CodeIgniter->runController(Object(App\Controllers\Admin\Pengajuan))
#10 C:\xampp7\htdocs\apps\dinkop\vendor\codeigniter4\framework\system\CodeIgniter.php(312): CodeIgniter\CodeIgniter->handleRequest(NULL, Object(Config\Cache), false)
#11 C:\xampp7\htdocs\apps\dinkop\public\index.php(45): CodeIgniter\CodeIgniter->run()
#12 {main}
CRITICAL - 2020-11-12 22:25:35 --> Undefined index: peng_tempat
#0 C:\xampp7\htdocs\apps\dinkop\app\Views\admin\pengajuan\sf_step1_jenis3.php(11): CodeIgniter\Debug\Exceptions->errorHandler(8, 'Undefined index...', 'C:\\xampp7\\htdoc...', 11, Array)
#1 C:\xampp7\htdocs\apps\dinkop\vendor\codeigniter4\framework\system\View\View.php(246): include('C:\\xampp7\\htdoc...')
#2 C:\xampp7\htdocs\apps\dinkop\vendor\codeigniter4\framework\system\Common.php(1119): CodeIgniter\View\View->render('admin/pengajuan...', Array, true)
#3 C:\xampp7\htdocs\apps\dinkop\app\Libraries\SmartComponent\Form.php(306): view('admin/pengajuan...', Array)
#4 C:\xampp7\htdocs\apps\dinkop\app\Controllers\Admin\Pengajuan.php(851): App\Libraries\SmartComponent\Form->output()
#5 C:\xampp7\htdocs\apps\dinkop\app\Controllers\Admin\Pengajuan.php(523): App\Controllers\Admin\Pengajuan->formStep1Jenis3('8', '3')
#6 C:\xampp7\htdocs\apps\dinkop\app\Controllers\Admin\Pengajuan.php(139): App\Controllers\Admin\Pengajuan->formStep1('8')
#7 C:\xampp7\htdocs\apps\dinkop\app\Controllers\Admin\Pengajuan.php(109): App\Controllers\Admin\Pengajuan->stepper_form('8')
#8 C:\xampp7\htdocs\apps\dinkop\vendor\codeigniter4\framework\system\CodeIgniter.php(918): App\Controllers\Admin\Pengajuan->detail('8')
#9 C:\xampp7\htdocs\apps\dinkop\vendor\codeigniter4\framework\system\CodeIgniter.php(404): CodeIgniter\CodeIgniter->runController(Object(App\Controllers\Admin\Pengajuan))
#10 C:\xampp7\htdocs\apps\dinkop\vendor\codeigniter4\framework\system\CodeIgniter.php(312): CodeIgniter\CodeIgniter->handleRequest(NULL, Object(Config\Cache), false)
#11 C:\xampp7\htdocs\apps\dinkop\public\index.php(45): CodeIgniter\CodeIgniter->run()
#12 {main}
CRITICAL - 2020-11-12 22:27:22 --> Undefined variable: member_id
#0 C:\xampp7\htdocs\apps\dinkop\app\Controllers\Admin\Pengajuan.php(760): CodeIgniter\Debug\Exceptions->errorHandler(8, 'Undefined varia...', 'C:\\xampp7\\htdoc...', 760, Array)
#1 C:\xampp7\htdocs\apps\dinkop\app\Controllers\Admin\Pengajuan.php(523): App\Controllers\Admin\Pengajuan->formStep1Jenis3('8', '3')
#2 C:\xampp7\htdocs\apps\dinkop\app\Controllers\Admin\Pengajuan.php(139): App\Controllers\Admin\Pengajuan->formStep1('8')
#3 C:\xampp7\htdocs\apps\dinkop\app\Controllers\Admin\Pengajuan.php(109): App\Controllers\Admin\Pengajuan->stepper_form('8')
#4 C:\xampp7\htdocs\apps\dinkop\vendor\codeigniter4\framework\system\CodeIgniter.php(918): App\Controllers\Admin\Pengajuan->detail('8')
#5 C:\xampp7\htdocs\apps\dinkop\vendor\codeigniter4\framework\system\CodeIgniter.php(404): CodeIgniter\CodeIgniter->runController(Object(App\Controllers\Admin\Pengajuan))
#6 C:\xampp7\htdocs\apps\dinkop\vendor\codeigniter4\framework\system\CodeIgniter.php(312): CodeIgniter\CodeIgniter->handleRequest(NULL, Object(Config\Cache), false)
#7 C:\xampp7\htdocs\apps\dinkop\public\index.php(45): CodeIgniter\CodeIgniter->run()
#8 {main}
