CRITICAL - 2020-09-26 01:27:33 --> Invalid file: admin/notifikasiDetail.php
#0 C:\xampp7\htdocs\apps\surveypasar\vendor\codeigniter4\framework\system\View\View.php(228): CodeIgniter\Exceptions\FrameworkException::forInvalidFile('admin/notifikas...')
#1 C:\xampp7\htdocs\apps\surveypasar\vendor\codeigniter4\framework\system\Common.php(1119): CodeIgniter\View\View->render('admin/notifikas...', Array, true)
#2 C:\xampp7\htdocs\apps\surveypasar\app\Controllers\Admin\Notifikasi.php(81): view('admin/notifikas...', Array)
#3 C:\xampp7\htdocs\apps\surveypasar\vendor\codeigniter4\framework\system\CodeIgniter.php(918): App\Controllers\Admin\Notifikasi->detail('2020-09-16')
#4 C:\xampp7\htdocs\apps\surveypasar\vendor\codeigniter4\framework\system\CodeIgniter.php(404): CodeIgniter\CodeIgniter->runController(Object(App\Controllers\Admin\Notifikasi))
#5 C:\xampp7\htdocs\apps\surveypasar\vendor\codeigniter4\framework\system\CodeIgniter.php(312): CodeIgniter\CodeIgniter->handleRequest(NULL, Object(Config\Cache), false)
#6 C:\xampp7\htdocs\apps\surveypasar\public\index.php(45): CodeIgniter\CodeIgniter->run()
#7 {main}
CRITICAL - 2020-09-26 01:47:17 --> Invalid file: admin/notifikasiDetail.php
#0 C:\xampp7\htdocs\apps\surveypasar\vendor\codeigniter4\framework\system\View\View.php(228): CodeIgniter\Exceptions\FrameworkException::forInvalidFile('admin/notifikas...')
#1 C:\xampp7\htdocs\apps\surveypasar\vendor\codeigniter4\framework\system\Common.php(1119): CodeIgniter\View\View->render('admin/notifikas...', Array, true)
#2 C:\xampp7\htdocs\apps\surveypasar\app\Controllers\Admin\Notifikasi.php(81): view('admin/notifikas...', Array)
#3 C:\xampp7\htdocs\apps\surveypasar\vendor\codeigniter4\framework\system\CodeIgniter.php(918): App\Controllers\Admin\Notifikasi->detail('2020-09-17')
#4 C:\xampp7\htdocs\apps\surveypasar\vendor\codeigniter4\framework\system\CodeIgniter.php(404): CodeIgniter\CodeIgniter->runController(Object(App\Controllers\Admin\Notifikasi))
#5 C:\xampp7\htdocs\apps\surveypasar\vendor\codeigniter4\framework\system\CodeIgniter.php(312): CodeIgniter\CodeIgniter->handleRequest(NULL, Object(Config\Cache), false)
#6 C:\xampp7\htdocs\apps\surveypasar\public\index.php(45): CodeIgniter\CodeIgniter->run()
#7 {main}
CRITICAL - 2020-09-26 01:47:28 --> Trying to access array offset on value of type null
#0 C:\xampp7\htdocs\apps\surveypasar\app\Libraries\Navigation.php(61): CodeIgniter\Debug\Exceptions->errorHandler(8, 'Trying to acces...', 'C:\\xampp7\\htdoc...', 61, Array)
#1 C:\xampp7\htdocs\apps\surveypasar\app\Libraries\Navigation.php(23): App\Libraries\Navigation->cek_akses('admin/survey')
#2 C:\xampp7\htdocs\apps\surveypasar\app\Libraries\Navigation.php(15): App\Libraries\Navigation->gen_menu()
#3 C:\xampp7\htdocs\apps\surveypasar\vendor\codeigniter4\framework\system\View\Cell.php(149): App\Libraries\Navigation->menu()
#4 C:\xampp7\htdocs\apps\surveypasar\vendor\codeigniter4\framework\system\Common.php(1140): CodeIgniter\View\Cell->render('\\App\\Libraries\\...', NULL, 0, 'AppLibrariesNav...')
#5 C:\xampp7\htdocs\apps\surveypasar\app\Views\template\default.php(121): view_cell('\\App\\Libraries\\...')
#6 C:\xampp7\htdocs\apps\surveypasar\vendor\codeigniter4\framework\system\View\View.php(246): include('C:\\xampp7\\htdoc...')
#7 C:\xampp7\htdocs\apps\surveypasar\vendor\codeigniter4\framework\system\View\View.php(257): CodeIgniter\View\View->render('template/defaul...', Array, true)
#8 C:\xampp7\htdocs\apps\surveypasar\vendor\codeigniter4\framework\system\Common.php(1119): CodeIgniter\View\View->render('admin/home', Array, true)
#9 C:\xampp7\htdocs\apps\surveypasar\app\Controllers\Admin\Home.php(35): view('admin/home', Array)
#10 C:\xampp7\htdocs\apps\surveypasar\vendor\codeigniter4\framework\system\CodeIgniter.php(918): App\Controllers\Admin\Home->index()
#11 C:\xampp7\htdocs\apps\surveypasar\vendor\codeigniter4\framework\system\CodeIgniter.php(404): CodeIgniter\CodeIgniter->runController(Object(App\Controllers\Admin\Home))
#12 C:\xampp7\htdocs\apps\surveypasar\vendor\codeigniter4\framework\system\CodeIgniter.php(312): CodeIgniter\CodeIgniter->handleRequest(NULL, Object(Config\Cache), false)
#13 C:\xampp7\htdocs\apps\surveypasar\public\index.php(45): CodeIgniter\CodeIgniter->run()
#14 {main}
CRITICAL - 2020-09-26 02:09:26 --> Undefined variable: SUB_SQL
#0 C:\xampp7\htdocs\apps\surveypasar\app\Controllers\Admin\Home.php(78): CodeIgniter\Debug\Exceptions->errorHandler(8, 'Undefined varia...', 'C:\\xampp7\\htdoc...', 78, Array)
#1 C:\xampp7\htdocs\apps\surveypasar\app\Controllers\Admin\Home.php(33): App\Controllers\Admin\Home->dash()
#2 C:\xampp7\htdocs\apps\surveypasar\vendor\codeigniter4\framework\system\CodeIgniter.php(918): App\Controllers\Admin\Home->index()
#3 C:\xampp7\htdocs\apps\surveypasar\vendor\codeigniter4\framework\system\CodeIgniter.php(404): CodeIgniter\CodeIgniter->runController(Object(App\Controllers\Admin\Home))
#4 C:\xampp7\htdocs\apps\surveypasar\vendor\codeigniter4\framework\system\CodeIgniter.php(312): CodeIgniter\CodeIgniter->handleRequest(NULL, Object(Config\Cache), false)
#5 C:\xampp7\htdocs\apps\surveypasar\public\index.php(45): CodeIgniter\CodeIgniter->run()
#6 {main}
CRITICAL - 2020-09-26 02:10:10 --> pg_query(): Query failed: ERROR:  invalid input syntax for integer: &quot;2020-09-01&quot;
LINE 3:         (select 1598936400 union all select '2020-09-01'  un...
                                                    ^
#0 [internal function]: CodeIgniter\Debug\Exceptions->errorHandler(2, 'pg_query(): Que...', 'C:\\xampp7\\htdoc...', 196, Array)
#1 C:\xampp7\htdocs\apps\surveypasar\vendor\codeigniter4\framework\system\Database\Postgre\Connection.php(196): pg_query(Resource id #178, '\r\n        selec...')
#2 C:\xampp7\htdocs\apps\surveypasar\vendor\codeigniter4\framework\system\Database\BaseConnection.php(741): CodeIgniter\Database\Postgre\Connection->execute('\r\n        selec...')
#3 C:\xampp7\htdocs\apps\surveypasar\vendor\codeigniter4\framework\system\Database\BaseConnection.php(669): CodeIgniter\Database\BaseConnection->simpleQuery('\r\n        selec...')
#4 C:\xampp7\htdocs\apps\surveypasar\app\Controllers\Admin\Home.php(84): CodeIgniter\Database\BaseConnection->query('\r\n        selec...')
#5 C:\xampp7\htdocs\apps\surveypasar\app\Controllers\Admin\Home.php(33): App\Controllers\Admin\Home->dash()
#6 C:\xampp7\htdocs\apps\surveypasar\vendor\codeigniter4\framework\system\CodeIgniter.php(918): App\Controllers\Admin\Home->index()
#7 C:\xampp7\htdocs\apps\surveypasar\vendor\codeigniter4\framework\system\CodeIgniter.php(404): CodeIgniter\CodeIgniter->runController(Object(App\Controllers\Admin\Home))
#8 C:\xampp7\htdocs\apps\surveypasar\vendor\codeigniter4\framework\system\CodeIgniter.php(312): CodeIgniter\CodeIgniter->handleRequest(NULL, Object(Config\Cache), false)
#9 C:\xampp7\htdocs\apps\surveypasar\public\index.php(45): CodeIgniter\CodeIgniter->run()
#10 {main}
CRITICAL - 2020-09-26 02:10:59 --> pg_query(): Query failed: ERROR:  invalid input syntax for integer: &quot;2020-09-01&quot;
LINE 3:         (select 2020-09-01 union all select '2020-09-01'  un...
                                                    ^
#0 [internal function]: CodeIgniter\Debug\Exceptions->errorHandler(2, 'pg_query(): Que...', 'C:\\xampp7\\htdoc...', 196, Array)
#1 C:\xampp7\htdocs\apps\surveypasar\vendor\codeigniter4\framework\system\Database\Postgre\Connection.php(196): pg_query(Resource id #178, '\r\n        selec...')
#2 C:\xampp7\htdocs\apps\surveypasar\vendor\codeigniter4\framework\system\Database\BaseConnection.php(741): CodeIgniter\Database\Postgre\Connection->execute('\r\n        selec...')
#3 C:\xampp7\htdocs\apps\surveypasar\vendor\codeigniter4\framework\system\Database\BaseConnection.php(669): CodeIgniter\Database\BaseConnection->simpleQuery('\r\n        selec...')
#4 C:\xampp7\htdocs\apps\surveypasar\app\Controllers\Admin\Home.php(84): CodeIgniter\Database\BaseConnection->query('\r\n        selec...')
#5 C:\xampp7\htdocs\apps\surveypasar\app\Controllers\Admin\Home.php(33): App\Controllers\Admin\Home->dash()
#6 C:\xampp7\htdocs\apps\surveypasar\vendor\codeigniter4\framework\system\CodeIgniter.php(918): App\Controllers\Admin\Home->index()
#7 C:\xampp7\htdocs\apps\surveypasar\vendor\codeigniter4\framework\system\CodeIgniter.php(404): CodeIgniter\CodeIgniter->runController(Object(App\Controllers\Admin\Home))
#8 C:\xampp7\htdocs\apps\surveypasar\vendor\codeigniter4\framework\system\CodeIgniter.php(312): CodeIgniter\CodeIgniter->handleRequest(NULL, Object(Config\Cache), false)
#9 C:\xampp7\htdocs\apps\surveypasar\public\index.php(45): CodeIgniter\CodeIgniter->run()
#10 {main}
CRITICAL - 2020-09-26 02:11:07 --> pg_query(): Query failed: ERROR:  invalid input syntax for integer: &quot;2020-09-01&quot;
LINE 3:         (select 2020-09-01 union all select '2020-09-01'  un...
                                                    ^
#0 [internal function]: CodeIgniter\Debug\Exceptions->errorHandler(2, 'pg_query(): Que...', 'C:\\xampp7\\htdoc...', 196, Array)
#1 C:\xampp7\htdocs\apps\surveypasar\vendor\codeigniter4\framework\system\Database\Postgre\Connection.php(196): pg_query(Resource id #178, '\r\n        selec...')
#2 C:\xampp7\htdocs\apps\surveypasar\vendor\codeigniter4\framework\system\Database\BaseConnection.php(741): CodeIgniter\Database\Postgre\Connection->execute('\r\n        selec...')
#3 C:\xampp7\htdocs\apps\surveypasar\vendor\codeigniter4\framework\system\Database\BaseConnection.php(669): CodeIgniter\Database\BaseConnection->simpleQuery('\r\n        selec...')
#4 C:\xampp7\htdocs\apps\surveypasar\app\Controllers\Admin\Home.php(84): CodeIgniter\Database\BaseConnection->query('\r\n        selec...')
#5 C:\xampp7\htdocs\apps\surveypasar\app\Controllers\Admin\Home.php(33): App\Controllers\Admin\Home->dash()
#6 C:\xampp7\htdocs\apps\surveypasar\vendor\codeigniter4\framework\system\CodeIgniter.php(918): App\Controllers\Admin\Home->index()
#7 C:\xampp7\htdocs\apps\surveypasar\vendor\codeigniter4\framework\system\CodeIgniter.php(404): CodeIgniter\CodeIgniter->runController(Object(App\Controllers\Admin\Home))
#8 C:\xampp7\htdocs\apps\surveypasar\vendor\codeigniter4\framework\system\CodeIgniter.php(312): CodeIgniter\CodeIgniter->handleRequest(NULL, Object(Config\Cache), false)
#9 C:\xampp7\htdocs\apps\surveypasar\public\index.php(45): CodeIgniter\CodeIgniter->run()
#10 {main}
CRITICAL - 2020-09-26 02:11:19 --> pg_query(): Query failed: ERROR:  invalid input syntax for integer: &quot;2020-09-01&quot;
LINE 3:         (select 2020-09-01 union all select '2020-09-01'  un...
                                                    ^
#0 [internal function]: CodeIgniter\Debug\Exceptions->errorHandler(2, 'pg_query(): Que...', 'C:\\xampp7\\htdoc...', 196, Array)
#1 C:\xampp7\htdocs\apps\surveypasar\vendor\codeigniter4\framework\system\Database\Postgre\Connection.php(196): pg_query(Resource id #178, '\r\n        selec...')
#2 C:\xampp7\htdocs\apps\surveypasar\vendor\codeigniter4\framework\system\Database\BaseConnection.php(741): CodeIgniter\Database\Postgre\Connection->execute('\r\n        selec...')
#3 C:\xampp7\htdocs\apps\surveypasar\vendor\codeigniter4\framework\system\Database\BaseConnection.php(669): CodeIgniter\Database\BaseConnection->simpleQuery('\r\n        selec...')
#4 C:\xampp7\htdocs\apps\surveypasar\app\Controllers\Admin\Home.php(84): CodeIgniter\Database\BaseConnection->query('\r\n        selec...')
#5 C:\xampp7\htdocs\apps\surveypasar\app\Controllers\Admin\Home.php(33): App\Controllers\Admin\Home->dash()
#6 C:\xampp7\htdocs\apps\surveypasar\vendor\codeigniter4\framework\system\CodeIgniter.php(918): App\Controllers\Admin\Home->index()
#7 C:\xampp7\htdocs\apps\surveypasar\vendor\codeigniter4\framework\system\CodeIgniter.php(404): CodeIgniter\CodeIgniter->runController(Object(App\Controllers\Admin\Home))
#8 C:\xampp7\htdocs\apps\surveypasar\vendor\codeigniter4\framework\system\CodeIgniter.php(312): CodeIgniter\CodeIgniter->handleRequest(NULL, Object(Config\Cache), false)
#9 C:\xampp7\htdocs\apps\surveypasar\public\index.php(45): CodeIgniter\CodeIgniter->run()
#10 {main}
CRITICAL - 2020-09-26 02:12:03 --> pg_query(): Query failed: ERROR:  column &quot;date&quot; does not exist
LINE 2:         select DATE AS tgl, (SELECT avg(survey_det_harga) FR...
                       ^
#0 [internal function]: CodeIgniter\Debug\Exceptions->errorHandler(2, 'pg_query(): Que...', 'C:\\xampp7\\htdoc...', 196, Array)
#1 C:\xampp7\htdocs\apps\surveypasar\vendor\codeigniter4\framework\system\Database\Postgre\Connection.php(196): pg_query(Resource id #178, '\r\n        selec...')
#2 C:\xampp7\htdocs\apps\surveypasar\vendor\codeigniter4\framework\system\Database\BaseConnection.php(741): CodeIgniter\Database\Postgre\Connection->execute('\r\n        selec...')
#3 C:\xampp7\htdocs\apps\surveypasar\vendor\codeigniter4\framework\system\Database\BaseConnection.php(669): CodeIgniter\Database\BaseConnection->simpleQuery('\r\n        selec...')
#4 C:\xampp7\htdocs\apps\surveypasar\app\Controllers\Admin\Home.php(85): CodeIgniter\Database\BaseConnection->query('\r\n        selec...')
#5 C:\xampp7\htdocs\apps\surveypasar\app\Controllers\Admin\Home.php(33): App\Controllers\Admin\Home->dash()
#6 C:\xampp7\htdocs\apps\surveypasar\vendor\codeigniter4\framework\system\CodeIgniter.php(918): App\Controllers\Admin\Home->index()
#7 C:\xampp7\htdocs\apps\surveypasar\vendor\codeigniter4\framework\system\CodeIgniter.php(404): CodeIgniter\CodeIgniter->runController(Object(App\Controllers\Admin\Home))
#8 C:\xampp7\htdocs\apps\surveypasar\vendor\codeigniter4\framework\system\CodeIgniter.php(312): CodeIgniter\CodeIgniter->handleRequest(NULL, Object(Config\Cache), false)
#9 C:\xampp7\htdocs\apps\surveypasar\public\index.php(45): CodeIgniter\CodeIgniter->run()
#10 {main}
CRITICAL - 2020-09-26 02:12:05 --> pg_query(): Query failed: ERROR:  column &quot;date&quot; does not exist
LINE 2:         select DATE AS tgl, (SELECT avg(survey_det_harga) FR...
                       ^
#0 [internal function]: CodeIgniter\Debug\Exceptions->errorHandler(2, 'pg_query(): Que...', 'C:\\xampp7\\htdoc...', 196, Array)
#1 C:\xampp7\htdocs\apps\surveypasar\vendor\codeigniter4\framework\system\Database\Postgre\Connection.php(196): pg_query(Resource id #178, '\r\n        selec...')
#2 C:\xampp7\htdocs\apps\surveypasar\vendor\codeigniter4\framework\system\Database\BaseConnection.php(741): CodeIgniter\Database\Postgre\Connection->execute('\r\n        selec...')
#3 C:\xampp7\htdocs\apps\surveypasar\vendor\codeigniter4\framework\system\Database\BaseConnection.php(669): CodeIgniter\Database\BaseConnection->simpleQuery('\r\n        selec...')
#4 C:\xampp7\htdocs\apps\surveypasar\app\Controllers\Admin\Home.php(85): CodeIgniter\Database\BaseConnection->query('\r\n        selec...')
#5 C:\xampp7\htdocs\apps\surveypasar\app\Controllers\Admin\Home.php(33): App\Controllers\Admin\Home->dash()
#6 C:\xampp7\htdocs\apps\surveypasar\vendor\codeigniter4\framework\system\CodeIgniter.php(918): App\Controllers\Admin\Home->index()
#7 C:\xampp7\htdocs\apps\surveypasar\vendor\codeigniter4\framework\system\CodeIgniter.php(404): CodeIgniter\CodeIgniter->runController(Object(App\Controllers\Admin\Home))
#8 C:\xampp7\htdocs\apps\surveypasar\vendor\codeigniter4\framework\system\CodeIgniter.php(312): CodeIgniter\CodeIgniter->handleRequest(NULL, Object(Config\Cache), false)
#9 C:\xampp7\htdocs\apps\surveypasar\public\index.php(45): CodeIgniter\CodeIgniter->run()
#10 {main}
CRITICAL - 2020-09-26 02:12:48 --> pg_query(): Query failed: ERROR:  column &quot;date&quot; does not exist
LINE 1: select DATE AS tgl, (SELECT avg(survey_det_harga) FROM surve...
               ^
#0 [internal function]: CodeIgniter\Debug\Exceptions->errorHandler(2, 'pg_query(): Que...', 'C:\\xampp7\\htdoc...', 196, Array)
#1 C:\xampp7\htdocs\apps\surveypasar\vendor\codeigniter4\framework\system\Database\Postgre\Connection.php(196): pg_query(Resource id #178, 'select DATE AS ...')
#2 C:\xampp7\htdocs\apps\surveypasar\vendor\codeigniter4\framework\system\Database\BaseConnection.php(741): CodeIgniter\Database\Postgre\Connection->execute('select DATE AS ...')
#3 C:\xampp7\htdocs\apps\surveypasar\vendor\codeigniter4\framework\system\Database\BaseConnection.php(669): CodeIgniter\Database\BaseConnection->simpleQuery('select DATE AS ...')
#4 C:\xampp7\htdocs\apps\surveypasar\app\Controllers\Admin\Home.php(84): CodeIgniter\Database\BaseConnection->query('select DATE AS ...')
#5 C:\xampp7\htdocs\apps\surveypasar\app\Controllers\Admin\Home.php(33): App\Controllers\Admin\Home->dash()
#6 C:\xampp7\htdocs\apps\surveypasar\vendor\codeigniter4\framework\system\CodeIgniter.php(918): App\Controllers\Admin\Home->index()
#7 C:\xampp7\htdocs\apps\surveypasar\vendor\codeigniter4\framework\system\CodeIgniter.php(404): CodeIgniter\CodeIgniter->runController(Object(App\Controllers\Admin\Home))
#8 C:\xampp7\htdocs\apps\surveypasar\vendor\codeigniter4\framework\system\CodeIgniter.php(312): CodeIgniter\CodeIgniter->handleRequest(NULL, Object(Config\Cache), false)
#9 C:\xampp7\htdocs\apps\surveypasar\public\index.php(45): CodeIgniter\CodeIgniter->run()
#10 {main}
CRITICAL - 2020-09-26 02:20:21 --> Undefined index: avg
#0 C:\xampp7\htdocs\apps\surveypasar\app\Controllers\Admin\Home.php(86): CodeIgniter\Debug\Exceptions->errorHandler(8, 'Undefined index...', 'C:\\xampp7\\htdoc...', 86, Array)
#1 C:\xampp7\htdocs\apps\surveypasar\app\Controllers\Admin\Home.php(33): App\Controllers\Admin\Home->dash()
#2 C:\xampp7\htdocs\apps\surveypasar\vendor\codeigniter4\framework\system\CodeIgniter.php(918): App\Controllers\Admin\Home->index()
#3 C:\xampp7\htdocs\apps\surveypasar\vendor\codeigniter4\framework\system\CodeIgniter.php(404): CodeIgniter\CodeIgniter->runController(Object(App\Controllers\Admin\Home))
#4 C:\xampp7\htdocs\apps\surveypasar\vendor\codeigniter4\framework\system\CodeIgniter.php(312): CodeIgniter\CodeIgniter->handleRequest(NULL, Object(Config\Cache), false)
#5 C:\xampp7\htdocs\apps\surveypasar\public\index.php(45): CodeIgniter\CodeIgniter->run()
#6 {main}
CRITICAL - 2020-09-26 02:26:40 --> Illegal string offset 'series'
#0 C:\xampp7\htdocs\apps\surveypasar\app\Views\admin\home.php(33): CodeIgniter\Debug\Exceptions->errorHandler(2, 'Illegal string ...', 'C:\\xampp7\\htdoc...', 33, Array)
#1 C:\xampp7\htdocs\apps\surveypasar\vendor\codeigniter4\framework\system\View\View.php(246): include('C:\\xampp7\\htdoc...')
#2 C:\xampp7\htdocs\apps\surveypasar\vendor\codeigniter4\framework\system\Common.php(1119): CodeIgniter\View\View->render('admin/home', Array, true)
#3 C:\xampp7\htdocs\apps\surveypasar\app\Controllers\Admin\Home.php(35): view('admin/home', Array)
#4 C:\xampp7\htdocs\apps\surveypasar\vendor\codeigniter4\framework\system\CodeIgniter.php(918): App\Controllers\Admin\Home->index()
#5 C:\xampp7\htdocs\apps\surveypasar\vendor\codeigniter4\framework\system\CodeIgniter.php(404): CodeIgniter\CodeIgniter->runController(Object(App\Controllers\Admin\Home))
#6 C:\xampp7\htdocs\apps\surveypasar\vendor\codeigniter4\framework\system\CodeIgniter.php(312): CodeIgniter\CodeIgniter->handleRequest(NULL, Object(Config\Cache), false)
#7 C:\xampp7\htdocs\apps\surveypasar\public\index.php(45): CodeIgniter\CodeIgniter->run()
#8 {main}
CRITICAL - 2020-09-26 02:27:07 --> Array to string conversion
#0 C:\xampp7\htdocs\apps\surveypasar\app\Views\admin\home.php(33): CodeIgniter\Debug\Exceptions->errorHandler(8, 'Array to string...', 'C:\\xampp7\\htdoc...', 33, Array)
#1 C:\xampp7\htdocs\apps\surveypasar\vendor\codeigniter4\framework\system\View\View.php(246): include('C:\\xampp7\\htdoc...')
#2 C:\xampp7\htdocs\apps\surveypasar\vendor\codeigniter4\framework\system\Common.php(1119): CodeIgniter\View\View->render('admin/home', Array, true)
#3 C:\xampp7\htdocs\apps\surveypasar\app\Controllers\Admin\Home.php(35): view('admin/home', Array)
#4 C:\xampp7\htdocs\apps\surveypasar\vendor\codeigniter4\framework\system\CodeIgniter.php(918): App\Controllers\Admin\Home->index()
#5 C:\xampp7\htdocs\apps\surveypasar\vendor\codeigniter4\framework\system\CodeIgniter.php(404): CodeIgniter\CodeIgniter->runController(Object(App\Controllers\Admin\Home))
#6 C:\xampp7\htdocs\apps\surveypasar\vendor\codeigniter4\framework\system\CodeIgniter.php(312): CodeIgniter\CodeIgniter->handleRequest(NULL, Object(Config\Cache), false)
#7 C:\xampp7\htdocs\apps\surveypasar\public\index.php(45): CodeIgniter\CodeIgniter->run()
#8 {main}
CRITICAL - 2020-09-26 02:27:49 --> Array to string conversion
#0 C:\xampp7\htdocs\apps\surveypasar\app\Views\admin\home.php(33): CodeIgniter\Debug\Exceptions->errorHandler(8, 'Array to string...', 'C:\\xampp7\\htdoc...', 33, Array)
#1 C:\xampp7\htdocs\apps\surveypasar\vendor\codeigniter4\framework\system\View\View.php(246): include('C:\\xampp7\\htdoc...')
#2 C:\xampp7\htdocs\apps\surveypasar\vendor\codeigniter4\framework\system\Common.php(1119): CodeIgniter\View\View->render('admin/home', Array, true)
#3 C:\xampp7\htdocs\apps\surveypasar\app\Controllers\Admin\Home.php(35): view('admin/home', Array)
#4 C:\xampp7\htdocs\apps\surveypasar\vendor\codeigniter4\framework\system\CodeIgniter.php(918): App\Controllers\Admin\Home->index()
#5 C:\xampp7\htdocs\apps\surveypasar\vendor\codeigniter4\framework\system\CodeIgniter.php(404): CodeIgniter\CodeIgniter->runController(Object(App\Controllers\Admin\Home))
#6 C:\xampp7\htdocs\apps\surveypasar\vendor\codeigniter4\framework\system\CodeIgniter.php(312): CodeIgniter\CodeIgniter->handleRequest(NULL, Object(Config\Cache), false)
#7 C:\xampp7\htdocs\apps\surveypasar\public\index.php(45): CodeIgniter\CodeIgniter->run()
#8 {main}
CRITICAL - 2020-09-26 02:28:51 --> Array to string conversion
#0 C:\xampp7\htdocs\apps\surveypasar\app\Views\admin\home.php(33): CodeIgniter\Debug\Exceptions->errorHandler(8, 'Array to string...', 'C:\\xampp7\\htdoc...', 33, Array)
#1 C:\xampp7\htdocs\apps\surveypasar\vendor\codeigniter4\framework\system\View\View.php(246): include('C:\\xampp7\\htdoc...')
#2 C:\xampp7\htdocs\apps\surveypasar\vendor\codeigniter4\framework\system\Common.php(1119): CodeIgniter\View\View->render('admin/home', Array, true)
#3 C:\xampp7\htdocs\apps\surveypasar\app\Controllers\Admin\Home.php(35): view('admin/home', Array)
#4 C:\xampp7\htdocs\apps\surveypasar\vendor\codeigniter4\framework\system\CodeIgniter.php(918): App\Controllers\Admin\Home->index()
#5 C:\xampp7\htdocs\apps\surveypasar\vendor\codeigniter4\framework\system\CodeIgniter.php(404): CodeIgniter\CodeIgniter->runController(Object(App\Controllers\Admin\Home))
#6 C:\xampp7\htdocs\apps\surveypasar\vendor\codeigniter4\framework\system\CodeIgniter.php(312): CodeIgniter\CodeIgniter->handleRequest(NULL, Object(Config\Cache), false)
#7 C:\xampp7\htdocs\apps\surveypasar\public\index.php(45): CodeIgniter\CodeIgniter->run()
#8 {main}
CRITICAL - 2020-09-26 02:29:00 --> Array to string conversion
#0 C:\xampp7\htdocs\apps\surveypasar\app\Views\admin\home.php(33): CodeIgniter\Debug\Exceptions->errorHandler(8, 'Array to string...', 'C:\\xampp7\\htdoc...', 33, Array)
#1 C:\xampp7\htdocs\apps\surveypasar\vendor\codeigniter4\framework\system\View\View.php(246): include('C:\\xampp7\\htdoc...')
#2 C:\xampp7\htdocs\apps\surveypasar\vendor\codeigniter4\framework\system\Common.php(1119): CodeIgniter\View\View->render('admin/home', Array, true)
#3 C:\xampp7\htdocs\apps\surveypasar\app\Controllers\Admin\Home.php(35): view('admin/home', Array)
#4 C:\xampp7\htdocs\apps\surveypasar\vendor\codeigniter4\framework\system\CodeIgniter.php(918): App\Controllers\Admin\Home->index()
#5 C:\xampp7\htdocs\apps\surveypasar\vendor\codeigniter4\framework\system\CodeIgniter.php(404): CodeIgniter\CodeIgniter->runController(Object(App\Controllers\Admin\Home))
#6 C:\xampp7\htdocs\apps\surveypasar\vendor\codeigniter4\framework\system\CodeIgniter.php(312): CodeIgniter\CodeIgniter->handleRequest(NULL, Object(Config\Cache), false)
#7 C:\xampp7\htdocs\apps\surveypasar\public\index.php(45): CodeIgniter\CodeIgniter->run()
#8 {main}
CRITICAL - 2020-09-26 02:34:05 --> Illegal string offset 'data'
#0 C:\xampp7\htdocs\apps\surveypasar\app\Views\admin\home.php(33): CodeIgniter\Debug\Exceptions->errorHandler(2, 'Illegal string ...', 'C:\\xampp7\\htdoc...', 33, Array)
#1 C:\xampp7\htdocs\apps\surveypasar\vendor\codeigniter4\framework\system\View\View.php(246): include('C:\\xampp7\\htdoc...')
#2 C:\xampp7\htdocs\apps\surveypasar\vendor\codeigniter4\framework\system\Common.php(1119): CodeIgniter\View\View->render('admin/home', Array, true)
#3 C:\xampp7\htdocs\apps\surveypasar\app\Controllers\Admin\Home.php(35): view('admin/home', Array)
#4 C:\xampp7\htdocs\apps\surveypasar\vendor\codeigniter4\framework\system\CodeIgniter.php(918): App\Controllers\Admin\Home->index()
#5 C:\xampp7\htdocs\apps\surveypasar\vendor\codeigniter4\framework\system\CodeIgniter.php(404): CodeIgniter\CodeIgniter->runController(Object(App\Controllers\Admin\Home))
#6 C:\xampp7\htdocs\apps\surveypasar\vendor\codeigniter4\framework\system\CodeIgniter.php(312): CodeIgniter\CodeIgniter->handleRequest(NULL, Object(Config\Cache), false)
#7 C:\xampp7\htdocs\apps\surveypasar\public\index.php(45): CodeIgniter\CodeIgniter->run()
#8 {main}
CRITICAL - 2020-09-26 02:34:38 --> Array to string conversion
#0 C:\xampp7\htdocs\apps\surveypasar\app\Views\admin\home.php(33): CodeIgniter\Debug\Exceptions->errorHandler(8, 'Array to string...', 'C:\\xampp7\\htdoc...', 33, Array)
#1 C:\xampp7\htdocs\apps\surveypasar\vendor\codeigniter4\framework\system\View\View.php(246): include('C:\\xampp7\\htdoc...')
#2 C:\xampp7\htdocs\apps\surveypasar\vendor\codeigniter4\framework\system\Common.php(1119): CodeIgniter\View\View->render('admin/home', Array, true)
#3 C:\xampp7\htdocs\apps\surveypasar\app\Controllers\Admin\Home.php(35): view('admin/home', Array)
#4 C:\xampp7\htdocs\apps\surveypasar\vendor\codeigniter4\framework\system\CodeIgniter.php(918): App\Controllers\Admin\Home->index()
#5 C:\xampp7\htdocs\apps\surveypasar\vendor\codeigniter4\framework\system\CodeIgniter.php(404): CodeIgniter\CodeIgniter->runController(Object(App\Controllers\Admin\Home))
#6 C:\xampp7\htdocs\apps\surveypasar\vendor\codeigniter4\framework\system\CodeIgniter.php(312): CodeIgniter\CodeIgniter->handleRequest(NULL, Object(Config\Cache), false)
#7 C:\xampp7\htdocs\apps\surveypasar\public\index.php(45): CodeIgniter\CodeIgniter->run()
#8 {main}
CRITICAL - 2020-09-26 02:35:45 --> Array to string conversion
#0 C:\xampp7\htdocs\apps\surveypasar\app\Views\admin\home.php(31): CodeIgniter\Debug\Exceptions->errorHandler(8, 'Array to string...', 'C:\\xampp7\\htdoc...', 31, Array)
#1 C:\xampp7\htdocs\apps\surveypasar\vendor\codeigniter4\framework\system\View\View.php(246): include('C:\\xampp7\\htdoc...')
#2 C:\xampp7\htdocs\apps\surveypasar\vendor\codeigniter4\framework\system\Common.php(1119): CodeIgniter\View\View->render('admin/home', Array, true)
#3 C:\xampp7\htdocs\apps\surveypasar\app\Controllers\Admin\Home.php(33): view('admin/home', Array)
#4 C:\xampp7\htdocs\apps\surveypasar\vendor\codeigniter4\framework\system\CodeIgniter.php(918): App\Controllers\Admin\Home->index()
#5 C:\xampp7\htdocs\apps\surveypasar\vendor\codeigniter4\framework\system\CodeIgniter.php(404): CodeIgniter\CodeIgniter->runController(Object(App\Controllers\Admin\Home))
#6 C:\xampp7\htdocs\apps\surveypasar\vendor\codeigniter4\framework\system\CodeIgniter.php(312): CodeIgniter\CodeIgniter->handleRequest(NULL, Object(Config\Cache), false)
#7 C:\xampp7\htdocs\apps\surveypasar\public\index.php(45): CodeIgniter\CodeIgniter->run()
#8 {main}
