CRITICAL - 2020-12-05 20:02:17 --> Trying to access array offset on value of type null
#0 C:\xampp7\htdocs\apps\sidamis\app\Views\template\default.php(114): CodeIgniter\Debug\Exceptions->errorHandler(8, 'Trying to acces...', 'C:\\xampp7\\htdoc...', 114, Array)
#1 C:\xampp7\htdocs\apps\sidamis\vendor\codeigniter4\framework\system\View\View.php(246): include('C:\\xampp7\\htdoc...')
#2 C:\xampp7\htdocs\apps\sidamis\vendor\codeigniter4\framework\system\View\View.php(257): CodeIgniter\View\View->render('template/defaul...', Array, true)
#3 C:\xampp7\htdocs\apps\sidamis\vendor\codeigniter4\framework\system\Common.php(1119): CodeIgniter\View\View->render('global/list', Array, true)
#4 C:\xampp7\htdocs\apps\sidamis\app\Controllers\Home.php(15): view('global/list', Array)
#5 C:\xampp7\htdocs\apps\sidamis\vendor\codeigniter4\framework\system\CodeIgniter.php(918): App\Controllers\Home->index()
#6 C:\xampp7\htdocs\apps\sidamis\vendor\codeigniter4\framework\system\CodeIgniter.php(404): CodeIgniter\CodeIgniter->runController(Object(App\Controllers\Home))
#7 C:\xampp7\htdocs\apps\sidamis\vendor\codeigniter4\framework\system\CodeIgniter.php(312): CodeIgniter\CodeIgniter->handleRequest(NULL, Object(Config\Cache), false)
#8 C:\xampp7\htdocs\apps\sidamis\public\index.php(45): CodeIgniter\CodeIgniter->run()
#9 {main}
CRITICAL - 2020-12-05 20:59:29 --> Unable to connect to the database.
#0 D:\xampp\htdocs\sidamis\vendor\codeigniter4\framework\system\Database\BaseConnection.php(646): CodeIgniter\Database\BaseConnection->initialize()
#1 D:\xampp\htdocs\sidamis\app\Controllers\Login.php(16): CodeIgniter\Database\BaseConnection->query('select * from p...')
#2 D:\xampp\htdocs\sidamis\vendor\codeigniter4\framework\system\CodeIgniter.php(918): App\Controllers\Login->auth()
#3 D:\xampp\htdocs\sidamis\vendor\codeigniter4\framework\system\CodeIgniter.php(404): CodeIgniter\CodeIgniter->runController(Object(App\Controllers\Login))
#4 D:\xampp\htdocs\sidamis\vendor\codeigniter4\framework\system\CodeIgniter.php(312): CodeIgniter\CodeIgniter->handleRequest(NULL, Object(Config\Cache), false)
#5 D:\xampp\htdocs\sidamis\public\index.php(45): CodeIgniter\CodeIgniter->run()
#6 {main}
CRITICAL - 2020-12-05 21:00:01 --> Unable to connect to the database.
#0 D:\xampp\htdocs\sidamis\vendor\codeigniter4\framework\system\Database\BaseConnection.php(646): CodeIgniter\Database\BaseConnection->initialize()
#1 D:\xampp\htdocs\sidamis\app\Controllers\Login.php(16): CodeIgniter\Database\BaseConnection->query('select * from p...')
#2 D:\xampp\htdocs\sidamis\vendor\codeigniter4\framework\system\CodeIgniter.php(918): App\Controllers\Login->auth()
#3 D:\xampp\htdocs\sidamis\vendor\codeigniter4\framework\system\CodeIgniter.php(404): CodeIgniter\CodeIgniter->runController(Object(App\Controllers\Login))
#4 D:\xampp\htdocs\sidamis\vendor\codeigniter4\framework\system\CodeIgniter.php(312): CodeIgniter\CodeIgniter->handleRequest(NULL, Object(Config\Cache), false)
#5 D:\xampp\htdocs\sidamis\public\index.php(45): CodeIgniter\CodeIgniter->run()
#6 {main}
CRITICAL - 2020-12-05 21:14:46 --> syntax error, unexpected '}'
#0 D:\xampp\htdocs\sidamis\vendor\codeigniter4\framework\system\Router\Router.php(195): CodeIgniter\Router\Router->autoRoute('admin/berita')
#1 D:\xampp\htdocs\sidamis\vendor\codeigniter4\framework\system\CodeIgniter.php(793): CodeIgniter\Router\Router->handle('admin/berita')
#2 D:\xampp\htdocs\sidamis\vendor\codeigniter4\framework\system\CodeIgniter.php(364): CodeIgniter\CodeIgniter->tryToRouteIt(Object(CodeIgniter\Router\RouteCollection))
#3 D:\xampp\htdocs\sidamis\vendor\codeigniter4\framework\system\CodeIgniter.php(312): CodeIgniter\CodeIgniter->handleRequest(NULL, Object(Config\Cache), false)
#4 D:\xampp\htdocs\sidamis\public\index.php(45): CodeIgniter\CodeIgniter->run()
#5 {main}
CRITICAL - 2020-12-05 21:15:44 --> Undefined index: pageSize
#0 D:\xampp\htdocs\sidamis\app\Libraries\SmartComponent\Datasource.php(55): CodeIgniter\Debug\Exceptions->errorHandler(8, 'Undefined index...', 'D:\\xampp\\htdocs...', 55, Array)
#1 D:\xampp\htdocs\sidamis\app\Libraries\SmartComponent\Grid.php(172): App\Libraries\SmartComponent\Datasource->run()
#2 D:\xampp\htdocs\sidamis\app\Libraries\SmartComponent\Grid.php(127): App\Libraries\SmartComponent\Grid->get_datasource()
#3 D:\xampp\htdocs\sidamis\app\Controllers\Admin\Berita.php(70): App\Libraries\SmartComponent\Grid->output()
#4 D:\xampp\htdocs\sidamis\vendor\codeigniter4\framework\system\CodeIgniter.php(918): App\Controllers\Admin\Berita->grid()
#5 D:\xampp\htdocs\sidamis\vendor\codeigniter4\framework\system\CodeIgniter.php(404): CodeIgniter\CodeIgniter->runController(Object(App\Controllers\Admin\Berita))
#6 D:\xampp\htdocs\sidamis\vendor\codeigniter4\framework\system\CodeIgniter.php(312): CodeIgniter\CodeIgniter->handleRequest(NULL, Object(Config\Cache), false)
#7 D:\xampp\htdocs\sidamis\public\index.php(45): CodeIgniter\CodeIgniter->run()
#8 {main}
CRITICAL - 2020-12-05 21:17:39 --> Undefined index: pageSize
#0 D:\xampp\htdocs\sidamis\app\Libraries\SmartComponent\Datasource.php(55): CodeIgniter\Debug\Exceptions->errorHandler(8, 'Undefined index...', 'D:\\xampp\\htdocs...', 55, Array)
#1 D:\xampp\htdocs\sidamis\app\Libraries\SmartComponent\Grid.php(172): App\Libraries\SmartComponent\Datasource->run()
#2 D:\xampp\htdocs\sidamis\app\Libraries\SmartComponent\Grid.php(127): App\Libraries\SmartComponent\Grid->get_datasource()
#3 D:\xampp\htdocs\sidamis\app\Controllers\Admin\Berita.php(70): App\Libraries\SmartComponent\Grid->output()
#4 D:\xampp\htdocs\sidamis\vendor\codeigniter4\framework\system\CodeIgniter.php(918): App\Controllers\Admin\Berita->grid()
#5 D:\xampp\htdocs\sidamis\vendor\codeigniter4\framework\system\CodeIgniter.php(404): CodeIgniter\CodeIgniter->runController(Object(App\Controllers\Admin\Berita))
#6 D:\xampp\htdocs\sidamis\vendor\codeigniter4\framework\system\CodeIgniter.php(312): CodeIgniter\CodeIgniter->handleRequest(NULL, Object(Config\Cache), false)
#7 D:\xampp\htdocs\sidamis\public\index.php(45): CodeIgniter\CodeIgniter->run()
#8 {main}
CRITICAL - 2020-12-05 21:17:40 --> Undefined index: pageSize
#0 D:\xampp\htdocs\sidamis\app\Libraries\SmartComponent\Datasource.php(55): CodeIgniter\Debug\Exceptions->errorHandler(8, 'Undefined index...', 'D:\\xampp\\htdocs...', 55, Array)
#1 D:\xampp\htdocs\sidamis\app\Libraries\SmartComponent\Grid.php(172): App\Libraries\SmartComponent\Datasource->run()
#2 D:\xampp\htdocs\sidamis\app\Libraries\SmartComponent\Grid.php(127): App\Libraries\SmartComponent\Grid->get_datasource()
#3 D:\xampp\htdocs\sidamis\app\Controllers\Admin\Berita.php(70): App\Libraries\SmartComponent\Grid->output()
#4 D:\xampp\htdocs\sidamis\vendor\codeigniter4\framework\system\CodeIgniter.php(918): App\Controllers\Admin\Berita->grid()
#5 D:\xampp\htdocs\sidamis\vendor\codeigniter4\framework\system\CodeIgniter.php(404): CodeIgniter\CodeIgniter->runController(Object(App\Controllers\Admin\Berita))
#6 D:\xampp\htdocs\sidamis\vendor\codeigniter4\framework\system\CodeIgniter.php(312): CodeIgniter\CodeIgniter->handleRequest(NULL, Object(Config\Cache), false)
#7 D:\xampp\htdocs\sidamis\public\index.php(45): CodeIgniter\CodeIgniter->run()
#8 {main}
CRITICAL - 2020-12-05 21:17:41 --> Undefined index: pageSize
#0 D:\xampp\htdocs\sidamis\app\Libraries\SmartComponent\Datasource.php(55): CodeIgniter\Debug\Exceptions->errorHandler(8, 'Undefined index...', 'D:\\xampp\\htdocs...', 55, Array)
#1 D:\xampp\htdocs\sidamis\app\Libraries\SmartComponent\Grid.php(172): App\Libraries\SmartComponent\Datasource->run()
#2 D:\xampp\htdocs\sidamis\app\Libraries\SmartComponent\Grid.php(127): App\Libraries\SmartComponent\Grid->get_datasource()
#3 D:\xampp\htdocs\sidamis\app\Controllers\Admin\Berita.php(70): App\Libraries\SmartComponent\Grid->output()
#4 D:\xampp\htdocs\sidamis\vendor\codeigniter4\framework\system\CodeIgniter.php(918): App\Controllers\Admin\Berita->grid()
#5 D:\xampp\htdocs\sidamis\vendor\codeigniter4\framework\system\CodeIgniter.php(404): CodeIgniter\CodeIgniter->runController(Object(App\Controllers\Admin\Berita))
#6 D:\xampp\htdocs\sidamis\vendor\codeigniter4\framework\system\CodeIgniter.php(312): CodeIgniter\CodeIgniter->handleRequest(NULL, Object(Config\Cache), false)
#7 D:\xampp\htdocs\sidamis\public\index.php(45): CodeIgniter\CodeIgniter->run()
#8 {main}
CRITICAL - 2020-12-05 21:17:45 --> Undefined index: pageSize
#0 D:\xampp\htdocs\sidamis\app\Libraries\SmartComponent\Datasource.php(55): CodeIgniter\Debug\Exceptions->errorHandler(8, 'Undefined index...', 'D:\\xampp\\htdocs...', 55, Array)
#1 D:\xampp\htdocs\sidamis\app\Libraries\SmartComponent\Grid.php(172): App\Libraries\SmartComponent\Datasource->run()
#2 D:\xampp\htdocs\sidamis\app\Libraries\SmartComponent\Grid.php(127): App\Libraries\SmartComponent\Grid->get_datasource()
#3 D:\xampp\htdocs\sidamis\app\Controllers\Admin\Berita.php(70): App\Libraries\SmartComponent\Grid->output()
#4 D:\xampp\htdocs\sidamis\vendor\codeigniter4\framework\system\CodeIgniter.php(918): App\Controllers\Admin\Berita->grid()
#5 D:\xampp\htdocs\sidamis\vendor\codeigniter4\framework\system\CodeIgniter.php(404): CodeIgniter\CodeIgniter->runController(Object(App\Controllers\Admin\Berita))
#6 D:\xampp\htdocs\sidamis\vendor\codeigniter4\framework\system\CodeIgniter.php(312): CodeIgniter\CodeIgniter->handleRequest(NULL, Object(Config\Cache), false)
#7 D:\xampp\htdocs\sidamis\public\index.php(45): CodeIgniter\CodeIgniter->run()
#8 {main}
CRITICAL - 2020-12-05 21:28:05 --> syntax error, unexpected 'approve' (T_STRING)
#0 D:\xampp\htdocs\sidamis\vendor\codeigniter4\framework\system\Router\Router.php(195): CodeIgniter\Router\Router->autoRoute('admin/berita/gr...')
#1 D:\xampp\htdocs\sidamis\vendor\codeigniter4\framework\system\CodeIgniter.php(793): CodeIgniter\Router\Router->handle('admin/berita/gr...')
#2 D:\xampp\htdocs\sidamis\vendor\codeigniter4\framework\system\CodeIgniter.php(364): CodeIgniter\CodeIgniter->tryToRouteIt(Object(CodeIgniter\Router\RouteCollection))
#3 D:\xampp\htdocs\sidamis\vendor\codeigniter4\framework\system\CodeIgniter.php(312): CodeIgniter\CodeIgniter->handleRequest(NULL, Object(Config\Cache), false)
#4 D:\xampp\htdocs\sidamis\public\index.php(45): CodeIgniter\CodeIgniter->run()
#5 {main}
CRITICAL - 2020-12-05 21:34:02 --> Undefined variable: search
#0 D:\xampp\htdocs\sidamis\app\Views\admin\berita\list.php(11): CodeIgniter\Debug\Exceptions->errorHandler(8, 'Undefined varia...', 'D:\\xampp\\htdocs...', 11, Array)
#1 D:\xampp\htdocs\sidamis\vendor\codeigniter4\framework\system\View\View.php(246): include('D:\\xampp\\htdocs...')
#2 D:\xampp\htdocs\sidamis\vendor\codeigniter4\framework\system\Common.php(1119): CodeIgniter\View\View->render('admin/berita/li...', Array, true)
#3 D:\xampp\htdocs\sidamis\app\Controllers\Admin\Berita.php(17): view('admin/berita/li...', Array)
#4 D:\xampp\htdocs\sidamis\vendor\codeigniter4\framework\system\CodeIgniter.php(918): App\Controllers\Admin\Berita->index()
#5 D:\xampp\htdocs\sidamis\vendor\codeigniter4\framework\system\CodeIgniter.php(404): CodeIgniter\CodeIgniter->runController(Object(App\Controllers\Admin\Berita))
#6 D:\xampp\htdocs\sidamis\vendor\codeigniter4\framework\system\CodeIgniter.php(312): CodeIgniter\CodeIgniter->handleRequest(NULL, Object(Config\Cache), false)
#7 D:\xampp\htdocs\sidamis\public\index.php(45): CodeIgniter\CodeIgniter->run()
#8 {main}
CRITICAL - 2020-12-05 21:42:25 --> pg_query(): Query failed: ERROR:  relation &quot;users&quot; does not exist
LINE 1: select user_id as id, user_name as label from users  
                                                      ^
#0 [internal function]: CodeIgniter\Debug\Exceptions->errorHandler(2, 'pg_query(): Que...', 'D:\\xampp\\htdocs...', 196, Array)
#1 D:\xampp\htdocs\sidamis\vendor\codeigniter4\framework\system\Database\Postgre\Connection.php(196): pg_query(Resource id #183, 'select user_id ...')
#2 D:\xampp\htdocs\sidamis\vendor\codeigniter4\framework\system\Database\BaseConnection.php(741): CodeIgniter\Database\Postgre\Connection->execute('select user_id ...')
#3 D:\xampp\htdocs\sidamis\vendor\codeigniter4\framework\system\Database\BaseConnection.php(669): CodeIgniter\Database\BaseConnection->simpleQuery('select user_id ...')
#4 D:\xampp\htdocs\sidamis\app\Libraries\SmartComponent\Form.php(181): CodeIgniter\Database\BaseConnection->query('select user_id ...')
#5 D:\xampp\htdocs\sidamis\app\Controllers\Admin\Berita.php(92): App\Libraries\SmartComponent\Form->add('berita_tipe', 'Judul tipe', 'select', false, NULL, 'style="width:10...', Array)
#6 D:\xampp\htdocs\sidamis\app\Controllers\Admin\Berita.php(14): App\Controllers\Admin\Berita->search()
#7 D:\xampp\htdocs\sidamis\vendor\codeigniter4\framework\system\CodeIgniter.php(918): App\Controllers\Admin\Berita->index()
#8 D:\xampp\htdocs\sidamis\vendor\codeigniter4\framework\system\CodeIgniter.php(404): CodeIgniter\CodeIgniter->runController(Object(App\Controllers\Admin\Berita))
#9 D:\xampp\htdocs\sidamis\vendor\codeigniter4\framework\system\CodeIgniter.php(312): CodeIgniter\CodeIgniter->handleRequest(NULL, Object(Config\Cache), false)
#10 D:\xampp\htdocs\sidamis\public\index.php(45): CodeIgniter\CodeIgniter->run()
#11 {main}
CRITICAL - 2020-12-05 21:42:40 --> pg_query(): Query failed: ERROR:  column &quot;user_id&quot; does not exist
LINE 1: select user_id as id, user_name as label from user  
               ^
HINT:  Perhaps you meant to reference the column &quot;user.user&quot;.
#0 [internal function]: CodeIgniter\Debug\Exceptions->errorHandler(2, 'pg_query(): Que...', 'D:\\xampp\\htdocs...', 196, Array)
#1 D:\xampp\htdocs\sidamis\vendor\codeigniter4\framework\system\Database\Postgre\Connection.php(196): pg_query(Resource id #184, 'select user_id ...')
#2 D:\xampp\htdocs\sidamis\vendor\codeigniter4\framework\system\Database\BaseConnection.php(741): CodeIgniter\Database\Postgre\Connection->execute('select user_id ...')
#3 D:\xampp\htdocs\sidamis\vendor\codeigniter4\framework\system\Database\BaseConnection.php(669): CodeIgniter\Database\BaseConnection->simpleQuery('select user_id ...')
#4 D:\xampp\htdocs\sidamis\app\Libraries\SmartComponent\Form.php(181): CodeIgniter\Database\BaseConnection->query('select user_id ...')
#5 D:\xampp\htdocs\sidamis\app\Controllers\Admin\Berita.php(92): App\Libraries\SmartComponent\Form->add('berita_tipe', 'Judul tipe', 'select', false, NULL, 'style="width:10...', Array)
#6 D:\xampp\htdocs\sidamis\app\Controllers\Admin\Berita.php(14): App\Controllers\Admin\Berita->search()
#7 D:\xampp\htdocs\sidamis\vendor\codeigniter4\framework\system\CodeIgniter.php(918): App\Controllers\Admin\Berita->index()
#8 D:\xampp\htdocs\sidamis\vendor\codeigniter4\framework\system\CodeIgniter.php(404): CodeIgniter\CodeIgniter->runController(Object(App\Controllers\Admin\Berita))
#9 D:\xampp\htdocs\sidamis\vendor\codeigniter4\framework\system\CodeIgniter.php(312): CodeIgniter\CodeIgniter->handleRequest(NULL, Object(Config\Cache), false)
#10 D:\xampp\htdocs\sidamis\public\index.php(45): CodeIgniter\CodeIgniter->run()
#11 {main}
CRITICAL - 2020-12-05 21:59:05 --> Undefined index: ref_user_akses_group_id
#0 D:\xampp\htdocs\sidamis\app\Libraries\SmartComponent\Form.php(138): CodeIgniter\Debug\Exceptions->errorHandler(8, 'Undefined index...', 'D:\\xampp\\htdocs...', 138, Array)
#1 D:\xampp\htdocs\sidamis\app\Controllers\Admin\AksesUser.php(131): App\Libraries\SmartComponent\Form->add('ref_user_akses_...', 'Nama Group', 'select_multiple', true, Array, ' style="width:1...', Array)
#2 D:\xampp\htdocs\sidamis\vendor\codeigniter4\framework\system\CodeIgniter.php(918): App\Controllers\Admin\AksesUser->form()
#3 D:\xampp\htdocs\sidamis\vendor\codeigniter4\framework\system\CodeIgniter.php(404): CodeIgniter\CodeIgniter->runController(Object(App\Controllers\Admin\AksesUser))
#4 D:\xampp\htdocs\sidamis\vendor\codeigniter4\framework\system\CodeIgniter.php(312): CodeIgniter\CodeIgniter->handleRequest(NULL, Object(Config\Cache), false)
#5 D:\xampp\htdocs\sidamis\public\index.php(45): CodeIgniter\CodeIgniter->run()
#6 {main}
CRITICAL - 2020-12-05 21:59:27 --> Undefined index: ref_user_akses_group_id
#0 D:\xampp\htdocs\sidamis\app\Libraries\SmartComponent\Form.php(138): CodeIgniter\Debug\Exceptions->errorHandler(8, 'Undefined index...', 'D:\\xampp\\htdocs...', 138, Array)
#1 D:\xampp\htdocs\sidamis\app\Controllers\Admin\AksesUser.php(131): App\Libraries\SmartComponent\Form->add('ref_user_akses_...', 'Nama Group', 'select_multiple', true, Array, ' style="width:1...', Array)
#2 D:\xampp\htdocs\sidamis\vendor\codeigniter4\framework\system\CodeIgniter.php(918): App\Controllers\Admin\AksesUser->form()
#3 D:\xampp\htdocs\sidamis\vendor\codeigniter4\framework\system\CodeIgniter.php(404): CodeIgniter\CodeIgniter->runController(Object(App\Controllers\Admin\AksesUser))
#4 D:\xampp\htdocs\sidamis\vendor\codeigniter4\framework\system\CodeIgniter.php(312): CodeIgniter\CodeIgniter->handleRequest(NULL, Object(Config\Cache), false)
#5 D:\xampp\htdocs\sidamis\public\index.php(45): CodeIgniter\CodeIgniter->run()
#6 {main}
CRITICAL - 2020-12-05 22:02:15 --> Undefined index: ref_user_akses_group_id
#0 D:\xampp\htdocs\sidamis\app\Libraries\SmartComponent\Form.php(138): CodeIgniter\Debug\Exceptions->errorHandler(8, 'Undefined index...', 'D:\\xampp\\htdocs...', 138, Array)
#1 D:\xampp\htdocs\sidamis\app\Controllers\Admin\AksesUser.php(131): App\Libraries\SmartComponent\Form->add('ref_user_akses_...', 'Nama Group', 'select_multiple', true, Array, ' style="width:1...', Array)
#2 D:\xampp\htdocs\sidamis\vendor\codeigniter4\framework\system\CodeIgniter.php(918): App\Controllers\Admin\AksesUser->form()
#3 D:\xampp\htdocs\sidamis\vendor\codeigniter4\framework\system\CodeIgniter.php(404): CodeIgniter\CodeIgniter->runController(Object(App\Controllers\Admin\AksesUser))
#4 D:\xampp\htdocs\sidamis\vendor\codeigniter4\framework\system\CodeIgniter.php(312): CodeIgniter\CodeIgniter->handleRequest(NULL, Object(Config\Cache), false)
#5 D:\xampp\htdocs\sidamis\public\index.php(45): CodeIgniter\CodeIgniter->run()
#6 {main}
CRITICAL - 2020-12-05 22:02:44 --> syntax error, unexpected ';', expecting ')'
#0 D:\xampp\htdocs\sidamis\vendor\codeigniter4\framework\system\Router\Router.php(195): CodeIgniter\Router\Router->autoRoute('admin/berita/ad...')
#1 D:\xampp\htdocs\sidamis\vendor\codeigniter4\framework\system\CodeIgniter.php(793): CodeIgniter\Router\Router->handle('admin/berita/ad...')
#2 D:\xampp\htdocs\sidamis\vendor\codeigniter4\framework\system\CodeIgniter.php(364): CodeIgniter\CodeIgniter->tryToRouteIt(Object(CodeIgniter\Router\RouteCollection))
#3 D:\xampp\htdocs\sidamis\vendor\codeigniter4\framework\system\CodeIgniter.php(312): CodeIgniter\CodeIgniter->handleRequest(NULL, Object(Config\Cache), false)
#4 D:\xampp\htdocs\sidamis\public\index.php(45): CodeIgniter\CodeIgniter->run()
#5 {main}
CRITICAL - 2020-12-05 22:02:46 --> syntax error, unexpected ';', expecting ')'
#0 D:\xampp\htdocs\sidamis\vendor\codeigniter4\framework\system\Router\Router.php(195): CodeIgniter\Router\Router->autoRoute('admin/berita')
#1 D:\xampp\htdocs\sidamis\vendor\codeigniter4\framework\system\CodeIgniter.php(793): CodeIgniter\Router\Router->handle('admin/berita')
#2 D:\xampp\htdocs\sidamis\vendor\codeigniter4\framework\system\CodeIgniter.php(364): CodeIgniter\CodeIgniter->tryToRouteIt(Object(CodeIgniter\Router\RouteCollection))
#3 D:\xampp\htdocs\sidamis\vendor\codeigniter4\framework\system\CodeIgniter.php(312): CodeIgniter\CodeIgniter->handleRequest(NULL, Object(Config\Cache), false)
#4 D:\xampp\htdocs\sidamis\public\index.php(45): CodeIgniter\CodeIgniter->run()
#5 {main}
CRITICAL - 2020-12-05 22:03:23 --> Undefined index: ref_user_akses_group_id
#0 D:\xampp\htdocs\sidamis\app\Libraries\SmartComponent\Form.php(138): CodeIgniter\Debug\Exceptions->errorHandler(8, 'Undefined index...', 'D:\\xampp\\htdocs...', 138, Array)
#1 D:\xampp\htdocs\sidamis\app\Controllers\Admin\AksesUser.php(131): App\Libraries\SmartComponent\Form->add('ref_user_akses_...', 'Nama Group', 'select_multiple', true, Array, ' style="width:1...', Array)
#2 D:\xampp\htdocs\sidamis\vendor\codeigniter4\framework\system\CodeIgniter.php(918): App\Controllers\Admin\AksesUser->form()
#3 D:\xampp\htdocs\sidamis\vendor\codeigniter4\framework\system\CodeIgniter.php(404): CodeIgniter\CodeIgniter->runController(Object(App\Controllers\Admin\AksesUser))
#4 D:\xampp\htdocs\sidamis\vendor\codeigniter4\framework\system\CodeIgniter.php(312): CodeIgniter\CodeIgniter->handleRequest(NULL, Object(Config\Cache), false)
#5 D:\xampp\htdocs\sidamis\public\index.php(45): CodeIgniter\CodeIgniter->run()
#6 {main}
CRITICAL - 2020-12-05 22:04:13 --> Undefined index: ref_user_akses_group_id
#0 D:\xampp\htdocs\sidamis\app\Libraries\SmartComponent\Form.php(138): CodeIgniter\Debug\Exceptions->errorHandler(8, 'Undefined index...', 'D:\\xampp\\htdocs...', 138, Array)
#1 D:\xampp\htdocs\sidamis\app\Controllers\Admin\Berita.php(153): App\Libraries\SmartComponent\Form->add('ref_user_akses_...', 'Nama Group', 'select_multiple', false, Array, ' style="width:1...', Array)
#2 D:\xampp\htdocs\sidamis\app\Controllers\Admin\Berita.php(105): App\Controllers\Admin\Berita->form()
#3 D:\xampp\htdocs\sidamis\vendor\codeigniter4\framework\system\CodeIgniter.php(918): App\Controllers\Admin\Berita->add()
#4 D:\xampp\htdocs\sidamis\vendor\codeigniter4\framework\system\CodeIgniter.php(404): CodeIgniter\CodeIgniter->runController(Object(App\Controllers\Admin\Berita))
#5 D:\xampp\htdocs\sidamis\vendor\codeigniter4\framework\system\CodeIgniter.php(312): CodeIgniter\CodeIgniter->handleRequest(NULL, Object(Config\Cache), false)
#6 D:\xampp\htdocs\sidamis\public\index.php(45): CodeIgniter\CodeIgniter->run()
#7 {main}
CRITICAL - 2020-12-05 22:05:12 --> Undefined index: ref_user_akses_group_id
#0 D:\xampp\htdocs\sidamis\app\Libraries\SmartComponent\Form.php(139): CodeIgniter\Debug\Exceptions->errorHandler(8, 'Undefined index...', 'D:\\xampp\\htdocs...', 139, Array)
#1 D:\xampp\htdocs\sidamis\app\Controllers\Admin\Berita.php(153): App\Libraries\SmartComponent\Form->add('ref_user_akses_...', 'Nama Group', 'select_multiple', false, Array, ' style="width:1...', Array)
#2 D:\xampp\htdocs\sidamis\app\Controllers\Admin\Berita.php(105): App\Controllers\Admin\Berita->form()
#3 D:\xampp\htdocs\sidamis\vendor\codeigniter4\framework\system\CodeIgniter.php(918): App\Controllers\Admin\Berita->add()
#4 D:\xampp\htdocs\sidamis\vendor\codeigniter4\framework\system\CodeIgniter.php(404): CodeIgniter\CodeIgniter->runController(Object(App\Controllers\Admin\Berita))
#5 D:\xampp\htdocs\sidamis\vendor\codeigniter4\framework\system\CodeIgniter.php(312): CodeIgniter\CodeIgniter->handleRequest(NULL, Object(Config\Cache), false)
#6 D:\xampp\htdocs\sidamis\public\index.php(45): CodeIgniter\CodeIgniter->run()
#7 {main}
CRITICAL - 2020-12-05 22:06:46 --> Undefined index: ref_user_akses_group_id
#0 D:\xampp\htdocs\sidamis\app\Libraries\SmartComponent\Form.php(140): CodeIgniter\Debug\Exceptions->errorHandler(8, 'Undefined index...', 'D:\\xampp\\htdocs...', 140, Array)
#1 D:\xampp\htdocs\sidamis\app\Controllers\Admin\Berita.php(153): App\Libraries\SmartComponent\Form->add('ref_user_akses_...', 'Nama Group', 'select_multiple', false, Array, ' style="width:1...', Array)
#2 D:\xampp\htdocs\sidamis\app\Controllers\Admin\Berita.php(105): App\Controllers\Admin\Berita->form()
#3 D:\xampp\htdocs\sidamis\vendor\codeigniter4\framework\system\CodeIgniter.php(918): App\Controllers\Admin\Berita->add()
#4 D:\xampp\htdocs\sidamis\vendor\codeigniter4\framework\system\CodeIgniter.php(404): CodeIgniter\CodeIgniter->runController(Object(App\Controllers\Admin\Berita))
#5 D:\xampp\htdocs\sidamis\vendor\codeigniter4\framework\system\CodeIgniter.php(312): CodeIgniter\CodeIgniter->handleRequest(NULL, Object(Config\Cache), false)
#6 D:\xampp\htdocs\sidamis\public\index.php(45): CodeIgniter\CodeIgniter->run()
#7 {main}
