CRITICAL - 2020-09-21 03:40:08 --> pg_query(): Query failed: ERROR:  unterminated quoted string at or near &quot;' order by id desc limit 25 offset 0&quot;
LINE 1: ...er_pasar_id where lower(seller_nama )like '%almi'%' order by...
                                                             ^
#0 [internal function]: CodeIgniter\Debug\Exceptions->errorHandler(2, 'pg_query(): Que...', 'C:\\xampp7\\htdoc...', 196, Array)
#1 C:\xampp7\htdocs\apps\surveypasar\vendor\codeigniter4\framework\system\Database\Postgre\Connection.php(196): pg_query(Resource id #121, 'select seller_i...')
#2 C:\xampp7\htdocs\apps\surveypasar\vendor\codeigniter4\framework\system\Database\BaseConnection.php(741): CodeIgniter\Database\Postgre\Connection->execute('select seller_i...')
#3 C:\xampp7\htdocs\apps\surveypasar\vendor\codeigniter4\framework\system\Database\BaseConnection.php(669): CodeIgniter\Database\BaseConnection->simpleQuery('select seller_i...')
#4 C:\xampp7\htdocs\apps\surveypasar\app\Libraries\SmartComponent\Datasource.php(74): CodeIgniter\Database\BaseConnection->query('select seller_i...')
#5 C:\xampp7\htdocs\apps\surveypasar\app\Libraries\SmartComponent\Grid.php(129): App\Libraries\SmartComponent\Datasource->run()
#6 C:\xampp7\htdocs\apps\surveypasar\app\Libraries\SmartComponent\Grid.php(94): App\Libraries\SmartComponent\Grid->get_datasource()
#7 C:\xampp7\htdocs\apps\surveypasar\app\Controllers\Admin\RefSeller.php(73): App\Libraries\SmartComponent\Grid->output()
#8 C:\xampp7\htdocs\apps\surveypasar\vendor\codeigniter4\framework\system\CodeIgniter.php(918): App\Controllers\Admin\RefSeller->grid()
#9 C:\xampp7\htdocs\apps\surveypasar\vendor\codeigniter4\framework\system\CodeIgniter.php(404): CodeIgniter\CodeIgniter->runController(Object(App\Controllers\Admin\RefSeller))
#10 C:\xampp7\htdocs\apps\surveypasar\vendor\codeigniter4\framework\system\CodeIgniter.php(312): CodeIgniter\CodeIgniter->handleRequest(NULL, Object(Config\Cache), false)
#11 C:\xampp7\htdocs\apps\surveypasar\public\index.php(45): CodeIgniter\CodeIgniter->run()
#12 {main}
CRITICAL - 2020-09-21 03:40:08 --> Uncaught CodeIgniter\Format\Exceptions\FormatException: Failed to parse json string, error: "Type is not supported". in C:\xampp7\htdocs\apps\surveypasar\vendor\codeigniter4\framework\system\Format\Exceptions\FormatException.php:9
Stack trace:
#0 C:\xampp7\htdocs\apps\surveypasar\vendor\codeigniter4\framework\system\Format\JSONFormatter.php(71): CodeIgniter\Format\Exceptions\FormatException::forInvalidJSON('Type is not sup...')
#1 C:\xampp7\htdocs\apps\surveypasar\vendor\codeigniter4\framework\system\API\ResponseTrait.php(414): CodeIgniter\Format\JSONFormatter->format(Array)
#2 C:\xampp7\htdocs\apps\surveypasar\vendor\codeigniter4\framework\system\API\ResponseTrait.php(134): CodeIgniter\Debug\Exceptions->format(Array)
#3 C:\xampp7\htdocs\apps\surveypasar\vendor\codeigniter4\framework\system\Debug\Exceptions.php(168): CodeIgniter\Debug\Exceptions->respond(Array, 500)
#4 [internal function]: CodeIgniter\Debug\Exceptions->exceptionHandler(Object(ErrorException))
#5 {main}
  thrown
#0 [internal function]: CodeIgniter\Debug\Exceptions->shutdownHandler()
#1 {main}
CRITICAL - 2020-09-21 03:40:19 --> pg_query(): Query failed: ERROR:  unterminated quoted string at or near &quot;' order by id desc limit 25 offset 0&quot;
LINE 1: ...here lower(seller_nama )like '%almi%' order by 2#%' order by...
                                                             ^
#0 [internal function]: CodeIgniter\Debug\Exceptions->errorHandler(2, 'pg_query(): Que...', 'C:\\xampp7\\htdoc...', 196, Array)
#1 C:\xampp7\htdocs\apps\surveypasar\vendor\codeigniter4\framework\system\Database\Postgre\Connection.php(196): pg_query(Resource id #121, 'select seller_i...')
#2 C:\xampp7\htdocs\apps\surveypasar\vendor\codeigniter4\framework\system\Database\BaseConnection.php(741): CodeIgniter\Database\Postgre\Connection->execute('select seller_i...')
#3 C:\xampp7\htdocs\apps\surveypasar\vendor\codeigniter4\framework\system\Database\BaseConnection.php(669): CodeIgniter\Database\BaseConnection->simpleQuery('select seller_i...')
#4 C:\xampp7\htdocs\apps\surveypasar\app\Libraries\SmartComponent\Datasource.php(74): CodeIgniter\Database\BaseConnection->query('select seller_i...')
#5 C:\xampp7\htdocs\apps\surveypasar\app\Libraries\SmartComponent\Grid.php(129): App\Libraries\SmartComponent\Datasource->run()
#6 C:\xampp7\htdocs\apps\surveypasar\app\Libraries\SmartComponent\Grid.php(94): App\Libraries\SmartComponent\Grid->get_datasource()
#7 C:\xampp7\htdocs\apps\surveypasar\app\Controllers\Admin\RefSeller.php(73): App\Libraries\SmartComponent\Grid->output()
#8 C:\xampp7\htdocs\apps\surveypasar\vendor\codeigniter4\framework\system\CodeIgniter.php(918): App\Controllers\Admin\RefSeller->grid()
#9 C:\xampp7\htdocs\apps\surveypasar\vendor\codeigniter4\framework\system\CodeIgniter.php(404): CodeIgniter\CodeIgniter->runController(Object(App\Controllers\Admin\RefSeller))
#10 C:\xampp7\htdocs\apps\surveypasar\vendor\codeigniter4\framework\system\CodeIgniter.php(312): CodeIgniter\CodeIgniter->handleRequest(NULL, Object(Config\Cache), false)
#11 C:\xampp7\htdocs\apps\surveypasar\public\index.php(45): CodeIgniter\CodeIgniter->run()
#12 {main}
CRITICAL - 2020-09-21 03:40:19 --> Uncaught CodeIgniter\Format\Exceptions\FormatException: Failed to parse json string, error: "Type is not supported". in C:\xampp7\htdocs\apps\surveypasar\vendor\codeigniter4\framework\system\Format\Exceptions\FormatException.php:9
Stack trace:
#0 C:\xampp7\htdocs\apps\surveypasar\vendor\codeigniter4\framework\system\Format\JSONFormatter.php(71): CodeIgniter\Format\Exceptions\FormatException::forInvalidJSON('Type is not sup...')
#1 C:\xampp7\htdocs\apps\surveypasar\vendor\codeigniter4\framework\system\API\ResponseTrait.php(414): CodeIgniter\Format\JSONFormatter->format(Array)
#2 C:\xampp7\htdocs\apps\surveypasar\vendor\codeigniter4\framework\system\API\ResponseTrait.php(134): CodeIgniter\Debug\Exceptions->format(Array)
#3 C:\xampp7\htdocs\apps\surveypasar\vendor\codeigniter4\framework\system\Debug\Exceptions.php(168): CodeIgniter\Debug\Exceptions->respond(Array, 500)
#4 [internal function]: CodeIgniter\Debug\Exceptions->exceptionHandler(Object(ErrorException))
#5 {main}
  thrown
#0 [internal function]: CodeIgniter\Debug\Exceptions->shutdownHandler()
#1 {main}
CRITICAL - 2020-09-21 03:40:23 --> pg_query(): Query failed: ERROR:  unterminated quoted string at or near &quot;' order by id desc limit 25 offset 0&quot;
LINE 1: ...here lower(seller_nama )like '%almi%' order by 1#%' order by...
                                                             ^
#0 [internal function]: CodeIgniter\Debug\Exceptions->errorHandler(2, 'pg_query(): Que...', 'C:\\xampp7\\htdoc...', 196, Array)
#1 C:\xampp7\htdocs\apps\surveypasar\vendor\codeigniter4\framework\system\Database\Postgre\Connection.php(196): pg_query(Resource id #121, 'select seller_i...')
#2 C:\xampp7\htdocs\apps\surveypasar\vendor\codeigniter4\framework\system\Database\BaseConnection.php(741): CodeIgniter\Database\Postgre\Connection->execute('select seller_i...')
#3 C:\xampp7\htdocs\apps\surveypasar\vendor\codeigniter4\framework\system\Database\BaseConnection.php(669): CodeIgniter\Database\BaseConnection->simpleQuery('select seller_i...')
#4 C:\xampp7\htdocs\apps\surveypasar\app\Libraries\SmartComponent\Datasource.php(74): CodeIgniter\Database\BaseConnection->query('select seller_i...')
#5 C:\xampp7\htdocs\apps\surveypasar\app\Libraries\SmartComponent\Grid.php(129): App\Libraries\SmartComponent\Datasource->run()
#6 C:\xampp7\htdocs\apps\surveypasar\app\Libraries\SmartComponent\Grid.php(94): App\Libraries\SmartComponent\Grid->get_datasource()
#7 C:\xampp7\htdocs\apps\surveypasar\app\Controllers\Admin\RefSeller.php(73): App\Libraries\SmartComponent\Grid->output()
#8 C:\xampp7\htdocs\apps\surveypasar\vendor\codeigniter4\framework\system\CodeIgniter.php(918): App\Controllers\Admin\RefSeller->grid()
#9 C:\xampp7\htdocs\apps\surveypasar\vendor\codeigniter4\framework\system\CodeIgniter.php(404): CodeIgniter\CodeIgniter->runController(Object(App\Controllers\Admin\RefSeller))
#10 C:\xampp7\htdocs\apps\surveypasar\vendor\codeigniter4\framework\system\CodeIgniter.php(312): CodeIgniter\CodeIgniter->handleRequest(NULL, Object(Config\Cache), false)
#11 C:\xampp7\htdocs\apps\surveypasar\public\index.php(45): CodeIgniter\CodeIgniter->run()
#12 {main}
CRITICAL - 2020-09-21 03:40:23 --> Uncaught CodeIgniter\Format\Exceptions\FormatException: Failed to parse json string, error: "Type is not supported". in C:\xampp7\htdocs\apps\surveypasar\vendor\codeigniter4\framework\system\Format\Exceptions\FormatException.php:9
Stack trace:
#0 C:\xampp7\htdocs\apps\surveypasar\vendor\codeigniter4\framework\system\Format\JSONFormatter.php(71): CodeIgniter\Format\Exceptions\FormatException::forInvalidJSON('Type is not sup...')
#1 C:\xampp7\htdocs\apps\surveypasar\vendor\codeigniter4\framework\system\API\ResponseTrait.php(414): CodeIgniter\Format\JSONFormatter->format(Array)
#2 C:\xampp7\htdocs\apps\surveypasar\vendor\codeigniter4\framework\system\API\ResponseTrait.php(134): CodeIgniter\Debug\Exceptions->format(Array)
#3 C:\xampp7\htdocs\apps\surveypasar\vendor\codeigniter4\framework\system\Debug\Exceptions.php(168): CodeIgniter\Debug\Exceptions->respond(Array, 500)
#4 [internal function]: CodeIgniter\Debug\Exceptions->exceptionHandler(Object(ErrorException))
#5 {main}
  thrown
#0 [internal function]: CodeIgniter\Debug\Exceptions->shutdownHandler()
#1 {main}
CRITICAL - 2020-09-21 03:40:31 --> pg_query(): Query failed: ERROR:  unterminated quoted string at or near &quot;' order by id desc limit 25 offset 0&quot;
LINE 1: ...here lower(seller_nama )like '%almi%' order by 1#%' order by...
                                                             ^
#0 [internal function]: CodeIgniter\Debug\Exceptions->errorHandler(2, 'pg_query(): Que...', 'C:\\xampp7\\htdoc...', 196, Array)
#1 C:\xampp7\htdocs\apps\surveypasar\vendor\codeigniter4\framework\system\Database\Postgre\Connection.php(196): pg_query(Resource id #121, 'select seller_i...')
#2 C:\xampp7\htdocs\apps\surveypasar\vendor\codeigniter4\framework\system\Database\BaseConnection.php(741): CodeIgniter\Database\Postgre\Connection->execute('select seller_i...')
#3 C:\xampp7\htdocs\apps\surveypasar\vendor\codeigniter4\framework\system\Database\BaseConnection.php(669): CodeIgniter\Database\BaseConnection->simpleQuery('select seller_i...')
#4 C:\xampp7\htdocs\apps\surveypasar\app\Libraries\SmartComponent\Datasource.php(74): CodeIgniter\Database\BaseConnection->query('select seller_i...')
#5 C:\xampp7\htdocs\apps\surveypasar\app\Libraries\SmartComponent\Grid.php(129): App\Libraries\SmartComponent\Datasource->run()
#6 C:\xampp7\htdocs\apps\surveypasar\app\Libraries\SmartComponent\Grid.php(94): App\Libraries\SmartComponent\Grid->get_datasource()
#7 C:\xampp7\htdocs\apps\surveypasar\app\Controllers\Admin\RefSeller.php(73): App\Libraries\SmartComponent\Grid->output()
#8 C:\xampp7\htdocs\apps\surveypasar\vendor\codeigniter4\framework\system\CodeIgniter.php(918): App\Controllers\Admin\RefSeller->grid()
#9 C:\xampp7\htdocs\apps\surveypasar\vendor\codeigniter4\framework\system\CodeIgniter.php(404): CodeIgniter\CodeIgniter->runController(Object(App\Controllers\Admin\RefSeller))
#10 C:\xampp7\htdocs\apps\surveypasar\vendor\codeigniter4\framework\system\CodeIgniter.php(312): CodeIgniter\CodeIgniter->handleRequest(NULL, Object(Config\Cache), false)
#11 C:\xampp7\htdocs\apps\surveypasar\public\index.php(45): CodeIgniter\CodeIgniter->run()
#12 {main}
CRITICAL - 2020-09-21 03:40:31 --> Uncaught CodeIgniter\Format\Exceptions\FormatException: Failed to parse json string, error: "Type is not supported". in C:\xampp7\htdocs\apps\surveypasar\vendor\codeigniter4\framework\system\Format\Exceptions\FormatException.php:9
Stack trace:
#0 C:\xampp7\htdocs\apps\surveypasar\vendor\codeigniter4\framework\system\Format\JSONFormatter.php(71): CodeIgniter\Format\Exceptions\FormatException::forInvalidJSON('Type is not sup...')
#1 C:\xampp7\htdocs\apps\surveypasar\vendor\codeigniter4\framework\system\API\ResponseTrait.php(414): CodeIgniter\Format\JSONFormatter->format(Array)
#2 C:\xampp7\htdocs\apps\surveypasar\vendor\codeigniter4\framework\system\API\ResponseTrait.php(134): CodeIgniter\Debug\Exceptions->format(Array)
#3 C:\xampp7\htdocs\apps\surveypasar\vendor\codeigniter4\framework\system\Debug\Exceptions.php(168): CodeIgniter\Debug\Exceptions->respond(Array, 500)
#4 [internal function]: CodeIgniter\Debug\Exceptions->exceptionHandler(Object(ErrorException))
#5 {main}
  thrown
#0 [internal function]: CodeIgniter\Debug\Exceptions->shutdownHandler()
#1 {main}
CRITICAL - 2020-09-21 03:41:08 --> pg_query(): Query failed: ERROR:  unterminated quoted string at or near &quot;' order by id desc limit 25 offset 0&quot;
LINE 1: ...where lower(seller_nama )like '%almi' order by 1#%' order by...
                                                             ^
#0 [internal function]: CodeIgniter\Debug\Exceptions->errorHandler(2, 'pg_query(): Que...', 'C:\\xampp7\\htdoc...', 196, Array)
#1 C:\xampp7\htdocs\apps\surveypasar\vendor\codeigniter4\framework\system\Database\Postgre\Connection.php(196): pg_query(Resource id #121, 'select seller_i...')
#2 C:\xampp7\htdocs\apps\surveypasar\vendor\codeigniter4\framework\system\Database\BaseConnection.php(741): CodeIgniter\Database\Postgre\Connection->execute('select seller_i...')
#3 C:\xampp7\htdocs\apps\surveypasar\vendor\codeigniter4\framework\system\Database\BaseConnection.php(669): CodeIgniter\Database\BaseConnection->simpleQuery('select seller_i...')
#4 C:\xampp7\htdocs\apps\surveypasar\app\Libraries\SmartComponent\Datasource.php(74): CodeIgniter\Database\BaseConnection->query('select seller_i...')
#5 C:\xampp7\htdocs\apps\surveypasar\app\Libraries\SmartComponent\Grid.php(129): App\Libraries\SmartComponent\Datasource->run()
#6 C:\xampp7\htdocs\apps\surveypasar\app\Libraries\SmartComponent\Grid.php(94): App\Libraries\SmartComponent\Grid->get_datasource()
#7 C:\xampp7\htdocs\apps\surveypasar\app\Controllers\Admin\RefSeller.php(73): App\Libraries\SmartComponent\Grid->output()
#8 C:\xampp7\htdocs\apps\surveypasar\vendor\codeigniter4\framework\system\CodeIgniter.php(918): App\Controllers\Admin\RefSeller->grid()
#9 C:\xampp7\htdocs\apps\surveypasar\vendor\codeigniter4\framework\system\CodeIgniter.php(404): CodeIgniter\CodeIgniter->runController(Object(App\Controllers\Admin\RefSeller))
#10 C:\xampp7\htdocs\apps\surveypasar\vendor\codeigniter4\framework\system\CodeIgniter.php(312): CodeIgniter\CodeIgniter->handleRequest(NULL, Object(Config\Cache), false)
#11 C:\xampp7\htdocs\apps\surveypasar\public\index.php(45): CodeIgniter\CodeIgniter->run()
#12 {main}
CRITICAL - 2020-09-21 03:41:08 --> Uncaught CodeIgniter\Format\Exceptions\FormatException: Failed to parse json string, error: "Type is not supported". in C:\xampp7\htdocs\apps\surveypasar\vendor\codeigniter4\framework\system\Format\Exceptions\FormatException.php:9
Stack trace:
#0 C:\xampp7\htdocs\apps\surveypasar\vendor\codeigniter4\framework\system\Format\JSONFormatter.php(71): CodeIgniter\Format\Exceptions\FormatException::forInvalidJSON('Type is not sup...')
#1 C:\xampp7\htdocs\apps\surveypasar\vendor\codeigniter4\framework\system\API\ResponseTrait.php(414): CodeIgniter\Format\JSONFormatter->format(Array)
#2 C:\xampp7\htdocs\apps\surveypasar\vendor\codeigniter4\framework\system\API\ResponseTrait.php(134): CodeIgniter\Debug\Exceptions->format(Array)
#3 C:\xampp7\htdocs\apps\surveypasar\vendor\codeigniter4\framework\system\Debug\Exceptions.php(168): CodeIgniter\Debug\Exceptions->respond(Array, 500)
#4 [internal function]: CodeIgniter\Debug\Exceptions->exceptionHandler(Object(ErrorException))
#5 {main}
  thrown
#0 [internal function]: CodeIgniter\Debug\Exceptions->shutdownHandler()
#1 {main}
CRITICAL - 2020-09-21 03:41:20 --> pg_query(): Query failed: ERROR:  unterminated quoted string at or near &quot;' order by id desc limit 25 offset 0&quot;
LINE 1: ...er_pasar_id where lower(seller_nama )like '%almi'%' order by...
                                                             ^
#0 [internal function]: CodeIgniter\Debug\Exceptions->errorHandler(2, 'pg_query(): Que...', 'C:\\xampp7\\htdoc...', 196, Array)
#1 C:\xampp7\htdocs\apps\surveypasar\vendor\codeigniter4\framework\system\Database\Postgre\Connection.php(196): pg_query(Resource id #121, 'select seller_i...')
#2 C:\xampp7\htdocs\apps\surveypasar\vendor\codeigniter4\framework\system\Database\BaseConnection.php(741): CodeIgniter\Database\Postgre\Connection->execute('select seller_i...')
#3 C:\xampp7\htdocs\apps\surveypasar\vendor\codeigniter4\framework\system\Database\BaseConnection.php(669): CodeIgniter\Database\BaseConnection->simpleQuery('select seller_i...')
#4 C:\xampp7\htdocs\apps\surveypasar\app\Libraries\SmartComponent\Datasource.php(74): CodeIgniter\Database\BaseConnection->query('select seller_i...')
#5 C:\xampp7\htdocs\apps\surveypasar\app\Libraries\SmartComponent\Grid.php(129): App\Libraries\SmartComponent\Datasource->run()
#6 C:\xampp7\htdocs\apps\surveypasar\app\Libraries\SmartComponent\Grid.php(94): App\Libraries\SmartComponent\Grid->get_datasource()
#7 C:\xampp7\htdocs\apps\surveypasar\app\Controllers\Admin\RefSeller.php(73): App\Libraries\SmartComponent\Grid->output()
#8 C:\xampp7\htdocs\apps\surveypasar\vendor\codeigniter4\framework\system\CodeIgniter.php(918): App\Controllers\Admin\RefSeller->grid()
#9 C:\xampp7\htdocs\apps\surveypasar\vendor\codeigniter4\framework\system\CodeIgniter.php(404): CodeIgniter\CodeIgniter->runController(Object(App\Controllers\Admin\RefSeller))
#10 C:\xampp7\htdocs\apps\surveypasar\vendor\codeigniter4\framework\system\CodeIgniter.php(312): CodeIgniter\CodeIgniter->handleRequest(NULL, Object(Config\Cache), false)
#11 C:\xampp7\htdocs\apps\surveypasar\public\index.php(45): CodeIgniter\CodeIgniter->run()
#12 {main}
CRITICAL - 2020-09-21 03:41:20 --> Uncaught CodeIgniter\Format\Exceptions\FormatException: Failed to parse json string, error: "Type is not supported". in C:\xampp7\htdocs\apps\surveypasar\vendor\codeigniter4\framework\system\Format\Exceptions\FormatException.php:9
Stack trace:
#0 C:\xampp7\htdocs\apps\surveypasar\vendor\codeigniter4\framework\system\Format\JSONFormatter.php(71): CodeIgniter\Format\Exceptions\FormatException::forInvalidJSON('Type is not sup...')
#1 C:\xampp7\htdocs\apps\surveypasar\vendor\codeigniter4\framework\system\API\ResponseTrait.php(414): CodeIgniter\Format\JSONFormatter->format(Array)
#2 C:\xampp7\htdocs\apps\surveypasar\vendor\codeigniter4\framework\system\API\ResponseTrait.php(134): CodeIgniter\Debug\Exceptions->format(Array)
#3 C:\xampp7\htdocs\apps\surveypasar\vendor\codeigniter4\framework\system\Debug\Exceptions.php(168): CodeIgniter\Debug\Exceptions->respond(Array, 500)
#4 [internal function]: CodeIgniter\Debug\Exceptions->exceptionHandler(Object(ErrorException))
#5 {main}
  thrown
#0 [internal function]: CodeIgniter\Debug\Exceptions->shutdownHandler()
#1 {main}
CRITICAL - 2020-09-21 03:41:22 --> pg_query(): Query failed: ERROR:  unterminated quoted string at or near &quot;' order by id desc limit 25 offset 0&quot;
LINE 1: ...r_pasar_id where lower(seller_nama )like '%almi'#%' order by...
                                                             ^
#0 [internal function]: CodeIgniter\Debug\Exceptions->errorHandler(2, 'pg_query(): Que...', 'C:\\xampp7\\htdoc...', 196, Array)
#1 C:\xampp7\htdocs\apps\surveypasar\vendor\codeigniter4\framework\system\Database\Postgre\Connection.php(196): pg_query(Resource id #121, 'select seller_i...')
#2 C:\xampp7\htdocs\apps\surveypasar\vendor\codeigniter4\framework\system\Database\BaseConnection.php(741): CodeIgniter\Database\Postgre\Connection->execute('select seller_i...')
#3 C:\xampp7\htdocs\apps\surveypasar\vendor\codeigniter4\framework\system\Database\BaseConnection.php(669): CodeIgniter\Database\BaseConnection->simpleQuery('select seller_i...')
#4 C:\xampp7\htdocs\apps\surveypasar\app\Libraries\SmartComponent\Datasource.php(74): CodeIgniter\Database\BaseConnection->query('select seller_i...')
#5 C:\xampp7\htdocs\apps\surveypasar\app\Libraries\SmartComponent\Grid.php(129): App\Libraries\SmartComponent\Datasource->run()
#6 C:\xampp7\htdocs\apps\surveypasar\app\Libraries\SmartComponent\Grid.php(94): App\Libraries\SmartComponent\Grid->get_datasource()
#7 C:\xampp7\htdocs\apps\surveypasar\app\Controllers\Admin\RefSeller.php(73): App\Libraries\SmartComponent\Grid->output()
#8 C:\xampp7\htdocs\apps\surveypasar\vendor\codeigniter4\framework\system\CodeIgniter.php(918): App\Controllers\Admin\RefSeller->grid()
#9 C:\xampp7\htdocs\apps\surveypasar\vendor\codeigniter4\framework\system\CodeIgniter.php(404): CodeIgniter\CodeIgniter->runController(Object(App\Controllers\Admin\RefSeller))
#10 C:\xampp7\htdocs\apps\surveypasar\vendor\codeigniter4\framework\system\CodeIgniter.php(312): CodeIgniter\CodeIgniter->handleRequest(NULL, Object(Config\Cache), false)
#11 C:\xampp7\htdocs\apps\surveypasar\public\index.php(45): CodeIgniter\CodeIgniter->run()
#12 {main}
CRITICAL - 2020-09-21 03:41:22 --> Uncaught CodeIgniter\Format\Exceptions\FormatException: Failed to parse json string, error: "Type is not supported". in C:\xampp7\htdocs\apps\surveypasar\vendor\codeigniter4\framework\system\Format\Exceptions\FormatException.php:9
Stack trace:
#0 C:\xampp7\htdocs\apps\surveypasar\vendor\codeigniter4\framework\system\Format\JSONFormatter.php(71): CodeIgniter\Format\Exceptions\FormatException::forInvalidJSON('Type is not sup...')
#1 C:\xampp7\htdocs\apps\surveypasar\vendor\codeigniter4\framework\system\API\ResponseTrait.php(414): CodeIgniter\Format\JSONFormatter->format(Array)
#2 C:\xampp7\htdocs\apps\surveypasar\vendor\codeigniter4\framework\system\API\ResponseTrait.php(134): CodeIgniter\Debug\Exceptions->format(Array)
#3 C:\xampp7\htdocs\apps\surveypasar\vendor\codeigniter4\framework\system\Debug\Exceptions.php(168): CodeIgniter\Debug\Exceptions->respond(Array, 500)
#4 [internal function]: CodeIgniter\Debug\Exceptions->exceptionHandler(Object(ErrorException))
#5 {main}
  thrown
#0 [internal function]: CodeIgniter\Debug\Exceptions->shutdownHandler()
#1 {main}
CRITICAL - 2020-09-21 03:41:30 --> pg_query(): Query failed: ERROR:  syntax error at end of input
LINE 1: ...er_pasar_id where lower(seller_nama )like '%almi%'--+%') tmp
                                                                       ^
#0 [internal function]: CodeIgniter\Debug\Exceptions->errorHandler(2, 'pg_query(): Que...', 'C:\\xampp7\\htdoc...', 196, Array)
#1 C:\xampp7\htdocs\apps\surveypasar\vendor\codeigniter4\framework\system\Database\Postgre\Connection.php(196): pg_query(Resource id #121, 'select count(*)...')
#2 C:\xampp7\htdocs\apps\surveypasar\vendor\codeigniter4\framework\system\Database\BaseConnection.php(741): CodeIgniter\Database\Postgre\Connection->execute('select count(*)...')
#3 C:\xampp7\htdocs\apps\surveypasar\vendor\codeigniter4\framework\system\Database\BaseConnection.php(669): CodeIgniter\Database\BaseConnection->simpleQuery('select count(*)...')
#4 C:\xampp7\htdocs\apps\surveypasar\app\Libraries\SmartComponent\Datasource.php(77): CodeIgniter\Database\BaseConnection->query('select count(*)...')
#5 C:\xampp7\htdocs\apps\surveypasar\app\Libraries\SmartComponent\Grid.php(129): App\Libraries\SmartComponent\Datasource->run()
#6 C:\xampp7\htdocs\apps\surveypasar\app\Libraries\SmartComponent\Grid.php(94): App\Libraries\SmartComponent\Grid->get_datasource()
#7 C:\xampp7\htdocs\apps\surveypasar\app\Controllers\Admin\RefSeller.php(73): App\Libraries\SmartComponent\Grid->output()
#8 C:\xampp7\htdocs\apps\surveypasar\vendor\codeigniter4\framework\system\CodeIgniter.php(918): App\Controllers\Admin\RefSeller->grid()
#9 C:\xampp7\htdocs\apps\surveypasar\vendor\codeigniter4\framework\system\CodeIgniter.php(404): CodeIgniter\CodeIgniter->runController(Object(App\Controllers\Admin\RefSeller))
#10 C:\xampp7\htdocs\apps\surveypasar\vendor\codeigniter4\framework\system\CodeIgniter.php(312): CodeIgniter\CodeIgniter->handleRequest(NULL, Object(Config\Cache), false)
#11 C:\xampp7\htdocs\apps\surveypasar\public\index.php(45): CodeIgniter\CodeIgniter->run()
#12 {main}
CRITICAL - 2020-09-21 03:41:30 --> Uncaught CodeIgniter\Format\Exceptions\FormatException: Failed to parse json string, error: "Type is not supported". in C:\xampp7\htdocs\apps\surveypasar\vendor\codeigniter4\framework\system\Format\Exceptions\FormatException.php:9
Stack trace:
#0 C:\xampp7\htdocs\apps\surveypasar\vendor\codeigniter4\framework\system\Format\JSONFormatter.php(71): CodeIgniter\Format\Exceptions\FormatException::forInvalidJSON('Type is not sup...')
#1 C:\xampp7\htdocs\apps\surveypasar\vendor\codeigniter4\framework\system\API\ResponseTrait.php(414): CodeIgniter\Format\JSONFormatter->format(Array)
#2 C:\xampp7\htdocs\apps\surveypasar\vendor\codeigniter4\framework\system\API\ResponseTrait.php(134): CodeIgniter\Debug\Exceptions->format(Array)
#3 C:\xampp7\htdocs\apps\surveypasar\vendor\codeigniter4\framework\system\Debug\Exceptions.php(168): CodeIgniter\Debug\Exceptions->respond(Array, 500)
#4 [internal function]: CodeIgniter\Debug\Exceptions->exceptionHandler(Object(ErrorException))
#5 {main}
  thrown
#0 [internal function]: CodeIgniter\Debug\Exceptions->shutdownHandler()
#1 {main}
CRITICAL - 2020-09-21 03:41:38 --> pg_query(): Query failed: ERROR:  syntax error at end of input
LINE 1: ...er_pasar_id where lower(seller_nama )like '%almi%'--+%') tmp
                                                                       ^
#0 [internal function]: CodeIgniter\Debug\Exceptions->errorHandler(2, 'pg_query(): Que...', 'C:\\xampp7\\htdoc...', 196, Array)
#1 C:\xampp7\htdocs\apps\surveypasar\vendor\codeigniter4\framework\system\Database\Postgre\Connection.php(196): pg_query(Resource id #121, 'select count(*)...')
#2 C:\xampp7\htdocs\apps\surveypasar\vendor\codeigniter4\framework\system\Database\BaseConnection.php(741): CodeIgniter\Database\Postgre\Connection->execute('select count(*)...')
#3 C:\xampp7\htdocs\apps\surveypasar\vendor\codeigniter4\framework\system\Database\BaseConnection.php(669): CodeIgniter\Database\BaseConnection->simpleQuery('select count(*)...')
#4 C:\xampp7\htdocs\apps\surveypasar\app\Libraries\SmartComponent\Datasource.php(77): CodeIgniter\Database\BaseConnection->query('select count(*)...')
#5 C:\xampp7\htdocs\apps\surveypasar\app\Libraries\SmartComponent\Grid.php(129): App\Libraries\SmartComponent\Datasource->run()
#6 C:\xampp7\htdocs\apps\surveypasar\app\Libraries\SmartComponent\Grid.php(94): App\Libraries\SmartComponent\Grid->get_datasource()
#7 C:\xampp7\htdocs\apps\surveypasar\app\Controllers\Admin\RefSeller.php(73): App\Libraries\SmartComponent\Grid->output()
#8 C:\xampp7\htdocs\apps\surveypasar\vendor\codeigniter4\framework\system\CodeIgniter.php(918): App\Controllers\Admin\RefSeller->grid()
#9 C:\xampp7\htdocs\apps\surveypasar\vendor\codeigniter4\framework\system\CodeIgniter.php(404): CodeIgniter\CodeIgniter->runController(Object(App\Controllers\Admin\RefSeller))
#10 C:\xampp7\htdocs\apps\surveypasar\vendor\codeigniter4\framework\system\CodeIgniter.php(312): CodeIgniter\CodeIgniter->handleRequest(NULL, Object(Config\Cache), false)
#11 C:\xampp7\htdocs\apps\surveypasar\public\index.php(45): CodeIgniter\CodeIgniter->run()
#12 {main}
CRITICAL - 2020-09-21 03:42:40 --> pg_query(): Query failed: ERROR:  syntax error at end of input
LINE 1: ...er_pasar_id where lower(seller_nama )like '%almi%'--+%') tmp
                                                                       ^
#0 [internal function]: CodeIgniter\Debug\Exceptions->errorHandler(2, 'pg_query(): Que...', 'C:\\xampp7\\htdoc...', 196, Array)
#1 C:\xampp7\htdocs\apps\surveypasar\vendor\codeigniter4\framework\system\Database\Postgre\Connection.php(196): pg_query(Resource id #121, 'select count(*)...')
#2 C:\xampp7\htdocs\apps\surveypasar\vendor\codeigniter4\framework\system\Database\BaseConnection.php(741): CodeIgniter\Database\Postgre\Connection->execute('select count(*)...')
#3 C:\xampp7\htdocs\apps\surveypasar\vendor\codeigniter4\framework\system\Database\BaseConnection.php(669): CodeIgniter\Database\BaseConnection->simpleQuery('select count(*)...')
#4 C:\xampp7\htdocs\apps\surveypasar\app\Libraries\SmartComponent\Datasource.php(77): CodeIgniter\Database\BaseConnection->query('select count(*)...')
#5 C:\xampp7\htdocs\apps\surveypasar\app\Libraries\SmartComponent\Grid.php(129): App\Libraries\SmartComponent\Datasource->run()
#6 C:\xampp7\htdocs\apps\surveypasar\app\Libraries\SmartComponent\Grid.php(94): App\Libraries\SmartComponent\Grid->get_datasource()
#7 C:\xampp7\htdocs\apps\surveypasar\app\Controllers\Admin\RefSeller.php(73): App\Libraries\SmartComponent\Grid->output()
#8 C:\xampp7\htdocs\apps\surveypasar\vendor\codeigniter4\framework\system\CodeIgniter.php(918): App\Controllers\Admin\RefSeller->grid()
#9 C:\xampp7\htdocs\apps\surveypasar\vendor\codeigniter4\framework\system\CodeIgniter.php(404): CodeIgniter\CodeIgniter->runController(Object(App\Controllers\Admin\RefSeller))
#10 C:\xampp7\htdocs\apps\surveypasar\vendor\codeigniter4\framework\system\CodeIgniter.php(312): CodeIgniter\CodeIgniter->handleRequest(NULL, Object(Config\Cache), false)
#11 C:\xampp7\htdocs\apps\surveypasar\public\index.php(45): CodeIgniter\CodeIgniter->run()
#12 {main}
CRITICAL - 2020-09-21 03:42:40 --> Uncaught CodeIgniter\Format\Exceptions\FormatException: Failed to parse json string, error: "Type is not supported". in C:\xampp7\htdocs\apps\surveypasar\vendor\codeigniter4\framework\system\Format\Exceptions\FormatException.php:9
Stack trace:
#0 C:\xampp7\htdocs\apps\surveypasar\vendor\codeigniter4\framework\system\Format\JSONFormatter.php(71): CodeIgniter\Format\Exceptions\FormatException::forInvalidJSON('Type is not sup...')
#1 C:\xampp7\htdocs\apps\surveypasar\vendor\codeigniter4\framework\system\API\ResponseTrait.php(414): CodeIgniter\Format\JSONFormatter->format(Array)
#2 C:\xampp7\htdocs\apps\surveypasar\vendor\codeigniter4\framework\system\API\ResponseTrait.php(134): CodeIgniter\Debug\Exceptions->format(Array)
#3 C:\xampp7\htdocs\apps\surveypasar\vendor\codeigniter4\framework\system\Debug\Exceptions.php(168): CodeIgniter\Debug\Exceptions->respond(Array, 500)
#4 [internal function]: CodeIgniter\Debug\Exceptions->exceptionHandler(Object(ErrorException))
#5 {main}
  thrown
#0 [internal function]: CodeIgniter\Debug\Exceptions->shutdownHandler()
#1 {main}
CRITICAL - 2020-09-21 03:42:41 --> pg_query(): Query failed: ERROR:  syntax error at end of input
LINE 1: ...er_pasar_id where lower(seller_nama )like '%almi%'--+%') tmp
                                                                       ^
#0 [internal function]: CodeIgniter\Debug\Exceptions->errorHandler(2, 'pg_query(): Que...', 'C:\\xampp7\\htdoc...', 196, Array)
#1 C:\xampp7\htdocs\apps\surveypasar\vendor\codeigniter4\framework\system\Database\Postgre\Connection.php(196): pg_query(Resource id #121, 'select count(*)...')
#2 C:\xampp7\htdocs\apps\surveypasar\vendor\codeigniter4\framework\system\Database\BaseConnection.php(741): CodeIgniter\Database\Postgre\Connection->execute('select count(*)...')
#3 C:\xampp7\htdocs\apps\surveypasar\vendor\codeigniter4\framework\system\Database\BaseConnection.php(669): CodeIgniter\Database\BaseConnection->simpleQuery('select count(*)...')
#4 C:\xampp7\htdocs\apps\surveypasar\app\Libraries\SmartComponent\Datasource.php(77): CodeIgniter\Database\BaseConnection->query('select count(*)...')
#5 C:\xampp7\htdocs\apps\surveypasar\app\Libraries\SmartComponent\Grid.php(129): App\Libraries\SmartComponent\Datasource->run()
#6 C:\xampp7\htdocs\apps\surveypasar\app\Libraries\SmartComponent\Grid.php(94): App\Libraries\SmartComponent\Grid->get_datasource()
#7 C:\xampp7\htdocs\apps\surveypasar\app\Controllers\Admin\RefSeller.php(73): App\Libraries\SmartComponent\Grid->output()
#8 C:\xampp7\htdocs\apps\surveypasar\vendor\codeigniter4\framework\system\CodeIgniter.php(918): App\Controllers\Admin\RefSeller->grid()
#9 C:\xampp7\htdocs\apps\surveypasar\vendor\codeigniter4\framework\system\CodeIgniter.php(404): CodeIgniter\CodeIgniter->runController(Object(App\Controllers\Admin\RefSeller))
#10 C:\xampp7\htdocs\apps\surveypasar\vendor\codeigniter4\framework\system\CodeIgniter.php(312): CodeIgniter\CodeIgniter->handleRequest(NULL, Object(Config\Cache), false)
#11 C:\xampp7\htdocs\apps\surveypasar\public\index.php(45): CodeIgniter\CodeIgniter->run()
#12 {main}
CRITICAL - 2020-09-21 03:42:41 --> Uncaught CodeIgniter\Format\Exceptions\FormatException: Failed to parse json string, error: "Type is not supported". in C:\xampp7\htdocs\apps\surveypasar\vendor\codeigniter4\framework\system\Format\Exceptions\FormatException.php:9
Stack trace:
#0 C:\xampp7\htdocs\apps\surveypasar\vendor\codeigniter4\framework\system\Format\JSONFormatter.php(71): CodeIgniter\Format\Exceptions\FormatException::forInvalidJSON('Type is not sup...')
#1 C:\xampp7\htdocs\apps\surveypasar\vendor\codeigniter4\framework\system\API\ResponseTrait.php(414): CodeIgniter\Format\JSONFormatter->format(Array)
#2 C:\xampp7\htdocs\apps\surveypasar\vendor\codeigniter4\framework\system\API\ResponseTrait.php(134): CodeIgniter\Debug\Exceptions->format(Array)
#3 C:\xampp7\htdocs\apps\surveypasar\vendor\codeigniter4\framework\system\Debug\Exceptions.php(168): CodeIgniter\Debug\Exceptions->respond(Array, 500)
#4 [internal function]: CodeIgniter\Debug\Exceptions->exceptionHandler(Object(ErrorException))
#5 {main}
  thrown
#0 [internal function]: CodeIgniter\Debug\Exceptions->shutdownHandler()
#1 {main}
CRITICAL - 2020-09-21 03:42:51 --> pg_query(): Query failed: ERROR:  unterminated quoted string at or near &quot;'8'' order by id desc limit 25 offset 0&quot;
LINE 2: ..._prod_produk_var_id where seller_prod_seller_id = '8'' order...
                                                             ^
#0 [internal function]: CodeIgniter\Debug\Exceptions->errorHandler(2, 'pg_query(): Que...', 'C:\\xampp7\\htdoc...', 196, Array)
#1 C:\xampp7\htdocs\apps\surveypasar\vendor\codeigniter4\framework\system\Database\Postgre\Connection.php(196): pg_query(Resource id #121, 'select seller_p...')
#2 C:\xampp7\htdocs\apps\surveypasar\vendor\codeigniter4\framework\system\Database\BaseConnection.php(741): CodeIgniter\Database\Postgre\Connection->execute('select seller_p...')
#3 C:\xampp7\htdocs\apps\surveypasar\vendor\codeigniter4\framework\system\Database\BaseConnection.php(669): CodeIgniter\Database\BaseConnection->simpleQuery('select seller_p...')
#4 C:\xampp7\htdocs\apps\surveypasar\app\Libraries\SmartComponent\Datasource.php(74): CodeIgniter\Database\BaseConnection->query('select seller_p...')
#5 C:\xampp7\htdocs\apps\surveypasar\app\Libraries\SmartComponent\Grid.php(129): App\Libraries\SmartComponent\Datasource->run()
#6 C:\xampp7\htdocs\apps\surveypasar\app\Libraries\SmartComponent\Grid.php(94): App\Libraries\SmartComponent\Grid->get_datasource()
#7 C:\xampp7\htdocs\apps\surveypasar\app\Controllers\Admin\RefSeller.php(101): App\Libraries\SmartComponent\Grid->output()
#8 C:\xampp7\htdocs\apps\surveypasar\vendor\codeigniter4\framework\system\CodeIgniter.php(918): App\Controllers\Admin\RefSeller->grid_detail('8'')
#9 C:\xampp7\htdocs\apps\surveypasar\vendor\codeigniter4\framework\system\CodeIgniter.php(404): CodeIgniter\CodeIgniter->runController(Object(App\Controllers\Admin\RefSeller))
#10 C:\xampp7\htdocs\apps\surveypasar\vendor\codeigniter4\framework\system\CodeIgniter.php(312): CodeIgniter\CodeIgniter->handleRequest(NULL, Object(Config\Cache), false)
#11 C:\xampp7\htdocs\apps\surveypasar\public\index.php(45): CodeIgniter\CodeIgniter->run()
#12 {main}
CRITICAL - 2020-09-21 03:42:51 --> Uncaught CodeIgniter\Format\Exceptions\FormatException: Failed to parse json string, error: "Type is not supported". in C:\xampp7\htdocs\apps\surveypasar\vendor\codeigniter4\framework\system\Format\Exceptions\FormatException.php:9
Stack trace:
#0 C:\xampp7\htdocs\apps\surveypasar\vendor\codeigniter4\framework\system\Format\JSONFormatter.php(71): CodeIgniter\Format\Exceptions\FormatException::forInvalidJSON('Type is not sup...')
#1 C:\xampp7\htdocs\apps\surveypasar\vendor\codeigniter4\framework\system\API\ResponseTrait.php(414): CodeIgniter\Format\JSONFormatter->format(Array)
#2 C:\xampp7\htdocs\apps\surveypasar\vendor\codeigniter4\framework\system\API\ResponseTrait.php(134): CodeIgniter\Debug\Exceptions->format(Array)
#3 C:\xampp7\htdocs\apps\surveypasar\vendor\codeigniter4\framework\system\Debug\Exceptions.php(168): CodeIgniter\Debug\Exceptions->respond(Array, 500)
#4 [internal function]: CodeIgniter\Debug\Exceptions->exceptionHandler(Object(ErrorException))
#5 {main}
  thrown
#0 [internal function]: CodeIgniter\Debug\Exceptions->shutdownHandler()
#1 {main}
CRITICAL - 2020-09-21 03:42:56 --> pg_query(): Query failed: ERROR:  invalid input syntax for integer: &quot;8 -- &quot;
LINE 2: ..._prod_produk_var_id where seller_prod_seller_id = '8 -- ' or...
                                                             ^
#0 [internal function]: CodeIgniter\Debug\Exceptions->errorHandler(2, 'pg_query(): Que...', 'C:\\xampp7\\htdoc...', 196, Array)
#1 C:\xampp7\htdocs\apps\surveypasar\vendor\codeigniter4\framework\system\Database\Postgre\Connection.php(196): pg_query(Resource id #121, 'select seller_p...')
#2 C:\xampp7\htdocs\apps\surveypasar\vendor\codeigniter4\framework\system\Database\BaseConnection.php(741): CodeIgniter\Database\Postgre\Connection->execute('select seller_p...')
#3 C:\xampp7\htdocs\apps\surveypasar\vendor\codeigniter4\framework\system\Database\BaseConnection.php(669): CodeIgniter\Database\BaseConnection->simpleQuery('select seller_p...')
#4 C:\xampp7\htdocs\apps\surveypasar\app\Libraries\SmartComponent\Datasource.php(74): CodeIgniter\Database\BaseConnection->query('select seller_p...')
#5 C:\xampp7\htdocs\apps\surveypasar\app\Libraries\SmartComponent\Grid.php(129): App\Libraries\SmartComponent\Datasource->run()
#6 C:\xampp7\htdocs\apps\surveypasar\app\Libraries\SmartComponent\Grid.php(94): App\Libraries\SmartComponent\Grid->get_datasource()
#7 C:\xampp7\htdocs\apps\surveypasar\app\Controllers\Admin\RefSeller.php(101): App\Libraries\SmartComponent\Grid->output()
#8 C:\xampp7\htdocs\apps\surveypasar\vendor\codeigniter4\framework\system\CodeIgniter.php(918): App\Controllers\Admin\RefSeller->grid_detail('8 -- ')
#9 C:\xampp7\htdocs\apps\surveypasar\vendor\codeigniter4\framework\system\CodeIgniter.php(404): CodeIgniter\CodeIgniter->runController(Object(App\Controllers\Admin\RefSeller))
#10 C:\xampp7\htdocs\apps\surveypasar\vendor\codeigniter4\framework\system\CodeIgniter.php(312): CodeIgniter\CodeIgniter->handleRequest(NULL, Object(Config\Cache), false)
#11 C:\xampp7\htdocs\apps\surveypasar\public\index.php(45): CodeIgniter\CodeIgniter->run()
#12 {main}
CRITICAL - 2020-09-21 03:42:56 --> Uncaught CodeIgniter\Format\Exceptions\FormatException: Failed to parse json string, error: "Type is not supported". in C:\xampp7\htdocs\apps\surveypasar\vendor\codeigniter4\framework\system\Format\Exceptions\FormatException.php:9
Stack trace:
#0 C:\xampp7\htdocs\apps\surveypasar\vendor\codeigniter4\framework\system\Format\JSONFormatter.php(71): CodeIgniter\Format\Exceptions\FormatException::forInvalidJSON('Type is not sup...')
#1 C:\xampp7\htdocs\apps\surveypasar\vendor\codeigniter4\framework\system\API\ResponseTrait.php(414): CodeIgniter\Format\JSONFormatter->format(Array)
#2 C:\xampp7\htdocs\apps\surveypasar\vendor\codeigniter4\framework\system\API\ResponseTrait.php(134): CodeIgniter\Debug\Exceptions->format(Array)
#3 C:\xampp7\htdocs\apps\surveypasar\vendor\codeigniter4\framework\system\Debug\Exceptions.php(168): CodeIgniter\Debug\Exceptions->respond(Array, 500)
#4 [internal function]: CodeIgniter\Debug\Exceptions->exceptionHandler(Object(ErrorException))
#5 {main}
  thrown
#0 [internal function]: CodeIgniter\Debug\Exceptions->shutdownHandler()
#1 {main}
CRITICAL - 2020-09-21 03:43:07 --> pg_query(): Query failed: ERROR:  invalid input syntax for integer: &quot;8  order by 1&quot;
LINE 2: ..._prod_produk_var_id where seller_prod_seller_id = '8  order ...
                                                             ^
#0 [internal function]: CodeIgniter\Debug\Exceptions->errorHandler(2, 'pg_query(): Que...', 'C:\\xampp7\\htdoc...', 196, Array)
#1 C:\xampp7\htdocs\apps\surveypasar\vendor\codeigniter4\framework\system\Database\Postgre\Connection.php(196): pg_query(Resource id #121, 'select seller_p...')
#2 C:\xampp7\htdocs\apps\surveypasar\vendor\codeigniter4\framework\system\Database\BaseConnection.php(741): CodeIgniter\Database\Postgre\Connection->execute('select seller_p...')
#3 C:\xampp7\htdocs\apps\surveypasar\vendor\codeigniter4\framework\system\Database\BaseConnection.php(669): CodeIgniter\Database\BaseConnection->simpleQuery('select seller_p...')
#4 C:\xampp7\htdocs\apps\surveypasar\app\Libraries\SmartComponent\Datasource.php(74): CodeIgniter\Database\BaseConnection->query('select seller_p...')
#5 C:\xampp7\htdocs\apps\surveypasar\app\Libraries\SmartComponent\Grid.php(129): App\Libraries\SmartComponent\Datasource->run()
#6 C:\xampp7\htdocs\apps\surveypasar\app\Libraries\SmartComponent\Grid.php(94): App\Libraries\SmartComponent\Grid->get_datasource()
#7 C:\xampp7\htdocs\apps\surveypasar\app\Controllers\Admin\RefSeller.php(101): App\Libraries\SmartComponent\Grid->output()
#8 C:\xampp7\htdocs\apps\surveypasar\vendor\codeigniter4\framework\system\CodeIgniter.php(918): App\Controllers\Admin\RefSeller->grid_detail('8  order by 1')
#9 C:\xampp7\htdocs\apps\surveypasar\vendor\codeigniter4\framework\system\CodeIgniter.php(404): CodeIgniter\CodeIgniter->runController(Object(App\Controllers\Admin\RefSeller))
#10 C:\xampp7\htdocs\apps\surveypasar\vendor\codeigniter4\framework\system\CodeIgniter.php(312): CodeIgniter\CodeIgniter->handleRequest(NULL, Object(Config\Cache), false)
#11 C:\xampp7\htdocs\apps\surveypasar\public\index.php(45): CodeIgniter\CodeIgniter->run()
#12 {main}
CRITICAL - 2020-09-21 03:43:07 --> Uncaught CodeIgniter\Format\Exceptions\FormatException: Failed to parse json string, error: "Type is not supported". in C:\xampp7\htdocs\apps\surveypasar\vendor\codeigniter4\framework\system\Format\Exceptions\FormatException.php:9
Stack trace:
#0 C:\xampp7\htdocs\apps\surveypasar\vendor\codeigniter4\framework\system\Format\JSONFormatter.php(71): CodeIgniter\Format\Exceptions\FormatException::forInvalidJSON('Type is not sup...')
#1 C:\xampp7\htdocs\apps\surveypasar\vendor\codeigniter4\framework\system\API\ResponseTrait.php(414): CodeIgniter\Format\JSONFormatter->format(Array)
#2 C:\xampp7\htdocs\apps\surveypasar\vendor\codeigniter4\framework\system\API\ResponseTrait.php(134): CodeIgniter\Debug\Exceptions->format(Array)
#3 C:\xampp7\htdocs\apps\surveypasar\vendor\codeigniter4\framework\system\Debug\Exceptions.php(168): CodeIgniter\Debug\Exceptions->respond(Array, 500)
#4 [internal function]: CodeIgniter\Debug\Exceptions->exceptionHandler(Object(ErrorException))
#5 {main}
  thrown
#0 [internal function]: CodeIgniter\Debug\Exceptions->shutdownHandler()
#1 {main}
CRITICAL - 2020-09-21 03:43:11 --> pg_query(): Query failed: ERROR:  invalid input syntax for integer: &quot;8  order by 100&quot;
LINE 2: ..._prod_produk_var_id where seller_prod_seller_id = '8  order ...
                                                             ^
#0 [internal function]: CodeIgniter\Debug\Exceptions->errorHandler(2, 'pg_query(): Que...', 'C:\\xampp7\\htdoc...', 196, Array)
#1 C:\xampp7\htdocs\apps\surveypasar\vendor\codeigniter4\framework\system\Database\Postgre\Connection.php(196): pg_query(Resource id #121, 'select seller_p...')
#2 C:\xampp7\htdocs\apps\surveypasar\vendor\codeigniter4\framework\system\Database\BaseConnection.php(741): CodeIgniter\Database\Postgre\Connection->execute('select seller_p...')
#3 C:\xampp7\htdocs\apps\surveypasar\vendor\codeigniter4\framework\system\Database\BaseConnection.php(669): CodeIgniter\Database\BaseConnection->simpleQuery('select seller_p...')
#4 C:\xampp7\htdocs\apps\surveypasar\app\Libraries\SmartComponent\Datasource.php(74): CodeIgniter\Database\BaseConnection->query('select seller_p...')
#5 C:\xampp7\htdocs\apps\surveypasar\app\Libraries\SmartComponent\Grid.php(129): App\Libraries\SmartComponent\Datasource->run()
#6 C:\xampp7\htdocs\apps\surveypasar\app\Libraries\SmartComponent\Grid.php(94): App\Libraries\SmartComponent\Grid->get_datasource()
#7 C:\xampp7\htdocs\apps\surveypasar\app\Controllers\Admin\RefSeller.php(101): App\Libraries\SmartComponent\Grid->output()
#8 C:\xampp7\htdocs\apps\surveypasar\vendor\codeigniter4\framework\system\CodeIgniter.php(918): App\Controllers\Admin\RefSeller->grid_detail('8  order by 100')
#9 C:\xampp7\htdocs\apps\surveypasar\vendor\codeigniter4\framework\system\CodeIgniter.php(404): CodeIgniter\CodeIgniter->runController(Object(App\Controllers\Admin\RefSeller))
#10 C:\xampp7\htdocs\apps\surveypasar\vendor\codeigniter4\framework\system\CodeIgniter.php(312): CodeIgniter\CodeIgniter->handleRequest(NULL, Object(Config\Cache), false)
#11 C:\xampp7\htdocs\apps\surveypasar\public\index.php(45): CodeIgniter\CodeIgniter->run()
#12 {main}
CRITICAL - 2020-09-21 03:43:11 --> Uncaught CodeIgniter\Format\Exceptions\FormatException: Failed to parse json string, error: "Type is not supported". in C:\xampp7\htdocs\apps\surveypasar\vendor\codeigniter4\framework\system\Format\Exceptions\FormatException.php:9
Stack trace:
#0 C:\xampp7\htdocs\apps\surveypasar\vendor\codeigniter4\framework\system\Format\JSONFormatter.php(71): CodeIgniter\Format\Exceptions\FormatException::forInvalidJSON('Type is not sup...')
#1 C:\xampp7\htdocs\apps\surveypasar\vendor\codeigniter4\framework\system\API\ResponseTrait.php(414): CodeIgniter\Format\JSONFormatter->format(Array)
#2 C:\xampp7\htdocs\apps\surveypasar\vendor\codeigniter4\framework\system\API\ResponseTrait.php(134): CodeIgniter\Debug\Exceptions->format(Array)
#3 C:\xampp7\htdocs\apps\surveypasar\vendor\codeigniter4\framework\system\Debug\Exceptions.php(168): CodeIgniter\Debug\Exceptions->respond(Array, 500)
#4 [internal function]: CodeIgniter\Debug\Exceptions->exceptionHandler(Object(ErrorException))
#5 {main}
  thrown
#0 [internal function]: CodeIgniter\Debug\Exceptions->shutdownHandler()
#1 {main}
CRITICAL - 2020-09-21 03:43:14 --> pg_query(): Query failed: ERROR:  invalid input syntax for integer: &quot;8  order by 10&quot;
LINE 2: ..._prod_produk_var_id where seller_prod_seller_id = '8  order ...
                                                             ^
#0 [internal function]: CodeIgniter\Debug\Exceptions->errorHandler(2, 'pg_query(): Que...', 'C:\\xampp7\\htdoc...', 196, Array)
#1 C:\xampp7\htdocs\apps\surveypasar\vendor\codeigniter4\framework\system\Database\Postgre\Connection.php(196): pg_query(Resource id #121, 'select seller_p...')
#2 C:\xampp7\htdocs\apps\surveypasar\vendor\codeigniter4\framework\system\Database\BaseConnection.php(741): CodeIgniter\Database\Postgre\Connection->execute('select seller_p...')
#3 C:\xampp7\htdocs\apps\surveypasar\vendor\codeigniter4\framework\system\Database\BaseConnection.php(669): CodeIgniter\Database\BaseConnection->simpleQuery('select seller_p...')
#4 C:\xampp7\htdocs\apps\surveypasar\app\Libraries\SmartComponent\Datasource.php(74): CodeIgniter\Database\BaseConnection->query('select seller_p...')
#5 C:\xampp7\htdocs\apps\surveypasar\app\Libraries\SmartComponent\Grid.php(129): App\Libraries\SmartComponent\Datasource->run()
#6 C:\xampp7\htdocs\apps\surveypasar\app\Libraries\SmartComponent\Grid.php(94): App\Libraries\SmartComponent\Grid->get_datasource()
#7 C:\xampp7\htdocs\apps\surveypasar\app\Controllers\Admin\RefSeller.php(101): App\Libraries\SmartComponent\Grid->output()
#8 C:\xampp7\htdocs\apps\surveypasar\vendor\codeigniter4\framework\system\CodeIgniter.php(918): App\Controllers\Admin\RefSeller->grid_detail('8  order by 10')
#9 C:\xampp7\htdocs\apps\surveypasar\vendor\codeigniter4\framework\system\CodeIgniter.php(404): CodeIgniter\CodeIgniter->runController(Object(App\Controllers\Admin\RefSeller))
#10 C:\xampp7\htdocs\apps\surveypasar\vendor\codeigniter4\framework\system\CodeIgniter.php(312): CodeIgniter\CodeIgniter->handleRequest(NULL, Object(Config\Cache), false)
#11 C:\xampp7\htdocs\apps\surveypasar\public\index.php(45): CodeIgniter\CodeIgniter->run()
#12 {main}
CRITICAL - 2020-09-21 03:43:14 --> Uncaught CodeIgniter\Format\Exceptions\FormatException: Failed to parse json string, error: "Type is not supported". in C:\xampp7\htdocs\apps\surveypasar\vendor\codeigniter4\framework\system\Format\Exceptions\FormatException.php:9
Stack trace:
#0 C:\xampp7\htdocs\apps\surveypasar\vendor\codeigniter4\framework\system\Format\JSONFormatter.php(71): CodeIgniter\Format\Exceptions\FormatException::forInvalidJSON('Type is not sup...')
#1 C:\xampp7\htdocs\apps\surveypasar\vendor\codeigniter4\framework\system\API\ResponseTrait.php(414): CodeIgniter\Format\JSONFormatter->format(Array)
#2 C:\xampp7\htdocs\apps\surveypasar\vendor\codeigniter4\framework\system\API\ResponseTrait.php(134): CodeIgniter\Debug\Exceptions->format(Array)
#3 C:\xampp7\htdocs\apps\surveypasar\vendor\codeigniter4\framework\system\Debug\Exceptions.php(168): CodeIgniter\Debug\Exceptions->respond(Array, 500)
#4 [internal function]: CodeIgniter\Debug\Exceptions->exceptionHandler(Object(ErrorException))
#5 {main}
  thrown
#0 [internal function]: CodeIgniter\Debug\Exceptions->shutdownHandler()
#1 {main}
CRITICAL - 2020-09-21 03:43:48 --> pg_query(): Query failed: ERROR:  unterminated quoted string at or near &quot;' order by id desc limit 25 offset 0&quot;
LINE 2: ...ar_id where seller_prod_seller_id = '8' order by 1' order by...
                                                             ^
#0 [internal function]: CodeIgniter\Debug\Exceptions->errorHandler(2, 'pg_query(): Que...', 'C:\\xampp7\\htdoc...', 196, Array)
#1 C:\xampp7\htdocs\apps\surveypasar\vendor\codeigniter4\framework\system\Database\Postgre\Connection.php(196): pg_query(Resource id #121, 'select seller_p...')
#2 C:\xampp7\htdocs\apps\surveypasar\vendor\codeigniter4\framework\system\Database\BaseConnection.php(741): CodeIgniter\Database\Postgre\Connection->execute('select seller_p...')
#3 C:\xampp7\htdocs\apps\surveypasar\vendor\codeigniter4\framework\system\Database\BaseConnection.php(669): CodeIgniter\Database\BaseConnection->simpleQuery('select seller_p...')
#4 C:\xampp7\htdocs\apps\surveypasar\app\Libraries\SmartComponent\Datasource.php(74): CodeIgniter\Database\BaseConnection->query('select seller_p...')
#5 C:\xampp7\htdocs\apps\surveypasar\app\Libraries\SmartComponent\Grid.php(129): App\Libraries\SmartComponent\Datasource->run()
#6 C:\xampp7\htdocs\apps\surveypasar\app\Libraries\SmartComponent\Grid.php(94): App\Libraries\SmartComponent\Grid->get_datasource()
#7 C:\xampp7\htdocs\apps\surveypasar\app\Controllers\Admin\RefSeller.php(101): App\Libraries\SmartComponent\Grid->output()
#8 C:\xampp7\htdocs\apps\surveypasar\vendor\codeigniter4\framework\system\CodeIgniter.php(918): App\Controllers\Admin\RefSeller->grid_detail('8' order by 1')
#9 C:\xampp7\htdocs\apps\surveypasar\vendor\codeigniter4\framework\system\CodeIgniter.php(404): CodeIgniter\CodeIgniter->runController(Object(App\Controllers\Admin\RefSeller))
#10 C:\xampp7\htdocs\apps\surveypasar\vendor\codeigniter4\framework\system\CodeIgniter.php(312): CodeIgniter\CodeIgniter->handleRequest(NULL, Object(Config\Cache), false)
#11 C:\xampp7\htdocs\apps\surveypasar\public\index.php(45): CodeIgniter\CodeIgniter->run()
#12 {main}
CRITICAL - 2020-09-21 03:43:48 --> Uncaught CodeIgniter\Format\Exceptions\FormatException: Failed to parse json string, error: "Type is not supported". in C:\xampp7\htdocs\apps\surveypasar\vendor\codeigniter4\framework\system\Format\Exceptions\FormatException.php:9
Stack trace:
#0 C:\xampp7\htdocs\apps\surveypasar\vendor\codeigniter4\framework\system\Format\JSONFormatter.php(71): CodeIgniter\Format\Exceptions\FormatException::forInvalidJSON('Type is not sup...')
#1 C:\xampp7\htdocs\apps\surveypasar\vendor\codeigniter4\framework\system\API\ResponseTrait.php(414): CodeIgniter\Format\JSONFormatter->format(Array)
#2 C:\xampp7\htdocs\apps\surveypasar\vendor\codeigniter4\framework\system\API\ResponseTrait.php(134): CodeIgniter\Debug\Exceptions->format(Array)
#3 C:\xampp7\htdocs\apps\surveypasar\vendor\codeigniter4\framework\system\Debug\Exceptions.php(168): CodeIgniter\Debug\Exceptions->respond(Array, 500)
#4 [internal function]: CodeIgniter\Debug\Exceptions->exceptionHandler(Object(ErrorException))
#5 {main}
  thrown
#0 [internal function]: CodeIgniter\Debug\Exceptions->shutdownHandler()
#1 {main}
CRITICAL - 2020-09-21 03:43:51 --> pg_query(): Query failed: ERROR:  unterminated quoted string at or near &quot;' order by id desc limit 25 offset 0&quot;
LINE 2: ...r_id where seller_prod_seller_id = '8' order by 10' order by...
                                                             ^
#0 [internal function]: CodeIgniter\Debug\Exceptions->errorHandler(2, 'pg_query(): Que...', 'C:\\xampp7\\htdoc...', 196, Array)
#1 C:\xampp7\htdocs\apps\surveypasar\vendor\codeigniter4\framework\system\Database\Postgre\Connection.php(196): pg_query(Resource id #121, 'select seller_p...')
#2 C:\xampp7\htdocs\apps\surveypasar\vendor\codeigniter4\framework\system\Database\BaseConnection.php(741): CodeIgniter\Database\Postgre\Connection->execute('select seller_p...')
#3 C:\xampp7\htdocs\apps\surveypasar\vendor\codeigniter4\framework\system\Database\BaseConnection.php(669): CodeIgniter\Database\BaseConnection->simpleQuery('select seller_p...')
#4 C:\xampp7\htdocs\apps\surveypasar\app\Libraries\SmartComponent\Datasource.php(74): CodeIgniter\Database\BaseConnection->query('select seller_p...')
#5 C:\xampp7\htdocs\apps\surveypasar\app\Libraries\SmartComponent\Grid.php(129): App\Libraries\SmartComponent\Datasource->run()
#6 C:\xampp7\htdocs\apps\surveypasar\app\Libraries\SmartComponent\Grid.php(94): App\Libraries\SmartComponent\Grid->get_datasource()
#7 C:\xampp7\htdocs\apps\surveypasar\app\Controllers\Admin\RefSeller.php(101): App\Libraries\SmartComponent\Grid->output()
#8 C:\xampp7\htdocs\apps\surveypasar\vendor\codeigniter4\framework\system\CodeIgniter.php(918): App\Controllers\Admin\RefSeller->grid_detail('8' order by 10')
#9 C:\xampp7\htdocs\apps\surveypasar\vendor\codeigniter4\framework\system\CodeIgniter.php(404): CodeIgniter\CodeIgniter->runController(Object(App\Controllers\Admin\RefSeller))
#10 C:\xampp7\htdocs\apps\surveypasar\vendor\codeigniter4\framework\system\CodeIgniter.php(312): CodeIgniter\CodeIgniter->handleRequest(NULL, Object(Config\Cache), false)
#11 C:\xampp7\htdocs\apps\surveypasar\public\index.php(45): CodeIgniter\CodeIgniter->run()
#12 {main}
CRITICAL - 2020-09-21 03:43:51 --> Uncaught CodeIgniter\Format\Exceptions\FormatException: Failed to parse json string, error: "Type is not supported". in C:\xampp7\htdocs\apps\surveypasar\vendor\codeigniter4\framework\system\Format\Exceptions\FormatException.php:9
Stack trace:
#0 C:\xampp7\htdocs\apps\surveypasar\vendor\codeigniter4\framework\system\Format\JSONFormatter.php(71): CodeIgniter\Format\Exceptions\FormatException::forInvalidJSON('Type is not sup...')
#1 C:\xampp7\htdocs\apps\surveypasar\vendor\codeigniter4\framework\system\API\ResponseTrait.php(414): CodeIgniter\Format\JSONFormatter->format(Array)
#2 C:\xampp7\htdocs\apps\surveypasar\vendor\codeigniter4\framework\system\API\ResponseTrait.php(134): CodeIgniter\Debug\Exceptions->format(Array)
#3 C:\xampp7\htdocs\apps\surveypasar\vendor\codeigniter4\framework\system\Debug\Exceptions.php(168): CodeIgniter\Debug\Exceptions->respond(Array, 500)
#4 [internal function]: CodeIgniter\Debug\Exceptions->exceptionHandler(Object(ErrorException))
#5 {main}
  thrown
#0 [internal function]: CodeIgniter\Debug\Exceptions->shutdownHandler()
#1 {main}
CRITICAL - 2020-09-21 03:44:04 --> pg_query(): Query failed: ERROR:  unterminated quoted string at or near &quot;' order by 10) order by id desc limit 25 offset 0&quot;
LINE 4: ...from seller_produk where seller_prod_seller_id = 8' order by...
                                                             ^
#0 [internal function]: CodeIgniter\Debug\Exceptions->errorHandler(2, 'pg_query(): Que...', 'C:\\xampp7\\htdoc...', 196, Array)
#1 C:\xampp7\htdocs\apps\surveypasar\vendor\codeigniter4\framework\system\Database\Postgre\Connection.php(196): pg_query(Resource id #121, 'select ref_prod...')
#2 C:\xampp7\htdocs\apps\surveypasar\vendor\codeigniter4\framework\system\Database\BaseConnection.php(741): CodeIgniter\Database\Postgre\Connection->execute('select ref_prod...')
#3 C:\xampp7\htdocs\apps\surveypasar\vendor\codeigniter4\framework\system\Database\BaseConnection.php(669): CodeIgniter\Database\BaseConnection->simpleQuery('select ref_prod...')
#4 C:\xampp7\htdocs\apps\surveypasar\app\Libraries\SmartComponent\Datasource.php(74): CodeIgniter\Database\BaseConnection->query('select ref_prod...')
#5 C:\xampp7\htdocs\apps\surveypasar\app\Libraries\SmartComponent\Grid.php(129): App\Libraries\SmartComponent\Datasource->run()
#6 C:\xampp7\htdocs\apps\surveypasar\app\Libraries\SmartComponent\Grid.php(94): App\Libraries\SmartComponent\Grid->get_datasource()
#7 C:\xampp7\htdocs\apps\surveypasar\app\Controllers\Admin\RefSeller.php(248): App\Libraries\SmartComponent\Grid->output()
#8 C:\xampp7\htdocs\apps\surveypasar\vendor\codeigniter4\framework\system\CodeIgniter.php(918): App\Controllers\Admin\RefSeller->grid_pilih_produk('8' order by 10')
#9 C:\xampp7\htdocs\apps\surveypasar\vendor\codeigniter4\framework\system\CodeIgniter.php(404): CodeIgniter\CodeIgniter->runController(Object(App\Controllers\Admin\RefSeller))
#10 C:\xampp7\htdocs\apps\surveypasar\vendor\codeigniter4\framework\system\CodeIgniter.php(312): CodeIgniter\CodeIgniter->handleRequest(NULL, Object(Config\Cache), false)
#11 C:\xampp7\htdocs\apps\surveypasar\public\index.php(45): CodeIgniter\CodeIgniter->run()
#12 {main}
CRITICAL - 2020-09-21 03:44:04 --> Uncaught CodeIgniter\Format\Exceptions\FormatException: Failed to parse json string, error: "Type is not supported". in C:\xampp7\htdocs\apps\surveypasar\vendor\codeigniter4\framework\system\Format\Exceptions\FormatException.php:9
Stack trace:
#0 C:\xampp7\htdocs\apps\surveypasar\vendor\codeigniter4\framework\system\Format\JSONFormatter.php(71): CodeIgniter\Format\Exceptions\FormatException::forInvalidJSON('Type is not sup...')
#1 C:\xampp7\htdocs\apps\surveypasar\vendor\codeigniter4\framework\system\API\ResponseTrait.php(414): CodeIgniter\Format\JSONFormatter->format(Array)
#2 C:\xampp7\htdocs\apps\surveypasar\vendor\codeigniter4\framework\system\API\ResponseTrait.php(134): CodeIgniter\Debug\Exceptions->format(Array)
#3 C:\xampp7\htdocs\apps\surveypasar\vendor\codeigniter4\framework\system\Debug\Exceptions.php(168): CodeIgniter\Debug\Exceptions->respond(Array, 500)
#4 [internal function]: CodeIgniter\Debug\Exceptions->exceptionHandler(Object(ErrorException))
#5 {main}
  thrown
#0 [internal function]: CodeIgniter\Debug\Exceptions->shutdownHandler()
#1 {main}
CRITICAL - 2020-09-21 03:44:06 --> pg_query(): Query failed: ERROR:  unterminated quoted string at or near &quot;' order by id desc limit 25 offset 0&quot;
LINE 2: ...ar_id where seller_prod_seller_id = '8' order by 1' order by...
                                                             ^
#0 [internal function]: CodeIgniter\Debug\Exceptions->errorHandler(2, 'pg_query(): Que...', 'C:\\xampp7\\htdoc...', 196, Array)
#1 C:\xampp7\htdocs\apps\surveypasar\vendor\codeigniter4\framework\system\Database\Postgre\Connection.php(196): pg_query(Resource id #121, 'select seller_p...')
#2 C:\xampp7\htdocs\apps\surveypasar\vendor\codeigniter4\framework\system\Database\BaseConnection.php(741): CodeIgniter\Database\Postgre\Connection->execute('select seller_p...')
#3 C:\xampp7\htdocs\apps\surveypasar\vendor\codeigniter4\framework\system\Database\BaseConnection.php(669): CodeIgniter\Database\BaseConnection->simpleQuery('select seller_p...')
#4 C:\xampp7\htdocs\apps\surveypasar\app\Libraries\SmartComponent\Datasource.php(74): CodeIgniter\Database\BaseConnection->query('select seller_p...')
#5 C:\xampp7\htdocs\apps\surveypasar\app\Libraries\SmartComponent\Grid.php(129): App\Libraries\SmartComponent\Datasource->run()
#6 C:\xampp7\htdocs\apps\surveypasar\app\Libraries\SmartComponent\Grid.php(94): App\Libraries\SmartComponent\Grid->get_datasource()
#7 C:\xampp7\htdocs\apps\surveypasar\app\Controllers\Admin\RefSeller.php(101): App\Libraries\SmartComponent\Grid->output()
#8 C:\xampp7\htdocs\apps\surveypasar\vendor\codeigniter4\framework\system\CodeIgniter.php(918): App\Controllers\Admin\RefSeller->grid_detail('8' order by 1')
#9 C:\xampp7\htdocs\apps\surveypasar\vendor\codeigniter4\framework\system\CodeIgniter.php(404): CodeIgniter\CodeIgniter->runController(Object(App\Controllers\Admin\RefSeller))
#10 C:\xampp7\htdocs\apps\surveypasar\vendor\codeigniter4\framework\system\CodeIgniter.php(312): CodeIgniter\CodeIgniter->handleRequest(NULL, Object(Config\Cache), false)
#11 C:\xampp7\htdocs\apps\surveypasar\public\index.php(45): CodeIgniter\CodeIgniter->run()
#12 {main}
CRITICAL - 2020-09-21 03:44:06 --> Uncaught CodeIgniter\Format\Exceptions\FormatException: Failed to parse json string, error: "Type is not supported". in C:\xampp7\htdocs\apps\surveypasar\vendor\codeigniter4\framework\system\Format\Exceptions\FormatException.php:9
Stack trace:
#0 C:\xampp7\htdocs\apps\surveypasar\vendor\codeigniter4\framework\system\Format\JSONFormatter.php(71): CodeIgniter\Format\Exceptions\FormatException::forInvalidJSON('Type is not sup...')
#1 C:\xampp7\htdocs\apps\surveypasar\vendor\codeigniter4\framework\system\API\ResponseTrait.php(414): CodeIgniter\Format\JSONFormatter->format(Array)
#2 C:\xampp7\htdocs\apps\surveypasar\vendor\codeigniter4\framework\system\API\ResponseTrait.php(134): CodeIgniter\Debug\Exceptions->format(Array)
#3 C:\xampp7\htdocs\apps\surveypasar\vendor\codeigniter4\framework\system\Debug\Exceptions.php(168): CodeIgniter\Debug\Exceptions->respond(Array, 500)
#4 [internal function]: CodeIgniter\Debug\Exceptions->exceptionHandler(Object(ErrorException))
#5 {main}
  thrown
#0 [internal function]: CodeIgniter\Debug\Exceptions->shutdownHandler()
#1 {main}
CRITICAL - 2020-09-21 03:44:07 --> pg_query(): Query failed: ERROR:  invalid input syntax for integer: &quot;8  order by 10&quot;
LINE 2: ..._prod_produk_var_id where seller_prod_seller_id = '8  order ...
                                                             ^
#0 [internal function]: CodeIgniter\Debug\Exceptions->errorHandler(2, 'pg_query(): Que...', 'C:\\xampp7\\htdoc...', 196, Array)
#1 C:\xampp7\htdocs\apps\surveypasar\vendor\codeigniter4\framework\system\Database\Postgre\Connection.php(196): pg_query(Resource id #121, 'select seller_p...')
#2 C:\xampp7\htdocs\apps\surveypasar\vendor\codeigniter4\framework\system\Database\BaseConnection.php(741): CodeIgniter\Database\Postgre\Connection->execute('select seller_p...')
#3 C:\xampp7\htdocs\apps\surveypasar\vendor\codeigniter4\framework\system\Database\BaseConnection.php(669): CodeIgniter\Database\BaseConnection->simpleQuery('select seller_p...')
#4 C:\xampp7\htdocs\apps\surveypasar\app\Libraries\SmartComponent\Datasource.php(74): CodeIgniter\Database\BaseConnection->query('select seller_p...')
#5 C:\xampp7\htdocs\apps\surveypasar\app\Libraries\SmartComponent\Grid.php(129): App\Libraries\SmartComponent\Datasource->run()
#6 C:\xampp7\htdocs\apps\surveypasar\app\Libraries\SmartComponent\Grid.php(94): App\Libraries\SmartComponent\Grid->get_datasource()
#7 C:\xampp7\htdocs\apps\surveypasar\app\Controllers\Admin\RefSeller.php(101): App\Libraries\SmartComponent\Grid->output()
#8 C:\xampp7\htdocs\apps\surveypasar\vendor\codeigniter4\framework\system\CodeIgniter.php(918): App\Controllers\Admin\RefSeller->grid_detail('8  order by 10')
#9 C:\xampp7\htdocs\apps\surveypasar\vendor\codeigniter4\framework\system\CodeIgniter.php(404): CodeIgniter\CodeIgniter->runController(Object(App\Controllers\Admin\RefSeller))
#10 C:\xampp7\htdocs\apps\surveypasar\vendor\codeigniter4\framework\system\CodeIgniter.php(312): CodeIgniter\CodeIgniter->handleRequest(NULL, Object(Config\Cache), false)
#11 C:\xampp7\htdocs\apps\surveypasar\public\index.php(45): CodeIgniter\CodeIgniter->run()
#12 {main}
CRITICAL - 2020-09-21 03:44:07 --> Uncaught CodeIgniter\Format\Exceptions\FormatException: Failed to parse json string, error: "Type is not supported". in C:\xampp7\htdocs\apps\surveypasar\vendor\codeigniter4\framework\system\Format\Exceptions\FormatException.php:9
Stack trace:
#0 C:\xampp7\htdocs\apps\surveypasar\vendor\codeigniter4\framework\system\Format\JSONFormatter.php(71): CodeIgniter\Format\Exceptions\FormatException::forInvalidJSON('Type is not sup...')
#1 C:\xampp7\htdocs\apps\surveypasar\vendor\codeigniter4\framework\system\API\ResponseTrait.php(414): CodeIgniter\Format\JSONFormatter->format(Array)
#2 C:\xampp7\htdocs\apps\surveypasar\vendor\codeigniter4\framework\system\API\ResponseTrait.php(134): CodeIgniter\Debug\Exceptions->format(Array)
#3 C:\xampp7\htdocs\apps\surveypasar\vendor\codeigniter4\framework\system\Debug\Exceptions.php(168): CodeIgniter\Debug\Exceptions->respond(Array, 500)
#4 [internal function]: CodeIgniter\Debug\Exceptions->exceptionHandler(Object(ErrorException))
#5 {main}
  thrown
#0 [internal function]: CodeIgniter\Debug\Exceptions->shutdownHandler()
#1 {main}
CRITICAL - 2020-09-21 03:44:07 --> pg_query(): Query failed: ERROR:  invalid input syntax for integer: &quot;8  order by 100&quot;
LINE 2: ..._prod_produk_var_id where seller_prod_seller_id = '8  order ...
                                                             ^
#0 [internal function]: CodeIgniter\Debug\Exceptions->errorHandler(2, 'pg_query(): Que...', 'C:\\xampp7\\htdoc...', 196, Array)
#1 C:\xampp7\htdocs\apps\surveypasar\vendor\codeigniter4\framework\system\Database\Postgre\Connection.php(196): pg_query(Resource id #121, 'select seller_p...')
#2 C:\xampp7\htdocs\apps\surveypasar\vendor\codeigniter4\framework\system\Database\BaseConnection.php(741): CodeIgniter\Database\Postgre\Connection->execute('select seller_p...')
#3 C:\xampp7\htdocs\apps\surveypasar\vendor\codeigniter4\framework\system\Database\BaseConnection.php(669): CodeIgniter\Database\BaseConnection->simpleQuery('select seller_p...')
#4 C:\xampp7\htdocs\apps\surveypasar\app\Libraries\SmartComponent\Datasource.php(74): CodeIgniter\Database\BaseConnection->query('select seller_p...')
#5 C:\xampp7\htdocs\apps\surveypasar\app\Libraries\SmartComponent\Grid.php(129): App\Libraries\SmartComponent\Datasource->run()
#6 C:\xampp7\htdocs\apps\surveypasar\app\Libraries\SmartComponent\Grid.php(94): App\Libraries\SmartComponent\Grid->get_datasource()
#7 C:\xampp7\htdocs\apps\surveypasar\app\Controllers\Admin\RefSeller.php(101): App\Libraries\SmartComponent\Grid->output()
#8 C:\xampp7\htdocs\apps\surveypasar\vendor\codeigniter4\framework\system\CodeIgniter.php(918): App\Controllers\Admin\RefSeller->grid_detail('8  order by 100')
#9 C:\xampp7\htdocs\apps\surveypasar\vendor\codeigniter4\framework\system\CodeIgniter.php(404): CodeIgniter\CodeIgniter->runController(Object(App\Controllers\Admin\RefSeller))
#10 C:\xampp7\htdocs\apps\surveypasar\vendor\codeigniter4\framework\system\CodeIgniter.php(312): CodeIgniter\CodeIgniter->handleRequest(NULL, Object(Config\Cache), false)
#11 C:\xampp7\htdocs\apps\surveypasar\public\index.php(45): CodeIgniter\CodeIgniter->run()
#12 {main}
CRITICAL - 2020-09-21 03:44:07 --> Uncaught CodeIgniter\Format\Exceptions\FormatException: Failed to parse json string, error: "Type is not supported". in C:\xampp7\htdocs\apps\surveypasar\vendor\codeigniter4\framework\system\Format\Exceptions\FormatException.php:9
Stack trace:
#0 C:\xampp7\htdocs\apps\surveypasar\vendor\codeigniter4\framework\system\Format\JSONFormatter.php(71): CodeIgniter\Format\Exceptions\FormatException::forInvalidJSON('Type is not sup...')
#1 C:\xampp7\htdocs\apps\surveypasar\vendor\codeigniter4\framework\system\API\ResponseTrait.php(414): CodeIgniter\Format\JSONFormatter->format(Array)
#2 C:\xampp7\htdocs\apps\surveypasar\vendor\codeigniter4\framework\system\API\ResponseTrait.php(134): CodeIgniter\Debug\Exceptions->format(Array)
#3 C:\xampp7\htdocs\apps\surveypasar\vendor\codeigniter4\framework\system\Debug\Exceptions.php(168): CodeIgniter\Debug\Exceptions->respond(Array, 500)
#4 [internal function]: CodeIgniter\Debug\Exceptions->exceptionHandler(Object(ErrorException))
#5 {main}
  thrown
#0 [internal function]: CodeIgniter\Debug\Exceptions->shutdownHandler()
#1 {main}
CRITICAL - 2020-09-21 03:44:08 --> pg_query(): Query failed: ERROR:  invalid input syntax for integer: &quot;8  order by 1&quot;
LINE 2: ..._prod_produk_var_id where seller_prod_seller_id = '8  order ...
                                                             ^
#0 [internal function]: CodeIgniter\Debug\Exceptions->errorHandler(2, 'pg_query(): Que...', 'C:\\xampp7\\htdoc...', 196, Array)
#1 C:\xampp7\htdocs\apps\surveypasar\vendor\codeigniter4\framework\system\Database\Postgre\Connection.php(196): pg_query(Resource id #121, 'select seller_p...')
#2 C:\xampp7\htdocs\apps\surveypasar\vendor\codeigniter4\framework\system\Database\BaseConnection.php(741): CodeIgniter\Database\Postgre\Connection->execute('select seller_p...')
#3 C:\xampp7\htdocs\apps\surveypasar\vendor\codeigniter4\framework\system\Database\BaseConnection.php(669): CodeIgniter\Database\BaseConnection->simpleQuery('select seller_p...')
#4 C:\xampp7\htdocs\apps\surveypasar\app\Libraries\SmartComponent\Datasource.php(74): CodeIgniter\Database\BaseConnection->query('select seller_p...')
#5 C:\xampp7\htdocs\apps\surveypasar\app\Libraries\SmartComponent\Grid.php(129): App\Libraries\SmartComponent\Datasource->run()
#6 C:\xampp7\htdocs\apps\surveypasar\app\Libraries\SmartComponent\Grid.php(94): App\Libraries\SmartComponent\Grid->get_datasource()
#7 C:\xampp7\htdocs\apps\surveypasar\app\Controllers\Admin\RefSeller.php(101): App\Libraries\SmartComponent\Grid->output()
#8 C:\xampp7\htdocs\apps\surveypasar\vendor\codeigniter4\framework\system\CodeIgniter.php(918): App\Controllers\Admin\RefSeller->grid_detail('8  order by 1')
#9 C:\xampp7\htdocs\apps\surveypasar\vendor\codeigniter4\framework\system\CodeIgniter.php(404): CodeIgniter\CodeIgniter->runController(Object(App\Controllers\Admin\RefSeller))
#10 C:\xampp7\htdocs\apps\surveypasar\vendor\codeigniter4\framework\system\CodeIgniter.php(312): CodeIgniter\CodeIgniter->handleRequest(NULL, Object(Config\Cache), false)
#11 C:\xampp7\htdocs\apps\surveypasar\public\index.php(45): CodeIgniter\CodeIgniter->run()
#12 {main}
CRITICAL - 2020-09-21 03:44:08 --> Uncaught CodeIgniter\Format\Exceptions\FormatException: Failed to parse json string, error: "Type is not supported". in C:\xampp7\htdocs\apps\surveypasar\vendor\codeigniter4\framework\system\Format\Exceptions\FormatException.php:9
Stack trace:
#0 C:\xampp7\htdocs\apps\surveypasar\vendor\codeigniter4\framework\system\Format\JSONFormatter.php(71): CodeIgniter\Format\Exceptions\FormatException::forInvalidJSON('Type is not sup...')
#1 C:\xampp7\htdocs\apps\surveypasar\vendor\codeigniter4\framework\system\API\ResponseTrait.php(414): CodeIgniter\Format\JSONFormatter->format(Array)
#2 C:\xampp7\htdocs\apps\surveypasar\vendor\codeigniter4\framework\system\API\ResponseTrait.php(134): CodeIgniter\Debug\Exceptions->format(Array)
#3 C:\xampp7\htdocs\apps\surveypasar\vendor\codeigniter4\framework\system\Debug\Exceptions.php(168): CodeIgniter\Debug\Exceptions->respond(Array, 500)
#4 [internal function]: CodeIgniter\Debug\Exceptions->exceptionHandler(Object(ErrorException))
#5 {main}
  thrown
#0 [internal function]: CodeIgniter\Debug\Exceptions->shutdownHandler()
#1 {main}
CRITICAL - 2020-09-21 03:44:08 --> pg_query(): Query failed: ERROR:  invalid input syntax for integer: &quot;8 -- &quot;
LINE 2: ..._prod_produk_var_id where seller_prod_seller_id = '8 -- ' or...
                                                             ^
#0 [internal function]: CodeIgniter\Debug\Exceptions->errorHandler(2, 'pg_query(): Que...', 'C:\\xampp7\\htdoc...', 196, Array)
#1 C:\xampp7\htdocs\apps\surveypasar\vendor\codeigniter4\framework\system\Database\Postgre\Connection.php(196): pg_query(Resource id #121, 'select seller_p...')
#2 C:\xampp7\htdocs\apps\surveypasar\vendor\codeigniter4\framework\system\Database\BaseConnection.php(741): CodeIgniter\Database\Postgre\Connection->execute('select seller_p...')
#3 C:\xampp7\htdocs\apps\surveypasar\vendor\codeigniter4\framework\system\Database\BaseConnection.php(669): CodeIgniter\Database\BaseConnection->simpleQuery('select seller_p...')
#4 C:\xampp7\htdocs\apps\surveypasar\app\Libraries\SmartComponent\Datasource.php(74): CodeIgniter\Database\BaseConnection->query('select seller_p...')
#5 C:\xampp7\htdocs\apps\surveypasar\app\Libraries\SmartComponent\Grid.php(129): App\Libraries\SmartComponent\Datasource->run()
#6 C:\xampp7\htdocs\apps\surveypasar\app\Libraries\SmartComponent\Grid.php(94): App\Libraries\SmartComponent\Grid->get_datasource()
#7 C:\xampp7\htdocs\apps\surveypasar\app\Controllers\Admin\RefSeller.php(101): App\Libraries\SmartComponent\Grid->output()
#8 C:\xampp7\htdocs\apps\surveypasar\vendor\codeigniter4\framework\system\CodeIgniter.php(918): App\Controllers\Admin\RefSeller->grid_detail('8 -- ')
#9 C:\xampp7\htdocs\apps\surveypasar\vendor\codeigniter4\framework\system\CodeIgniter.php(404): CodeIgniter\CodeIgniter->runController(Object(App\Controllers\Admin\RefSeller))
#10 C:\xampp7\htdocs\apps\surveypasar\vendor\codeigniter4\framework\system\CodeIgniter.php(312): CodeIgniter\CodeIgniter->handleRequest(NULL, Object(Config\Cache), false)
#11 C:\xampp7\htdocs\apps\surveypasar\public\index.php(45): CodeIgniter\CodeIgniter->run()
#12 {main}
CRITICAL - 2020-09-21 03:44:08 --> Uncaught CodeIgniter\Format\Exceptions\FormatException: Failed to parse json string, error: "Type is not supported". in C:\xampp7\htdocs\apps\surveypasar\vendor\codeigniter4\framework\system\Format\Exceptions\FormatException.php:9
Stack trace:
#0 C:\xampp7\htdocs\apps\surveypasar\vendor\codeigniter4\framework\system\Format\JSONFormatter.php(71): CodeIgniter\Format\Exceptions\FormatException::forInvalidJSON('Type is not sup...')
#1 C:\xampp7\htdocs\apps\surveypasar\vendor\codeigniter4\framework\system\API\ResponseTrait.php(414): CodeIgniter\Format\JSONFormatter->format(Array)
#2 C:\xampp7\htdocs\apps\surveypasar\vendor\codeigniter4\framework\system\API\ResponseTrait.php(134): CodeIgniter\Debug\Exceptions->format(Array)
#3 C:\xampp7\htdocs\apps\surveypasar\vendor\codeigniter4\framework\system\Debug\Exceptions.php(168): CodeIgniter\Debug\Exceptions->respond(Array, 500)
#4 [internal function]: CodeIgniter\Debug\Exceptions->exceptionHandler(Object(ErrorException))
#5 {main}
  thrown
#0 [internal function]: CodeIgniter\Debug\Exceptions->shutdownHandler()
#1 {main}
CRITICAL - 2020-09-21 03:44:08 --> pg_query(): Query failed: ERROR:  unterminated quoted string at or near &quot;'8'' order by id desc limit 25 offset 0&quot;
LINE 2: ..._prod_produk_var_id where seller_prod_seller_id = '8'' order...
                                                             ^
#0 [internal function]: CodeIgniter\Debug\Exceptions->errorHandler(2, 'pg_query(): Que...', 'C:\\xampp7\\htdoc...', 196, Array)
#1 C:\xampp7\htdocs\apps\surveypasar\vendor\codeigniter4\framework\system\Database\Postgre\Connection.php(196): pg_query(Resource id #121, 'select seller_p...')
#2 C:\xampp7\htdocs\apps\surveypasar\vendor\codeigniter4\framework\system\Database\BaseConnection.php(741): CodeIgniter\Database\Postgre\Connection->execute('select seller_p...')
#3 C:\xampp7\htdocs\apps\surveypasar\vendor\codeigniter4\framework\system\Database\BaseConnection.php(669): CodeIgniter\Database\BaseConnection->simpleQuery('select seller_p...')
#4 C:\xampp7\htdocs\apps\surveypasar\app\Libraries\SmartComponent\Datasource.php(74): CodeIgniter\Database\BaseConnection->query('select seller_p...')
#5 C:\xampp7\htdocs\apps\surveypasar\app\Libraries\SmartComponent\Grid.php(129): App\Libraries\SmartComponent\Datasource->run()
#6 C:\xampp7\htdocs\apps\surveypasar\app\Libraries\SmartComponent\Grid.php(94): App\Libraries\SmartComponent\Grid->get_datasource()
#7 C:\xampp7\htdocs\apps\surveypasar\app\Controllers\Admin\RefSeller.php(101): App\Libraries\SmartComponent\Grid->output()
#8 C:\xampp7\htdocs\apps\surveypasar\vendor\codeigniter4\framework\system\CodeIgniter.php(918): App\Controllers\Admin\RefSeller->grid_detail('8'')
#9 C:\xampp7\htdocs\apps\surveypasar\vendor\codeigniter4\framework\system\CodeIgniter.php(404): CodeIgniter\CodeIgniter->runController(Object(App\Controllers\Admin\RefSeller))
#10 C:\xampp7\htdocs\apps\surveypasar\vendor\codeigniter4\framework\system\CodeIgniter.php(312): CodeIgniter\CodeIgniter->handleRequest(NULL, Object(Config\Cache), false)
#11 C:\xampp7\htdocs\apps\surveypasar\public\index.php(45): CodeIgniter\CodeIgniter->run()
#12 {main}
CRITICAL - 2020-09-21 03:44:08 --> Uncaught CodeIgniter\Format\Exceptions\FormatException: Failed to parse json string, error: "Type is not supported". in C:\xampp7\htdocs\apps\surveypasar\vendor\codeigniter4\framework\system\Format\Exceptions\FormatException.php:9
Stack trace:
#0 C:\xampp7\htdocs\apps\surveypasar\vendor\codeigniter4\framework\system\Format\JSONFormatter.php(71): CodeIgniter\Format\Exceptions\FormatException::forInvalidJSON('Type is not sup...')
#1 C:\xampp7\htdocs\apps\surveypasar\vendor\codeigniter4\framework\system\API\ResponseTrait.php(414): CodeIgniter\Format\JSONFormatter->format(Array)
#2 C:\xampp7\htdocs\apps\surveypasar\vendor\codeigniter4\framework\system\API\ResponseTrait.php(134): CodeIgniter\Debug\Exceptions->format(Array)
#3 C:\xampp7\htdocs\apps\surveypasar\vendor\codeigniter4\framework\system\Debug\Exceptions.php(168): CodeIgniter\Debug\Exceptions->respond(Array, 500)
#4 [internal function]: CodeIgniter\Debug\Exceptions->exceptionHandler(Object(ErrorException))
#5 {main}
  thrown
#0 [internal function]: CodeIgniter\Debug\Exceptions->shutdownHandler()
#1 {main}
