CRITICAL - 2020-11-27 02:02:49 --> pg_query(): Query failed: ERROR:  column &quot;peng_verif_reject_is&quot; does not exist
LINE 7:                     case when peng_verif_reject_is is true t...
                                      ^
#0 [internal function]: CodeIgniter\Debug\Exceptions->errorHandler(2, 'pg_query(): Que...', 'C:\\xampp7\\htdoc...', 196, Array)
#1 C:\xampp7\htdocs\apps\dinkop\vendor\codeigniter4\framework\system\Database\Postgre\Connection.php(196): pg_query(Resource id #181, 'SELECT\r\n       ...')
#2 C:\xampp7\htdocs\apps\dinkop\vendor\codeigniter4\framework\system\Database\BaseConnection.php(741): CodeIgniter\Database\Postgre\Connection->execute('SELECT\r\n       ...')
#3 C:\xampp7\htdocs\apps\dinkop\vendor\codeigniter4\framework\system\Database\BaseConnection.php(669): CodeIgniter\Database\BaseConnection->simpleQuery('SELECT\r\n       ...')
#4 C:\xampp7\htdocs\apps\dinkop\app\Libraries\SmartComponent\Datasource.php(73): CodeIgniter\Database\BaseConnection->query('SELECT\r\n       ...')
#5 C:\xampp7\htdocs\apps\dinkop\app\Libraries\SmartComponent\Grid.php(155): App\Libraries\SmartComponent\Datasource->run()
#6 C:\xampp7\htdocs\apps\dinkop\app\Libraries\SmartComponent\Grid.php(119): App\Libraries\SmartComponent\Grid->get_datasource()
#7 C:\xampp7\htdocs\apps\dinkop\app\Controllers\Admin\Survey.php(70): App\Libraries\SmartComponent\Grid->output()
#8 C:\xampp7\htdocs\apps\dinkop\vendor\codeigniter4\framework\system\CodeIgniter.php(918): App\Controllers\Admin\Survey->grid_survey()
#9 C:\xampp7\htdocs\apps\dinkop\vendor\codeigniter4\framework\system\CodeIgniter.php(404): CodeIgniter\CodeIgniter->runController(Object(App\Controllers\Admin\Survey))
#10 C:\xampp7\htdocs\apps\dinkop\vendor\codeigniter4\framework\system\CodeIgniter.php(312): CodeIgniter\CodeIgniter->handleRequest(NULL, Object(Config\Cache), false)
#11 C:\xampp7\htdocs\apps\dinkop\public\index.php(45): CodeIgniter\CodeIgniter->run()
#12 {main}
CRITICAL - 2020-11-27 02:02:49 --> Uncaught CodeIgniter\Format\Exceptions\FormatException: Failed to parse json string, error: "Type is not supported". in C:\xampp7\htdocs\apps\dinkop\vendor\codeigniter4\framework\system\Format\Exceptions\FormatException.php:9
Stack trace:
#0 C:\xampp7\htdocs\apps\dinkop\vendor\codeigniter4\framework\system\Format\JSONFormatter.php(71): CodeIgniter\Format\Exceptions\FormatException::forInvalidJSON('Type is not sup...')
#1 C:\xampp7\htdocs\apps\dinkop\vendor\codeigniter4\framework\system\API\ResponseTrait.php(414): CodeIgniter\Format\JSONFormatter->format(Array)
#2 C:\xampp7\htdocs\apps\dinkop\vendor\codeigniter4\framework\system\API\ResponseTrait.php(134): CodeIgniter\Debug\Exceptions->format(Array)
#3 C:\xampp7\htdocs\apps\dinkop\vendor\codeigniter4\framework\system\Debug\Exceptions.php(168): CodeIgniter\Debug\Exceptions->respond(Array, 500)
#4 [internal function]: CodeIgniter\Debug\Exceptions->exceptionHandler(Object(ErrorException))
#5 {main}
  thrown
#0 [internal function]: CodeIgniter\Debug\Exceptions->shutdownHandler()
#1 {main}
CRITICAL - 2020-11-27 02:03:00 --> pg_query(): Query failed: ERROR:  column &quot;peng_verif_reject_is&quot; does not exist
LINE 7:                     case when peng_verif_reject_is is true t...
                                      ^
#0 [internal function]: CodeIgniter\Debug\Exceptions->errorHandler(2, 'pg_query(): Que...', 'C:\\xampp7\\htdoc...', 196, Array)
#1 C:\xampp7\htdocs\apps\dinkop\vendor\codeigniter4\framework\system\Database\Postgre\Connection.php(196): pg_query(Resource id #181, 'SELECT\r\n       ...')
#2 C:\xampp7\htdocs\apps\dinkop\vendor\codeigniter4\framework\system\Database\BaseConnection.php(741): CodeIgniter\Database\Postgre\Connection->execute('SELECT\r\n       ...')
#3 C:\xampp7\htdocs\apps\dinkop\vendor\codeigniter4\framework\system\Database\BaseConnection.php(669): CodeIgniter\Database\BaseConnection->simpleQuery('SELECT\r\n       ...')
#4 C:\xampp7\htdocs\apps\dinkop\app\Libraries\SmartComponent\Datasource.php(73): CodeIgniter\Database\BaseConnection->query('SELECT\r\n       ...')
#5 C:\xampp7\htdocs\apps\dinkop\app\Libraries\SmartComponent\Grid.php(155): App\Libraries\SmartComponent\Datasource->run()
#6 C:\xampp7\htdocs\apps\dinkop\app\Libraries\SmartComponent\Grid.php(119): App\Libraries\SmartComponent\Grid->get_datasource()
#7 C:\xampp7\htdocs\apps\dinkop\app\Controllers\Admin\Survey.php(70): App\Libraries\SmartComponent\Grid->output()
#8 C:\xampp7\htdocs\apps\dinkop\vendor\codeigniter4\framework\system\CodeIgniter.php(918): App\Controllers\Admin\Survey->grid_survey()
#9 C:\xampp7\htdocs\apps\dinkop\vendor\codeigniter4\framework\system\CodeIgniter.php(404): CodeIgniter\CodeIgniter->runController(Object(App\Controllers\Admin\Survey))
#10 C:\xampp7\htdocs\apps\dinkop\vendor\codeigniter4\framework\system\CodeIgniter.php(312): CodeIgniter\CodeIgniter->handleRequest(NULL, Object(Config\Cache), false)
#11 C:\xampp7\htdocs\apps\dinkop\public\index.php(45): CodeIgniter\CodeIgniter->run()
#12 {main}
CRITICAL - 2020-11-27 02:03:00 --> Uncaught CodeIgniter\Format\Exceptions\FormatException: Failed to parse json string, error: "Type is not supported". in C:\xampp7\htdocs\apps\dinkop\vendor\codeigniter4\framework\system\Format\Exceptions\FormatException.php:9
Stack trace:
#0 C:\xampp7\htdocs\apps\dinkop\vendor\codeigniter4\framework\system\Format\JSONFormatter.php(71): CodeIgniter\Format\Exceptions\FormatException::forInvalidJSON('Type is not sup...')
#1 C:\xampp7\htdocs\apps\dinkop\vendor\codeigniter4\framework\system\API\ResponseTrait.php(414): CodeIgniter\Format\JSONFormatter->format(Array)
#2 C:\xampp7\htdocs\apps\dinkop\vendor\codeigniter4\framework\system\API\ResponseTrait.php(134): CodeIgniter\Debug\Exceptions->format(Array)
#3 C:\xampp7\htdocs\apps\dinkop\vendor\codeigniter4\framework\system\Debug\Exceptions.php(168): CodeIgniter\Debug\Exceptions->respond(Array, 500)
#4 [internal function]: CodeIgniter\Debug\Exceptions->exceptionHandler(Object(ErrorException))
#5 {main}
  thrown
#0 [internal function]: CodeIgniter\Debug\Exceptions->shutdownHandler()
#1 {main}
CRITICAL - 2020-11-27 02:03:12 --> pg_query(): Query failed: ERROR:  column &quot;peng_verif_reject_is&quot; does not exist
LINE 7:                     case when peng_verif_reject_is is true t...
                                      ^
#0 [internal function]: CodeIgniter\Debug\Exceptions->errorHandler(2, 'pg_query(): Que...', 'C:\\xampp7\\htdoc...', 196, Array)
#1 C:\xampp7\htdocs\apps\dinkop\vendor\codeigniter4\framework\system\Database\Postgre\Connection.php(196): pg_query(Resource id #181, 'SELECT\r\n       ...')
#2 C:\xampp7\htdocs\apps\dinkop\vendor\codeigniter4\framework\system\Database\BaseConnection.php(741): CodeIgniter\Database\Postgre\Connection->execute('SELECT\r\n       ...')
#3 C:\xampp7\htdocs\apps\dinkop\vendor\codeigniter4\framework\system\Database\BaseConnection.php(669): CodeIgniter\Database\BaseConnection->simpleQuery('SELECT\r\n       ...')
#4 C:\xampp7\htdocs\apps\dinkop\app\Libraries\SmartComponent\Datasource.php(73): CodeIgniter\Database\BaseConnection->query('SELECT\r\n       ...')
#5 C:\xampp7\htdocs\apps\dinkop\app\Libraries\SmartComponent\Grid.php(155): App\Libraries\SmartComponent\Datasource->run()
#6 C:\xampp7\htdocs\apps\dinkop\app\Libraries\SmartComponent\Grid.php(119): App\Libraries\SmartComponent\Grid->get_datasource()
#7 C:\xampp7\htdocs\apps\dinkop\app\Controllers\Admin\Survey.php(70): App\Libraries\SmartComponent\Grid->output()
#8 C:\xampp7\htdocs\apps\dinkop\vendor\codeigniter4\framework\system\CodeIgniter.php(918): App\Controllers\Admin\Survey->grid_survey()
#9 C:\xampp7\htdocs\apps\dinkop\vendor\codeigniter4\framework\system\CodeIgniter.php(404): CodeIgniter\CodeIgniter->runController(Object(App\Controllers\Admin\Survey))
#10 C:\xampp7\htdocs\apps\dinkop\vendor\codeigniter4\framework\system\CodeIgniter.php(312): CodeIgniter\CodeIgniter->handleRequest(NULL, Object(Config\Cache), false)
#11 C:\xampp7\htdocs\apps\dinkop\public\index.php(45): CodeIgniter\CodeIgniter->run()
#12 {main}
CRITICAL - 2020-11-27 02:03:12 --> Uncaught CodeIgniter\Format\Exceptions\FormatException: Failed to parse json string, error: "Type is not supported". in C:\xampp7\htdocs\apps\dinkop\vendor\codeigniter4\framework\system\Format\Exceptions\FormatException.php:9
Stack trace:
#0 C:\xampp7\htdocs\apps\dinkop\vendor\codeigniter4\framework\system\Format\JSONFormatter.php(71): CodeIgniter\Format\Exceptions\FormatException::forInvalidJSON('Type is not sup...')
#1 C:\xampp7\htdocs\apps\dinkop\vendor\codeigniter4\framework\system\API\ResponseTrait.php(414): CodeIgniter\Format\JSONFormatter->format(Array)
#2 C:\xampp7\htdocs\apps\dinkop\vendor\codeigniter4\framework\system\API\ResponseTrait.php(134): CodeIgniter\Debug\Exceptions->format(Array)
#3 C:\xampp7\htdocs\apps\dinkop\vendor\codeigniter4\framework\system\Debug\Exceptions.php(168): CodeIgniter\Debug\Exceptions->respond(Array, 500)
#4 [internal function]: CodeIgniter\Debug\Exceptions->exceptionHandler(Object(ErrorException))
#5 {main}
  thrown
#0 [internal function]: CodeIgniter\Debug\Exceptions->shutdownHandler()
#1 {main}
CRITICAL - 2020-11-27 02:03:27 --> pg_query(): Query failed: ERROR:  column &quot;peng_verif_reject_is&quot; does not exist
LINE 7:                     case when peng_verif_reject_is is true t...
                                      ^
#0 [internal function]: CodeIgniter\Debug\Exceptions->errorHandler(2, 'pg_query(): Que...', 'C:\\xampp7\\htdoc...', 196, Array)
#1 C:\xampp7\htdocs\apps\dinkop\vendor\codeigniter4\framework\system\Database\Postgre\Connection.php(196): pg_query(Resource id #181, 'SELECT\r\n       ...')
#2 C:\xampp7\htdocs\apps\dinkop\vendor\codeigniter4\framework\system\Database\BaseConnection.php(741): CodeIgniter\Database\Postgre\Connection->execute('SELECT\r\n       ...')
#3 C:\xampp7\htdocs\apps\dinkop\vendor\codeigniter4\framework\system\Database\BaseConnection.php(669): CodeIgniter\Database\BaseConnection->simpleQuery('SELECT\r\n       ...')
#4 C:\xampp7\htdocs\apps\dinkop\app\Libraries\SmartComponent\Datasource.php(73): CodeIgniter\Database\BaseConnection->query('SELECT\r\n       ...')
#5 C:\xampp7\htdocs\apps\dinkop\app\Libraries\SmartComponent\Grid.php(155): App\Libraries\SmartComponent\Datasource->run()
#6 C:\xampp7\htdocs\apps\dinkop\app\Libraries\SmartComponent\Grid.php(119): App\Libraries\SmartComponent\Grid->get_datasource()
#7 C:\xampp7\htdocs\apps\dinkop\app\Controllers\Admin\Survey.php(70): App\Libraries\SmartComponent\Grid->output()
#8 C:\xampp7\htdocs\apps\dinkop\vendor\codeigniter4\framework\system\CodeIgniter.php(918): App\Controllers\Admin\Survey->grid_survey()
#9 C:\xampp7\htdocs\apps\dinkop\vendor\codeigniter4\framework\system\CodeIgniter.php(404): CodeIgniter\CodeIgniter->runController(Object(App\Controllers\Admin\Survey))
#10 C:\xampp7\htdocs\apps\dinkop\vendor\codeigniter4\framework\system\CodeIgniter.php(312): CodeIgniter\CodeIgniter->handleRequest(NULL, Object(Config\Cache), false)
#11 C:\xampp7\htdocs\apps\dinkop\public\index.php(45): CodeIgniter\CodeIgniter->run()
#12 {main}
CRITICAL - 2020-11-27 02:03:27 --> Uncaught CodeIgniter\Format\Exceptions\FormatException: Failed to parse json string, error: "Type is not supported". in C:\xampp7\htdocs\apps\dinkop\vendor\codeigniter4\framework\system\Format\Exceptions\FormatException.php:9
Stack trace:
#0 C:\xampp7\htdocs\apps\dinkop\vendor\codeigniter4\framework\system\Format\JSONFormatter.php(71): CodeIgniter\Format\Exceptions\FormatException::forInvalidJSON('Type is not sup...')
#1 C:\xampp7\htdocs\apps\dinkop\vendor\codeigniter4\framework\system\API\ResponseTrait.php(414): CodeIgniter\Format\JSONFormatter->format(Array)
#2 C:\xampp7\htdocs\apps\dinkop\vendor\codeigniter4\framework\system\API\ResponseTrait.php(134): CodeIgniter\Debug\Exceptions->format(Array)
#3 C:\xampp7\htdocs\apps\dinkop\vendor\codeigniter4\framework\system\Debug\Exceptions.php(168): CodeIgniter\Debug\Exceptions->respond(Array, 500)
#4 [internal function]: CodeIgniter\Debug\Exceptions->exceptionHandler(Object(ErrorException))
#5 {main}
  thrown
#0 [internal function]: CodeIgniter\Debug\Exceptions->shutdownHandler()
#1 {main}
CRITICAL - 2020-11-27 02:08:10 --> Call to undefined method App\Controllers\Admin\CetakSurvey::profil1()
#0 C:\xampp7\htdocs\apps\dinkop\vendor\codeigniter4\framework\system\CodeIgniter.php(918): App\Controllers\Admin\CetakSurvey->jadwal('2')
#1 C:\xampp7\htdocs\apps\dinkop\vendor\codeigniter4\framework\system\CodeIgniter.php(404): CodeIgniter\CodeIgniter->runController(Object(App\Controllers\Admin\CetakSurvey))
#2 C:\xampp7\htdocs\apps\dinkop\vendor\codeigniter4\framework\system\CodeIgniter.php(312): CodeIgniter\CodeIgniter->handleRequest(NULL, Object(Config\Cache), false)
#3 C:\xampp7\htdocs\apps\dinkop\public\index.php(45): CodeIgniter\CodeIgniter->run()
#4 {main}
CRITICAL - 2020-11-27 02:09:24 --> Illegal string offset 'jml'
#0 C:\xampp7\htdocs\apps\dinkop\app\Views\admin\home.php(103): CodeIgniter\Debug\Exceptions->errorHandler(2, 'Illegal string ...', 'C:\\xampp7\\htdoc...', 103, Array)
#1 C:\xampp7\htdocs\apps\dinkop\vendor\codeigniter4\framework\system\View\View.php(246): include('C:\\xampp7\\htdoc...')
#2 C:\xampp7\htdocs\apps\dinkop\vendor\codeigniter4\framework\system\Common.php(1119): CodeIgniter\View\View->render('admin/home', Array, true)
#3 C:\xampp7\htdocs\apps\dinkop\app\Controllers\Admin\Home.php(28): view('admin/home', Array)
#4 C:\xampp7\htdocs\apps\dinkop\vendor\codeigniter4\framework\system\CodeIgniter.php(918): App\Controllers\Admin\Home->index()
#5 C:\xampp7\htdocs\apps\dinkop\vendor\codeigniter4\framework\system\CodeIgniter.php(404): CodeIgniter\CodeIgniter->runController(Object(App\Controllers\Admin\Home))
#6 C:\xampp7\htdocs\apps\dinkop\vendor\codeigniter4\framework\system\CodeIgniter.php(312): CodeIgniter\CodeIgniter->handleRequest(NULL, Object(Config\Cache), false)
#7 C:\xampp7\htdocs\apps\dinkop\public\index.php(45): CodeIgniter\CodeIgniter->run()
#8 {main}
CRITICAL - 2020-11-27 02:13:54 --> pg_query(): Query failed: ERROR:  column &quot;peng_id&quot; does not exist
LINE 4:                     '&lt;button onclick=&quot;view('||peng_id||')&quot; c...
                                                      ^
#0 [internal function]: CodeIgniter\Debug\Exceptions->errorHandler(2, 'pg_query(): Que...', 'C:\\xampp7\\htdoc...', 196, Array)
#1 C:\xampp7\htdocs\apps\dinkop\vendor\codeigniter4\framework\system\Database\Postgre\Connection.php(196): pg_query(Resource id #181, 'SELECT\r\n       ...')
#2 C:\xampp7\htdocs\apps\dinkop\vendor\codeigniter4\framework\system\Database\BaseConnection.php(741): CodeIgniter\Database\Postgre\Connection->execute('SELECT\r\n       ...')
#3 C:\xampp7\htdocs\apps\dinkop\vendor\codeigniter4\framework\system\Database\BaseConnection.php(669): CodeIgniter\Database\BaseConnection->simpleQuery('SELECT\r\n       ...')
#4 C:\xampp7\htdocs\apps\dinkop\app\Libraries\SmartComponent\Datasource.php(73): CodeIgniter\Database\BaseConnection->query('SELECT\r\n       ...')
#5 C:\xampp7\htdocs\apps\dinkop\app\Libraries\SmartComponent\Grid.php(155): App\Libraries\SmartComponent\Datasource->run()
#6 C:\xampp7\htdocs\apps\dinkop\app\Libraries\SmartComponent\Grid.php(119): App\Libraries\SmartComponent\Grid->get_datasource()
#7 C:\xampp7\htdocs\apps\dinkop\app\Controllers\Admin\Survey.php(67): App\Libraries\SmartComponent\Grid->output()
#8 C:\xampp7\htdocs\apps\dinkop\vendor\codeigniter4\framework\system\CodeIgniter.php(918): App\Controllers\Admin\Survey->grid_survey()
#9 C:\xampp7\htdocs\apps\dinkop\vendor\codeigniter4\framework\system\CodeIgniter.php(404): CodeIgniter\CodeIgniter->runController(Object(App\Controllers\Admin\Survey))
#10 C:\xampp7\htdocs\apps\dinkop\vendor\codeigniter4\framework\system\CodeIgniter.php(312): CodeIgniter\CodeIgniter->handleRequest(NULL, Object(Config\Cache), false)
#11 C:\xampp7\htdocs\apps\dinkop\public\index.php(45): CodeIgniter\CodeIgniter->run()
#12 {main}
CRITICAL - 2020-11-27 02:13:54 --> Uncaught CodeIgniter\Format\Exceptions\FormatException: Failed to parse json string, error: "Type is not supported". in C:\xampp7\htdocs\apps\dinkop\vendor\codeigniter4\framework\system\Format\Exceptions\FormatException.php:9
Stack trace:
#0 C:\xampp7\htdocs\apps\dinkop\vendor\codeigniter4\framework\system\Format\JSONFormatter.php(71): CodeIgniter\Format\Exceptions\FormatException::forInvalidJSON('Type is not sup...')
#1 C:\xampp7\htdocs\apps\dinkop\vendor\codeigniter4\framework\system\API\ResponseTrait.php(414): CodeIgniter\Format\JSONFormatter->format(Array)
#2 C:\xampp7\htdocs\apps\dinkop\vendor\codeigniter4\framework\system\API\ResponseTrait.php(134): CodeIgniter\Debug\Exceptions->format(Array)
#3 C:\xampp7\htdocs\apps\dinkop\vendor\codeigniter4\framework\system\Debug\Exceptions.php(168): CodeIgniter\Debug\Exceptions->respond(Array, 500)
#4 [internal function]: CodeIgniter\Debug\Exceptions->exceptionHandler(Object(ErrorException))
#5 {main}
  thrown
#0 [internal function]: CodeIgniter\Debug\Exceptions->shutdownHandler()
#1 {main}
CRITICAL - 2020-11-27 02:21:11 --> pg_query(): Query failed: ERROR:  operator does not exist: unknown /|| integer
LINE 4: ...2.168.15.178/apps/dinkop/public/admin/surveyHasil'/||survey_...
                                                             ^
HINT:  No operator matches the given name and argument type(s). You might need to add explicit type casts.
#0 [internal function]: CodeIgniter\Debug\Exceptions->errorHandler(2, 'pg_query(): Que...', 'C:\\xampp7\\htdoc...', 196, Array)
#1 C:\xampp7\htdocs\apps\dinkop\vendor\codeigniter4\framework\system\Database\Postgre\Connection.php(196): pg_query(Resource id #181, 'SELECT\r\n       ...')
#2 C:\xampp7\htdocs\apps\dinkop\vendor\codeigniter4\framework\system\Database\BaseConnection.php(741): CodeIgniter\Database\Postgre\Connection->execute('SELECT\r\n       ...')
#3 C:\xampp7\htdocs\apps\dinkop\vendor\codeigniter4\framework\system\Database\BaseConnection.php(669): CodeIgniter\Database\BaseConnection->simpleQuery('SELECT\r\n       ...')
#4 C:\xampp7\htdocs\apps\dinkop\app\Libraries\SmartComponent\Datasource.php(73): CodeIgniter\Database\BaseConnection->query('SELECT\r\n       ...')
#5 C:\xampp7\htdocs\apps\dinkop\app\Libraries\SmartComponent\Grid.php(155): App\Libraries\SmartComponent\Datasource->run()
#6 C:\xampp7\htdocs\apps\dinkop\app\Libraries\SmartComponent\Grid.php(119): App\Libraries\SmartComponent\Grid->get_datasource()
#7 C:\xampp7\htdocs\apps\dinkop\app\Controllers\Admin\Survey.php(67): App\Libraries\SmartComponent\Grid->output()
#8 C:\xampp7\htdocs\apps\dinkop\vendor\codeigniter4\framework\system\CodeIgniter.php(918): App\Controllers\Admin\Survey->grid_survey()
#9 C:\xampp7\htdocs\apps\dinkop\vendor\codeigniter4\framework\system\CodeIgniter.php(404): CodeIgniter\CodeIgniter->runController(Object(App\Controllers\Admin\Survey))
#10 C:\xampp7\htdocs\apps\dinkop\vendor\codeigniter4\framework\system\CodeIgniter.php(312): CodeIgniter\CodeIgniter->handleRequest(NULL, Object(Config\Cache), false)
#11 C:\xampp7\htdocs\apps\dinkop\public\index.php(45): CodeIgniter\CodeIgniter->run()
#12 {main}
CRITICAL - 2020-11-27 02:21:11 --> Uncaught CodeIgniter\Format\Exceptions\FormatException: Failed to parse json string, error: "Type is not supported". in C:\xampp7\htdocs\apps\dinkop\vendor\codeigniter4\framework\system\Format\Exceptions\FormatException.php:9
Stack trace:
#0 C:\xampp7\htdocs\apps\dinkop\vendor\codeigniter4\framework\system\Format\JSONFormatter.php(71): CodeIgniter\Format\Exceptions\FormatException::forInvalidJSON('Type is not sup...')
#1 C:\xampp7\htdocs\apps\dinkop\vendor\codeigniter4\framework\system\API\ResponseTrait.php(414): CodeIgniter\Format\JSONFormatter->format(Array)
#2 C:\xampp7\htdocs\apps\dinkop\vendor\codeigniter4\framework\system\API\ResponseTrait.php(134): CodeIgniter\Debug\Exceptions->format(Array)
#3 C:\xampp7\htdocs\apps\dinkop\vendor\codeigniter4\framework\system\Debug\Exceptions.php(168): CodeIgniter\Debug\Exceptions->respond(Array, 500)
#4 [internal function]: CodeIgniter\Debug\Exceptions->exceptionHandler(Object(ErrorException))
#5 {main}
  thrown
#0 [internal function]: CodeIgniter\Debug\Exceptions->shutdownHandler()
#1 {main}
CRITICAL - 2020-11-27 02:21:14 --> pg_query(): Query failed: ERROR:  operator does not exist: unknown /|| integer
LINE 4: ...2.168.15.178/apps/dinkop/public/admin/surveyHasil'/||survey_...
                                                             ^
HINT:  No operator matches the given name and argument type(s). You might need to add explicit type casts.
#0 [internal function]: CodeIgniter\Debug\Exceptions->errorHandler(2, 'pg_query(): Que...', 'C:\\xampp7\\htdoc...', 196, Array)
#1 C:\xampp7\htdocs\apps\dinkop\vendor\codeigniter4\framework\system\Database\Postgre\Connection.php(196): pg_query(Resource id #181, 'SELECT\r\n       ...')
#2 C:\xampp7\htdocs\apps\dinkop\vendor\codeigniter4\framework\system\Database\BaseConnection.php(741): CodeIgniter\Database\Postgre\Connection->execute('SELECT\r\n       ...')
#3 C:\xampp7\htdocs\apps\dinkop\vendor\codeigniter4\framework\system\Database\BaseConnection.php(669): CodeIgniter\Database\BaseConnection->simpleQuery('SELECT\r\n       ...')
#4 C:\xampp7\htdocs\apps\dinkop\app\Libraries\SmartComponent\Datasource.php(73): CodeIgniter\Database\BaseConnection->query('SELECT\r\n       ...')
#5 C:\xampp7\htdocs\apps\dinkop\app\Libraries\SmartComponent\Grid.php(155): App\Libraries\SmartComponent\Datasource->run()
#6 C:\xampp7\htdocs\apps\dinkop\app\Libraries\SmartComponent\Grid.php(119): App\Libraries\SmartComponent\Grid->get_datasource()
#7 C:\xampp7\htdocs\apps\dinkop\app\Controllers\Admin\Survey.php(67): App\Libraries\SmartComponent\Grid->output()
#8 C:\xampp7\htdocs\apps\dinkop\vendor\codeigniter4\framework\system\CodeIgniter.php(918): App\Controllers\Admin\Survey->grid_survey()
#9 C:\xampp7\htdocs\apps\dinkop\vendor\codeigniter4\framework\system\CodeIgniter.php(404): CodeIgniter\CodeIgniter->runController(Object(App\Controllers\Admin\Survey))
#10 C:\xampp7\htdocs\apps\dinkop\vendor\codeigniter4\framework\system\CodeIgniter.php(312): CodeIgniter\CodeIgniter->handleRequest(NULL, Object(Config\Cache), false)
#11 C:\xampp7\htdocs\apps\dinkop\public\index.php(45): CodeIgniter\CodeIgniter->run()
#12 {main}
CRITICAL - 2020-11-27 02:21:14 --> Uncaught CodeIgniter\Format\Exceptions\FormatException: Failed to parse json string, error: "Type is not supported". in C:\xampp7\htdocs\apps\dinkop\vendor\codeigniter4\framework\system\Format\Exceptions\FormatException.php:9
Stack trace:
#0 C:\xampp7\htdocs\apps\dinkop\vendor\codeigniter4\framework\system\Format\JSONFormatter.php(71): CodeIgniter\Format\Exceptions\FormatException::forInvalidJSON('Type is not sup...')
#1 C:\xampp7\htdocs\apps\dinkop\vendor\codeigniter4\framework\system\API\ResponseTrait.php(414): CodeIgniter\Format\JSONFormatter->format(Array)
#2 C:\xampp7\htdocs\apps\dinkop\vendor\codeigniter4\framework\system\API\ResponseTrait.php(134): CodeIgniter\Debug\Exceptions->format(Array)
#3 C:\xampp7\htdocs\apps\dinkop\vendor\codeigniter4\framework\system\Debug\Exceptions.php(168): CodeIgniter\Debug\Exceptions->respond(Array, 500)
#4 [internal function]: CodeIgniter\Debug\Exceptions->exceptionHandler(Object(ErrorException))
#5 {main}
  thrown
#0 [internal function]: CodeIgniter\Debug\Exceptions->shutdownHandler()
#1 {main}
CRITICAL - 2020-11-27 02:33:36 --> Too few arguments to function App\Controllers\Admin\SurveyHasil::grid_survey_hasil(), 0 passed in C:\xampp7\htdocs\apps\dinkop\vendor\codeigniter4\framework\system\CodeIgniter.php on line 918 and exactly 1 expected
#0 C:\xampp7\htdocs\apps\dinkop\vendor\codeigniter4\framework\system\CodeIgniter.php(918): App\Controllers\Admin\SurveyHasil->grid_survey_hasil()
#1 C:\xampp7\htdocs\apps\dinkop\vendor\codeigniter4\framework\system\CodeIgniter.php(404): CodeIgniter\CodeIgniter->runController(Object(App\Controllers\Admin\SurveyHasil))
#2 C:\xampp7\htdocs\apps\dinkop\vendor\codeigniter4\framework\system\CodeIgniter.php(312): CodeIgniter\CodeIgniter->handleRequest(NULL, Object(Config\Cache), false)
#3 C:\xampp7\htdocs\apps\dinkop\public\index.php(45): CodeIgniter\CodeIgniter->run()
#4 {main}
CRITICAL - 2020-11-27 02:34:12 --> Undefined variable: action
#0 C:\xampp7\htdocs\apps\dinkop\app\Controllers\Admin\SurveyHasil.php(62): CodeIgniter\Debug\Exceptions->errorHandler(8, 'Undefined varia...', 'C:\\xampp7\\htdoc...', 62, Array)
#1 C:\xampp7\htdocs\apps\dinkop\app\Controllers\Admin\SurveyHasil.php(13): App\Controllers\Admin\SurveyHasil->grid_survey_hasil('22')
#2 C:\xampp7\htdocs\apps\dinkop\vendor\codeigniter4\framework\system\CodeIgniter.php(918): App\Controllers\Admin\SurveyHasil->index('22')
#3 C:\xampp7\htdocs\apps\dinkop\vendor\codeigniter4\framework\system\CodeIgniter.php(404): CodeIgniter\CodeIgniter->runController(Object(App\Controllers\Admin\SurveyHasil))
#4 C:\xampp7\htdocs\apps\dinkop\vendor\codeigniter4\framework\system\CodeIgniter.php(312): CodeIgniter\CodeIgniter->handleRequest(NULL, Object(Config\Cache), false)
#5 C:\xampp7\htdocs\apps\dinkop\public\index.php(45): CodeIgniter\CodeIgniter->run()
#6 {main}
CRITICAL - 2020-11-27 02:34:22 --> Too few arguments to function App\Controllers\Admin\SurveyHasil::grid_survey_hasil(), 0 passed in C:\xampp7\htdocs\apps\dinkop\vendor\codeigniter4\framework\system\CodeIgniter.php on line 918 and exactly 1 expected
#0 C:\xampp7\htdocs\apps\dinkop\vendor\codeigniter4\framework\system\CodeIgniter.php(918): App\Controllers\Admin\SurveyHasil->grid_survey_hasil()
#1 C:\xampp7\htdocs\apps\dinkop\vendor\codeigniter4\framework\system\CodeIgniter.php(404): CodeIgniter\CodeIgniter->runController(Object(App\Controllers\Admin\SurveyHasil))
#2 C:\xampp7\htdocs\apps\dinkop\vendor\codeigniter4\framework\system\CodeIgniter.php(312): CodeIgniter\CodeIgniter->handleRequest(NULL, Object(Config\Cache), false)
#3 C:\xampp7\htdocs\apps\dinkop\public\index.php(45): CodeIgniter\CodeIgniter->run()
#4 {main}
CRITICAL - 2020-11-27 02:35:43 --> Too few arguments to function App\Controllers\Admin\SurveyHasil::grid_survey_hasil(), 0 passed in C:\xampp7\htdocs\apps\dinkop\vendor\codeigniter4\framework\system\CodeIgniter.php on line 918 and exactly 1 expected
#0 C:\xampp7\htdocs\apps\dinkop\vendor\codeigniter4\framework\system\CodeIgniter.php(918): App\Controllers\Admin\SurveyHasil->grid_survey_hasil()
#1 C:\xampp7\htdocs\apps\dinkop\vendor\codeigniter4\framework\system\CodeIgniter.php(404): CodeIgniter\CodeIgniter->runController(Object(App\Controllers\Admin\SurveyHasil))
#2 C:\xampp7\htdocs\apps\dinkop\vendor\codeigniter4\framework\system\CodeIgniter.php(312): CodeIgniter\CodeIgniter->handleRequest(NULL, Object(Config\Cache), false)
#3 C:\xampp7\htdocs\apps\dinkop\public\index.php(45): CodeIgniter\CodeIgniter->run()
#4 {main}
CRITICAL - 2020-11-27 02:36:38 --> Too few arguments to function App\Controllers\Admin\SurveyHasil::grid_survey_hasil(), 0 passed in C:\xampp7\htdocs\apps\dinkop\vendor\codeigniter4\framework\system\CodeIgniter.php on line 918 and exactly 1 expected
#0 C:\xampp7\htdocs\apps\dinkop\vendor\codeigniter4\framework\system\CodeIgniter.php(918): App\Controllers\Admin\SurveyHasil->grid_survey_hasil()
#1 C:\xampp7\htdocs\apps\dinkop\vendor\codeigniter4\framework\system\CodeIgniter.php(404): CodeIgniter\CodeIgniter->runController(Object(App\Controllers\Admin\SurveyHasil))
#2 C:\xampp7\htdocs\apps\dinkop\vendor\codeigniter4\framework\system\CodeIgniter.php(312): CodeIgniter\CodeIgniter->handleRequest(NULL, Object(Config\Cache), false)
#3 C:\xampp7\htdocs\apps\dinkop\public\index.php(45): CodeIgniter\CodeIgniter->run()
#4 {main}
CRITICAL - 2020-11-27 02:36:52 --> Too few arguments to function App\Controllers\Admin\SurveyHasil::grid_survey_hasil(), 0 passed in C:\xampp7\htdocs\apps\dinkop\vendor\codeigniter4\framework\system\CodeIgniter.php on line 918 and exactly 1 expected
#0 C:\xampp7\htdocs\apps\dinkop\vendor\codeigniter4\framework\system\CodeIgniter.php(918): App\Controllers\Admin\SurveyHasil->grid_survey_hasil()
#1 C:\xampp7\htdocs\apps\dinkop\vendor\codeigniter4\framework\system\CodeIgniter.php(404): CodeIgniter\CodeIgniter->runController(Object(App\Controllers\Admin\SurveyHasil))
#2 C:\xampp7\htdocs\apps\dinkop\vendor\codeigniter4\framework\system\CodeIgniter.php(312): CodeIgniter\CodeIgniter->handleRequest(NULL, Object(Config\Cache), false)
#3 C:\xampp7\htdocs\apps\dinkop\public\index.php(45): CodeIgniter\CodeIgniter->run()
#4 {main}
CRITICAL - 2020-11-27 02:45:57 --> pg_query(): Query failed: ERROR:  column &quot;survey_id&quot; does not exist
LINE 4: ...178/apps/dinkop/public/admin/surveyHasil/index/'||survey_id|...
                                                             ^
#0 [internal function]: CodeIgniter\Debug\Exceptions->errorHandler(2, 'pg_query(): Que...', 'C:\\xampp7\\htdoc...', 196, Array)
#1 C:\xampp7\htdocs\apps\dinkop\vendor\codeigniter4\framework\system\Database\Postgre\Connection.php(196): pg_query(Resource id #181, 'SELECT\r\n       ...')
#2 C:\xampp7\htdocs\apps\dinkop\vendor\codeigniter4\framework\system\Database\BaseConnection.php(741): CodeIgniter\Database\Postgre\Connection->execute('SELECT\r\n       ...')
#3 C:\xampp7\htdocs\apps\dinkop\vendor\codeigniter4\framework\system\Database\BaseConnection.php(669): CodeIgniter\Database\BaseConnection->simpleQuery('SELECT\r\n       ...')
#4 C:\xampp7\htdocs\apps\dinkop\app\Libraries\SmartComponent\Datasource.php(73): CodeIgniter\Database\BaseConnection->query('SELECT\r\n       ...')
#5 C:\xampp7\htdocs\apps\dinkop\app\Libraries\SmartComponent\Grid.php(155): App\Libraries\SmartComponent\Datasource->run()
#6 C:\xampp7\htdocs\apps\dinkop\app\Libraries\SmartComponent\Grid.php(119): App\Libraries\SmartComponent\Grid->get_datasource()
#7 C:\xampp7\htdocs\apps\dinkop\app\Controllers\Admin\SurveyHasil.php(76): App\Libraries\SmartComponent\Grid->output()
#8 C:\xampp7\htdocs\apps\dinkop\vendor\codeigniter4\framework\system\CodeIgniter.php(918): App\Controllers\Admin\SurveyHasil->grid_survey_hasil('24')
#9 C:\xampp7\htdocs\apps\dinkop\vendor\codeigniter4\framework\system\CodeIgniter.php(404): CodeIgniter\CodeIgniter->runController(Object(App\Controllers\Admin\SurveyHasil))
#10 C:\xampp7\htdocs\apps\dinkop\vendor\codeigniter4\framework\system\CodeIgniter.php(312): CodeIgniter\CodeIgniter->handleRequest(NULL, Object(Config\Cache), false)
#11 C:\xampp7\htdocs\apps\dinkop\public\index.php(45): CodeIgniter\CodeIgniter->run()
#12 {main}
CRITICAL - 2020-11-27 02:45:57 --> Uncaught CodeIgniter\Format\Exceptions\FormatException: Failed to parse json string, error: "Type is not supported". in C:\xampp7\htdocs\apps\dinkop\vendor\codeigniter4\framework\system\Format\Exceptions\FormatException.php:9
Stack trace:
#0 C:\xampp7\htdocs\apps\dinkop\vendor\codeigniter4\framework\system\Format\JSONFormatter.php(71): CodeIgniter\Format\Exceptions\FormatException::forInvalidJSON('Type is not sup...')
#1 C:\xampp7\htdocs\apps\dinkop\vendor\codeigniter4\framework\system\API\ResponseTrait.php(414): CodeIgniter\Format\JSONFormatter->format(Array)
#2 C:\xampp7\htdocs\apps\dinkop\vendor\codeigniter4\framework\system\API\ResponseTrait.php(134): CodeIgniter\Debug\Exceptions->format(Array)
#3 C:\xampp7\htdocs\apps\dinkop\vendor\codeigniter4\framework\system\Debug\Exceptions.php(168): CodeIgniter\Debug\Exceptions->respond(Array, 500)
#4 [internal function]: CodeIgniter\Debug\Exceptions->exceptionHandler(Object(ErrorException))
#5 {main}
  thrown
#0 [internal function]: CodeIgniter\Debug\Exceptions->shutdownHandler()
#1 {main}
CRITICAL - 2020-11-27 02:49:47 --> Call to undefined method App\Controllers\Admin\SurveyHasil::grid_tempat()
#0 C:\xampp7\htdocs\apps\dinkop\vendor\codeigniter4\framework\system\CodeIgniter.php(918): App\Controllers\Admin\SurveyHasil->form('13')
#1 C:\xampp7\htdocs\apps\dinkop\vendor\codeigniter4\framework\system\CodeIgniter.php(404): CodeIgniter\CodeIgniter->runController(Object(App\Controllers\Admin\SurveyHasil))
#2 C:\xampp7\htdocs\apps\dinkop\vendor\codeigniter4\framework\system\CodeIgniter.php(312): CodeIgniter\CodeIgniter->handleRequest(NULL, Object(Config\Cache), false)
#3 C:\xampp7\htdocs\apps\dinkop\public\index.php(45): CodeIgniter\CodeIgniter->run()
#4 {main}
CRITICAL - 2020-11-27 02:51:09 --> Too few arguments to function App\Controllers\Admin\SurveyHasil::index(), 0 passed in C:\xampp7\htdocs\apps\dinkop\vendor\codeigniter4\framework\system\CodeIgniter.php on line 918 and exactly 1 expected
#0 C:\xampp7\htdocs\apps\dinkop\vendor\codeigniter4\framework\system\CodeIgniter.php(918): App\Controllers\Admin\SurveyHasil->index()
#1 C:\xampp7\htdocs\apps\dinkop\vendor\codeigniter4\framework\system\CodeIgniter.php(404): CodeIgniter\CodeIgniter->runController(Object(App\Controllers\Admin\SurveyHasil))
#2 C:\xampp7\htdocs\apps\dinkop\vendor\codeigniter4\framework\system\CodeIgniter.php(312): CodeIgniter\CodeIgniter->handleRequest(NULL, Object(Config\Cache), false)
#3 C:\xampp7\htdocs\apps\dinkop\public\index.php(45): CodeIgniter\CodeIgniter->run()
#4 {main}
CRITICAL - 2020-11-27 02:53:09 --> Too few arguments to function App\Controllers\Admin\SurveyHasil::form(), 1 passed in C:\xampp7\htdocs\apps\dinkop\vendor\codeigniter4\framework\system\CodeIgniter.php on line 918 and exactly 2 expected
#0 C:\xampp7\htdocs\apps\dinkop\vendor\codeigniter4\framework\system\CodeIgniter.php(918): App\Controllers\Admin\SurveyHasil->form('13')
#1 C:\xampp7\htdocs\apps\dinkop\vendor\codeigniter4\framework\system\CodeIgniter.php(404): CodeIgniter\CodeIgniter->runController(Object(App\Controllers\Admin\SurveyHasil))
#2 C:\xampp7\htdocs\apps\dinkop\vendor\codeigniter4\framework\system\CodeIgniter.php(312): CodeIgniter\CodeIgniter->handleRequest(NULL, Object(Config\Cache), false)
#3 C:\xampp7\htdocs\apps\dinkop\public\index.php(45): CodeIgniter\CodeIgniter->run()
#4 {main}
CRITICAL - 2020-11-27 02:53:11 --> Too few arguments to function App\Controllers\Admin\SurveyHasil::form(), 1 passed in C:\xampp7\htdocs\apps\dinkop\vendor\codeigniter4\framework\system\CodeIgniter.php on line 918 and exactly 2 expected
#0 C:\xampp7\htdocs\apps\dinkop\vendor\codeigniter4\framework\system\CodeIgniter.php(918): App\Controllers\Admin\SurveyHasil->form('13')
#1 C:\xampp7\htdocs\apps\dinkop\vendor\codeigniter4\framework\system\CodeIgniter.php(404): CodeIgniter\CodeIgniter->runController(Object(App\Controllers\Admin\SurveyHasil))
#2 C:\xampp7\htdocs\apps\dinkop\vendor\codeigniter4\framework\system\CodeIgniter.php(312): CodeIgniter\CodeIgniter->handleRequest(NULL, Object(Config\Cache), false)
#3 C:\xampp7\htdocs\apps\dinkop\public\index.php(45): CodeIgniter\CodeIgniter->run()
#4 {main}
CRITICAL - 2020-11-27 02:54:37 --> Undefined index: cols
#0 C:\xampp7\htdocs\apps\dinkop\vendor\tecnickcom\tcpdf\tcpdf.php(16995): CodeIgniter\Debug\Exceptions->errorHandler(8, 'Undefined index...', 'C:\\xampp7\\htdoc...', 16995, Array)
#1 C:\xampp7\htdocs\apps\dinkop\vendor\tecnickcom\tcpdf\tcpdf.php(17266): TCPDF->getHtmlDomArray('<table style="b...')
#2 C:\xampp7\htdocs\apps\dinkop\app\Controllers\Admin\CetakSurvey.php(27): TCPDF->writeHTML('<table style="b...', true, false, true, false, '')
#3 C:\xampp7\htdocs\apps\dinkop\vendor\codeigniter4\framework\system\CodeIgniter.php(918): App\Controllers\Admin\CetakSurvey->jadwal('2')
#4 C:\xampp7\htdocs\apps\dinkop\vendor\codeigniter4\framework\system\CodeIgniter.php(404): CodeIgniter\CodeIgniter->runController(Object(App\Controllers\Admin\CetakSurvey))
#5 C:\xampp7\htdocs\apps\dinkop\vendor\codeigniter4\framework\system\CodeIgniter.php(312): CodeIgniter\CodeIgniter->handleRequest(NULL, Object(Config\Cache), false)
#6 C:\xampp7\htdocs\apps\dinkop\public\index.php(45): CodeIgniter\CodeIgniter->run()
#7 {main}
CRITICAL - 2020-11-27 02:55:12 --> Undefined index: cols
#0 C:\xampp7\htdocs\apps\dinkop\vendor\tecnickcom\tcpdf\tcpdf.php(16995): CodeIgniter\Debug\Exceptions->errorHandler(8, 'Undefined index...', 'C:\\xampp7\\htdoc...', 16995, Array)
#1 C:\xampp7\htdocs\apps\dinkop\vendor\tecnickcom\tcpdf\tcpdf.php(17266): TCPDF->getHtmlDomArray('<table style="b...')
#2 C:\xampp7\htdocs\apps\dinkop\app\Controllers\Admin\CetakSurvey.php(27): TCPDF->writeHTML('<table style="b...', true, false, true, false, '')
#3 C:\xampp7\htdocs\apps\dinkop\vendor\codeigniter4\framework\system\CodeIgniter.php(918): App\Controllers\Admin\CetakSurvey->jadwal('2')
#4 C:\xampp7\htdocs\apps\dinkop\vendor\codeigniter4\framework\system\CodeIgniter.php(404): CodeIgniter\CodeIgniter->runController(Object(App\Controllers\Admin\CetakSurvey))
#5 C:\xampp7\htdocs\apps\dinkop\vendor\codeigniter4\framework\system\CodeIgniter.php(312): CodeIgniter\CodeIgniter->handleRequest(NULL, Object(Config\Cache), false)
#6 C:\xampp7\htdocs\apps\dinkop\public\index.php(45): CodeIgniter\CodeIgniter->run()
#7 {main}
CRITICAL - 2020-11-27 21:09:41 --> Trying to access array offset on value of type null
#0 C:\xampp7\htdocs\apps\dinkop\app\Controllers\Admin\CetakSurvey.php(52): CodeIgniter\Debug\Exceptions->errorHandler(8, 'Trying to acces...', 'C:\\xampp7\\htdoc...', 52, Array)
#1 C:\xampp7\htdocs\apps\dinkop\app\Controllers\Admin\CetakSurvey.php(27): App\Controllers\Admin\CetakSurvey->html_jadwal('2')
#2 C:\xampp7\htdocs\apps\dinkop\vendor\codeigniter4\framework\system\CodeIgniter.php(918): App\Controllers\Admin\CetakSurvey->jadwal('2')
#3 C:\xampp7\htdocs\apps\dinkop\vendor\codeigniter4\framework\system\CodeIgniter.php(404): CodeIgniter\CodeIgniter->runController(Object(App\Controllers\Admin\CetakSurvey))
#4 C:\xampp7\htdocs\apps\dinkop\vendor\codeigniter4\framework\system\CodeIgniter.php(312): CodeIgniter\CodeIgniter->handleRequest(NULL, Object(Config\Cache), false)
#5 C:\xampp7\htdocs\apps\dinkop\public\index.php(45): CodeIgniter\CodeIgniter->run()
#6 {main}
CRITICAL - 2020-11-27 21:10:01 --> Trying to access array offset on value of type null
#0 C:\xampp7\htdocs\apps\dinkop\app\Controllers\Admin\CetakSurvey.php(52): CodeIgniter\Debug\Exceptions->errorHandler(8, 'Trying to acces...', 'C:\\xampp7\\htdoc...', 52, Array)
#1 C:\xampp7\htdocs\apps\dinkop\app\Controllers\Admin\CetakSurvey.php(27): App\Controllers\Admin\CetakSurvey->html_jadwal('22')
#2 C:\xampp7\htdocs\apps\dinkop\vendor\codeigniter4\framework\system\CodeIgniter.php(918): App\Controllers\Admin\CetakSurvey->jadwal('22')
#3 C:\xampp7\htdocs\apps\dinkop\vendor\codeigniter4\framework\system\CodeIgniter.php(404): CodeIgniter\CodeIgniter->runController(Object(App\Controllers\Admin\CetakSurvey))
#4 C:\xampp7\htdocs\apps\dinkop\vendor\codeigniter4\framework\system\CodeIgniter.php(312): CodeIgniter\CodeIgniter->handleRequest(NULL, Object(Config\Cache), false)
#5 C:\xampp7\htdocs\apps\dinkop\public\index.php(45): CodeIgniter\CodeIgniter->run()
#6 {main}
CRITICAL - 2020-11-27 21:10:40 --> Call to undefined method CodeIgniter\Database\Postgre\Builder::getRowArray()
#0 C:\xampp7\htdocs\apps\dinkop\app\Controllers\Admin\CetakSurvey.php(27): App\Controllers\Admin\CetakSurvey->html_jadwal('22')
#1 C:\xampp7\htdocs\apps\dinkop\vendor\codeigniter4\framework\system\CodeIgniter.php(918): App\Controllers\Admin\CetakSurvey->jadwal('22')
#2 C:\xampp7\htdocs\apps\dinkop\vendor\codeigniter4\framework\system\CodeIgniter.php(404): CodeIgniter\CodeIgniter->runController(Object(App\Controllers\Admin\CetakSurvey))
#3 C:\xampp7\htdocs\apps\dinkop\vendor\codeigniter4\framework\system\CodeIgniter.php(312): CodeIgniter\CodeIgniter->handleRequest(NULL, Object(Config\Cache), false)
#4 C:\xampp7\htdocs\apps\dinkop\public\index.php(45): CodeIgniter\CodeIgniter->run()
#5 {main}
CRITICAL - 2020-11-27 21:10:42 --> Call to undefined method CodeIgniter\Database\Postgre\Builder::getRowArray()
#0 C:\xampp7\htdocs\apps\dinkop\app\Controllers\Admin\CetakSurvey.php(27): App\Controllers\Admin\CetakSurvey->html_jadwal('22')
#1 C:\xampp7\htdocs\apps\dinkop\vendor\codeigniter4\framework\system\CodeIgniter.php(918): App\Controllers\Admin\CetakSurvey->jadwal('22')
#2 C:\xampp7\htdocs\apps\dinkop\vendor\codeigniter4\framework\system\CodeIgniter.php(404): CodeIgniter\CodeIgniter->runController(Object(App\Controllers\Admin\CetakSurvey))
#3 C:\xampp7\htdocs\apps\dinkop\vendor\codeigniter4\framework\system\CodeIgniter.php(312): CodeIgniter\CodeIgniter->handleRequest(NULL, Object(Config\Cache), false)
#4 C:\xampp7\htdocs\apps\dinkop\public\index.php(45): CodeIgniter\CodeIgniter->run()
#5 {main}
CRITICAL - 2020-11-27 21:11:29 --> Call to undefined method CodeIgniter\Database\Postgre\Builder::getRowArray()
#0 C:\xampp7\htdocs\apps\dinkop\app\Controllers\Admin\CetakSurvey.php(27): App\Controllers\Admin\CetakSurvey->html_jadwal('22')
#1 C:\xampp7\htdocs\apps\dinkop\vendor\codeigniter4\framework\system\CodeIgniter.php(918): App\Controllers\Admin\CetakSurvey->jadwal('22')
#2 C:\xampp7\htdocs\apps\dinkop\vendor\codeigniter4\framework\system\CodeIgniter.php(404): CodeIgniter\CodeIgniter->runController(Object(App\Controllers\Admin\CetakSurvey))
#3 C:\xampp7\htdocs\apps\dinkop\vendor\codeigniter4\framework\system\CodeIgniter.php(312): CodeIgniter\CodeIgniter->handleRequest(NULL, Object(Config\Cache), false)
#4 C:\xampp7\htdocs\apps\dinkop\public\index.php(45): CodeIgniter\CodeIgniter->run()
#5 {main}
CRITICAL - 2020-11-27 21:21:27 --> Illegal string offset 'kar_nama'
#0 C:\xampp7\htdocs\apps\dinkop\app\Controllers\Admin\CetakSurvey.php(44): CodeIgniter\Debug\Exceptions->errorHandler(2, 'Illegal string ...', 'C:\\xampp7\\htdoc...', 44, Array)
#1 C:\xampp7\htdocs\apps\dinkop\app\Controllers\Admin\CetakSurvey.php(27): App\Controllers\Admin\CetakSurvey->html_jadwal('22')
#2 C:\xampp7\htdocs\apps\dinkop\vendor\codeigniter4\framework\system\CodeIgniter.php(918): App\Controllers\Admin\CetakSurvey->jadwal('22')
#3 C:\xampp7\htdocs\apps\dinkop\vendor\codeigniter4\framework\system\CodeIgniter.php(404): CodeIgniter\CodeIgniter->runController(Object(App\Controllers\Admin\CetakSurvey))
#4 C:\xampp7\htdocs\apps\dinkop\vendor\codeigniter4\framework\system\CodeIgniter.php(312): CodeIgniter\CodeIgniter->handleRequest(NULL, Object(Config\Cache), false)
#5 C:\xampp7\htdocs\apps\dinkop\public\index.php(45): CodeIgniter\CodeIgniter->run()
#6 {main}
CRITICAL - 2020-11-27 21:26:58 --> Undefined variable: data_tempat
#0 C:\xampp7\htdocs\apps\dinkop\app\Controllers\Admin\CetakSurvey.php(66): CodeIgniter\Debug\Exceptions->errorHandler(8, 'Undefined varia...', 'C:\\xampp7\\htdoc...', 66, Array)
#1 C:\xampp7\htdocs\apps\dinkop\app\Controllers\Admin\CetakSurvey.php(27): App\Controllers\Admin\CetakSurvey->html_jadwal('22')
#2 C:\xampp7\htdocs\apps\dinkop\vendor\codeigniter4\framework\system\CodeIgniter.php(918): App\Controllers\Admin\CetakSurvey->jadwal('22')
#3 C:\xampp7\htdocs\apps\dinkop\vendor\codeigniter4\framework\system\CodeIgniter.php(404): CodeIgniter\CodeIgniter->runController(Object(App\Controllers\Admin\CetakSurvey))
#4 C:\xampp7\htdocs\apps\dinkop\vendor\codeigniter4\framework\system\CodeIgniter.php(312): CodeIgniter\CodeIgniter->handleRequest(NULL, Object(Config\Cache), false)
#5 C:\xampp7\htdocs\apps\dinkop\public\index.php(45): CodeIgniter\CodeIgniter->run()
#6 {main}
CRITICAL - 2020-11-27 21:57:44 --> Undefined index: min
#0 C:\xampp7\htdocs\apps\dinkop\app\Libraries\SmartComponent\Form.php(226): CodeIgniter\Debug\Exceptions->errorHandler(8, 'Undefined index...', 'C:\\xampp7\\htdoc...', 226, Array)
#1 C:\xampp7\htdocs\apps\dinkop\app\Controllers\Admin\SurveyHasil.php(105): App\Libraries\SmartComponent\Form->add('survey_hasil_1_...', 'Jumlah Anggota ...', 'slider', true, '', 'style="width:10...')
#2 C:\xampp7\htdocs\apps\dinkop\app\Controllers\Admin\SurveyHasil.php(82): App\Controllers\Admin\SurveyHasil->form_survey('13')
#3 C:\xampp7\htdocs\apps\dinkop\vendor\codeigniter4\framework\system\CodeIgniter.php(918): App\Controllers\Admin\SurveyHasil->form('24', '13')
#4 C:\xampp7\htdocs\apps\dinkop\vendor\codeigniter4\framework\system\CodeIgniter.php(404): CodeIgniter\CodeIgniter->runController(Object(App\Controllers\Admin\SurveyHasil))
#5 C:\xampp7\htdocs\apps\dinkop\vendor\codeigniter4\framework\system\CodeIgniter.php(312): CodeIgniter\CodeIgniter->handleRequest(NULL, Object(Config\Cache), false)
#6 C:\xampp7\htdocs\apps\dinkop\public\index.php(45): CodeIgniter\CodeIgniter->run()
#7 {main}
CRITICAL - 2020-11-27 22:00:43 --> pg_query(): Query failed: ERROR:  column &quot;survey_hasil_1_perijinan&quot; of relation &quot;survey&quot; does not exist
LINE 1: INSERT INTO &quot;survey&quot; (&quot;survey_hasil_1_perijinan&quot;, &quot;survey_ha...
                              ^
#0 [internal function]: CodeIgniter\Debug\Exceptions->errorHandler(2, 'pg_query(): Que...', 'C:\\xampp7\\htdoc...', 196, Array)
#1 C:\xampp7\htdocs\apps\dinkop\vendor\codeigniter4\framework\system\Database\Postgre\Connection.php(196): pg_query(Resource id #181, 'INSERT INTO "su...')
#2 C:\xampp7\htdocs\apps\dinkop\vendor\codeigniter4\framework\system\Database\BaseConnection.php(741): CodeIgniter\Database\Postgre\Connection->execute('INSERT INTO "su...')
#3 C:\xampp7\htdocs\apps\dinkop\vendor\codeigniter4\framework\system\Database\BaseConnection.php(669): CodeIgniter\Database\BaseConnection->simpleQuery('INSERT INTO "su...')
#4 C:\xampp7\htdocs\apps\dinkop\vendor\codeigniter4\framework\system\Database\BaseBuilder.php(2249): CodeIgniter\Database\BaseConnection->query('INSERT INTO "su...', Array, false)
#5 C:\xampp7\htdocs\apps\dinkop\app\Controllers\Admin\SurveyHasil.php(127): CodeIgniter\Database\BaseBuilder->insert(Array)
#6 C:\xampp7\htdocs\apps\dinkop\app\Controllers\Admin\SurveyHasil.php(82): App\Controllers\Admin\SurveyHasil->form_survey('13')
#7 C:\xampp7\htdocs\apps\dinkop\vendor\codeigniter4\framework\system\CodeIgniter.php(918): App\Controllers\Admin\SurveyHasil->form('24', '13')
#8 C:\xampp7\htdocs\apps\dinkop\vendor\codeigniter4\framework\system\CodeIgniter.php(404): CodeIgniter\CodeIgniter->runController(Object(App\Controllers\Admin\SurveyHasil))
#9 C:\xampp7\htdocs\apps\dinkop\vendor\codeigniter4\framework\system\CodeIgniter.php(312): CodeIgniter\CodeIgniter->handleRequest(NULL, Object(Config\Cache), false)
#10 C:\xampp7\htdocs\apps\dinkop\public\index.php(45): CodeIgniter\CodeIgniter->run()
#11 {main}
CRITICAL - 2020-11-27 22:01:11 --> pg_query(): Query failed: ERROR:  value &quot;10000000000&quot; is out of range for type integer
LINE 1: ...00000', '10000000', 'ternak kambing', '10000000', '100000000...
                                                             ^
#0 [internal function]: CodeIgniter\Debug\Exceptions->errorHandler(2, 'pg_query(): Que...', 'C:\\xampp7\\htdoc...', 196, Array)
#1 C:\xampp7\htdocs\apps\dinkop\vendor\codeigniter4\framework\system\Database\Postgre\Connection.php(196): pg_query(Resource id #181, 'INSERT INTO "su...')
#2 C:\xampp7\htdocs\apps\dinkop\vendor\codeigniter4\framework\system\Database\BaseConnection.php(741): CodeIgniter\Database\Postgre\Connection->execute('INSERT INTO "su...')
#3 C:\xampp7\htdocs\apps\dinkop\vendor\codeigniter4\framework\system\Database\BaseConnection.php(669): CodeIgniter\Database\BaseConnection->simpleQuery('INSERT INTO "su...')
#4 C:\xampp7\htdocs\apps\dinkop\vendor\codeigniter4\framework\system\Database\BaseBuilder.php(2249): CodeIgniter\Database\BaseConnection->query('INSERT INTO "su...', Array, false)
#5 C:\xampp7\htdocs\apps\dinkop\app\Controllers\Admin\SurveyHasil.php(127): CodeIgniter\Database\BaseBuilder->insert(Array)
#6 C:\xampp7\htdocs\apps\dinkop\app\Controllers\Admin\SurveyHasil.php(82): App\Controllers\Admin\SurveyHasil->form_survey('13')
#7 C:\xampp7\htdocs\apps\dinkop\vendor\codeigniter4\framework\system\CodeIgniter.php(918): App\Controllers\Admin\SurveyHasil->form('24', '13')
#8 C:\xampp7\htdocs\apps\dinkop\vendor\codeigniter4\framework\system\CodeIgniter.php(404): CodeIgniter\CodeIgniter->runController(Object(App\Controllers\Admin\SurveyHasil))
#9 C:\xampp7\htdocs\apps\dinkop\vendor\codeigniter4\framework\system\CodeIgniter.php(312): CodeIgniter\CodeIgniter->handleRequest(NULL, Object(Config\Cache), false)
#10 C:\xampp7\htdocs\apps\dinkop\public\index.php(45): CodeIgniter\CodeIgniter->run()
#11 {main}
