CRITICAL - 2020-09-25 02:11:25 --> Undefined variable: grid
#0 C:\xampp7\htdocs\apps\surveypasar\app\Views\admin\validasiDetail.php(10): CodeIgniter\Debug\Exceptions->errorHandler(8, 'Undefined varia...', 'C:\\xampp7\\htdoc...', 10, Array)
#1 C:\xampp7\htdocs\apps\surveypasar\vendor\codeigniter4\framework\system\View\View.php(246): include('C:\\xampp7\\htdoc...')
#2 C:\xampp7\htdocs\apps\surveypasar\vendor\codeigniter4\framework\system\Common.php(1119): CodeIgniter\View\View->render('admin/validasiD...', Array, true)
#3 C:\xampp7\htdocs\apps\surveypasar\app\Controllers\Admin\Validasi.php(79): view('admin/validasiD...', Array)
#4 C:\xampp7\htdocs\apps\surveypasar\vendor\codeigniter4\framework\system\CodeIgniter.php(918): App\Controllers\Admin\Validasi->detail('19')
#5 C:\xampp7\htdocs\apps\surveypasar\vendor\codeigniter4\framework\system\CodeIgniter.php(404): CodeIgniter\CodeIgniter->runController(Object(App\Controllers\Admin\Validasi))
#6 C:\xampp7\htdocs\apps\surveypasar\vendor\codeigniter4\framework\system\CodeIgniter.php(312): CodeIgniter\CodeIgniter->handleRequest(NULL, Object(Config\Cache), false)
#7 C:\xampp7\htdocs\apps\surveypasar\public\index.php(45): CodeIgniter\CodeIgniter->run()
#8 {main}
CRITICAL - 2020-09-25 02:13:32 --> pg_query(): Query failed: ERROR:  column &quot;id&quot; does not exist
LINE 1: ...urvey_detail where survey_det_head_id=19 order by id asc lim...
                                                             ^
#0 [internal function]: CodeIgniter\Debug\Exceptions->errorHandler(2, 'pg_query(): Que...', 'C:\\xampp7\\htdoc...', 196, Array)
#1 C:\xampp7\htdocs\apps\surveypasar\vendor\codeigniter4\framework\system\Database\Postgre\Connection.php(196): pg_query(Resource id #178, 'select * from s...')
#2 C:\xampp7\htdocs\apps\surveypasar\vendor\codeigniter4\framework\system\Database\BaseConnection.php(741): CodeIgniter\Database\Postgre\Connection->execute('select * from s...')
#3 C:\xampp7\htdocs\apps\surveypasar\vendor\codeigniter4\framework\system\Database\BaseConnection.php(669): CodeIgniter\Database\BaseConnection->simpleQuery('select * from s...')
#4 C:\xampp7\htdocs\apps\surveypasar\app\Libraries\SmartComponent\Datasource.php(73): CodeIgniter\Database\BaseConnection->query('select * from s...')
#5 C:\xampp7\htdocs\apps\surveypasar\app\Libraries\SmartComponent\Grid.php(149): App\Libraries\SmartComponent\Datasource->run()
#6 C:\xampp7\htdocs\apps\surveypasar\app\Libraries\SmartComponent\Grid.php(111): App\Libraries\SmartComponent\Grid->get_datasource()
#7 C:\xampp7\htdocs\apps\surveypasar\app\Controllers\Admin\Validasi.php(106): App\Libraries\SmartComponent\Grid->output()
#8 C:\xampp7\htdocs\apps\surveypasar\vendor\codeigniter4\framework\system\CodeIgniter.php(918): App\Controllers\Admin\Validasi->gridDetail('19')
#9 C:\xampp7\htdocs\apps\surveypasar\vendor\codeigniter4\framework\system\CodeIgniter.php(404): CodeIgniter\CodeIgniter->runController(Object(App\Controllers\Admin\Validasi))
#10 C:\xampp7\htdocs\apps\surveypasar\vendor\codeigniter4\framework\system\CodeIgniter.php(312): CodeIgniter\CodeIgniter->handleRequest(NULL, Object(Config\Cache), false)
#11 C:\xampp7\htdocs\apps\surveypasar\public\index.php(45): CodeIgniter\CodeIgniter->run()
#12 {main}
CRITICAL - 2020-09-25 02:13:32 --> Uncaught CodeIgniter\Format\Exceptions\FormatException: Failed to parse json string, error: "Type is not supported". in C:\xampp7\htdocs\apps\surveypasar\vendor\codeigniter4\framework\system\Format\Exceptions\FormatException.php:9
Stack trace:
#0 C:\xampp7\htdocs\apps\surveypasar\vendor\codeigniter4\framework\system\Format\JSONFormatter.php(71): CodeIgniter\Format\Exceptions\FormatException::forInvalidJSON('Type is not sup...')
#1 C:\xampp7\htdocs\apps\surveypasar\vendor\codeigniter4\framework\system\API\ResponseTrait.php(414): CodeIgniter\Format\JSONFormatter->format(Array)
#2 C:\xampp7\htdocs\apps\surveypasar\vendor\codeigniter4\framework\system\API\ResponseTrait.php(134): CodeIgniter\Debug\Exceptions->format(Array)
#3 C:\xampp7\htdocs\apps\surveypasar\vendor\codeigniter4\framework\system\Debug\Exceptions.php(168): CodeIgniter\Debug\Exceptions->respond(Array, 500)
#4 [internal function]: CodeIgniter\Debug\Exceptions->exceptionHandler(Object(ErrorException))
#5 {main}
  thrown
#0 [internal function]: CodeIgniter\Debug\Exceptions->shutdownHandler()
#1 {main}
CRITICAL - 2020-09-25 02:16:25 --> pg_query(): Query failed: ERROR:  column &quot;id&quot; does not exist
LINE 3: ...roduk_var_id where survey_det_head_id=19 order by id asc lim...
                                                             ^
#0 [internal function]: CodeIgniter\Debug\Exceptions->errorHandler(2, 'pg_query(): Que...', 'C:\\xampp7\\htdoc...', 196, Array)
#1 C:\xampp7\htdocs\apps\surveypasar\vendor\codeigniter4\framework\system\Database\Postgre\Connection.php(196): pg_query(Resource id #178, 'select * from s...')
#2 C:\xampp7\htdocs\apps\surveypasar\vendor\codeigniter4\framework\system\Database\BaseConnection.php(741): CodeIgniter\Database\Postgre\Connection->execute('select * from s...')
#3 C:\xampp7\htdocs\apps\surveypasar\vendor\codeigniter4\framework\system\Database\BaseConnection.php(669): CodeIgniter\Database\BaseConnection->simpleQuery('select * from s...')
#4 C:\xampp7\htdocs\apps\surveypasar\app\Libraries\SmartComponent\Datasource.php(73): CodeIgniter\Database\BaseConnection->query('select * from s...')
#5 C:\xampp7\htdocs\apps\surveypasar\app\Libraries\SmartComponent\Grid.php(149): App\Libraries\SmartComponent\Datasource->run()
#6 C:\xampp7\htdocs\apps\surveypasar\app\Libraries\SmartComponent\Grid.php(111): App\Libraries\SmartComponent\Grid->get_datasource()
#7 C:\xampp7\htdocs\apps\surveypasar\app\Controllers\Admin\Validasi.php(108): App\Libraries\SmartComponent\Grid->output()
#8 C:\xampp7\htdocs\apps\surveypasar\vendor\codeigniter4\framework\system\CodeIgniter.php(918): App\Controllers\Admin\Validasi->gridDetail('19')
#9 C:\xampp7\htdocs\apps\surveypasar\vendor\codeigniter4\framework\system\CodeIgniter.php(404): CodeIgniter\CodeIgniter->runController(Object(App\Controllers\Admin\Validasi))
#10 C:\xampp7\htdocs\apps\surveypasar\vendor\codeigniter4\framework\system\CodeIgniter.php(312): CodeIgniter\CodeIgniter->handleRequest(NULL, Object(Config\Cache), false)
#11 C:\xampp7\htdocs\apps\surveypasar\public\index.php(45): CodeIgniter\CodeIgniter->run()
#12 {main}
CRITICAL - 2020-09-25 02:16:25 --> Uncaught CodeIgniter\Format\Exceptions\FormatException: Failed to parse json string, error: "Type is not supported". in C:\xampp7\htdocs\apps\surveypasar\vendor\codeigniter4\framework\system\Format\Exceptions\FormatException.php:9
Stack trace:
#0 C:\xampp7\htdocs\apps\surveypasar\vendor\codeigniter4\framework\system\Format\JSONFormatter.php(71): CodeIgniter\Format\Exceptions\FormatException::forInvalidJSON('Type is not sup...')
#1 C:\xampp7\htdocs\apps\surveypasar\vendor\codeigniter4\framework\system\API\ResponseTrait.php(414): CodeIgniter\Format\JSONFormatter->format(Array)
#2 C:\xampp7\htdocs\apps\surveypasar\vendor\codeigniter4\framework\system\API\ResponseTrait.php(134): CodeIgniter\Debug\Exceptions->format(Array)
#3 C:\xampp7\htdocs\apps\surveypasar\vendor\codeigniter4\framework\system\Debug\Exceptions.php(168): CodeIgniter\Debug\Exceptions->respond(Array, 500)
#4 [internal function]: CodeIgniter\Debug\Exceptions->exceptionHandler(Object(ErrorException))
#5 {main}
  thrown
#0 [internal function]: CodeIgniter\Debug\Exceptions->shutdownHandler()
#1 {main}
CRITICAL - 2020-09-25 02:16:53 --> pg_query(): Query failed: ERROR:  column &quot;id&quot; does not exist
LINE 3: ...roduk_var_id where survey_det_head_id=19 order by id asc lim...
                                                             ^
#0 [internal function]: CodeIgniter\Debug\Exceptions->errorHandler(2, 'pg_query(): Que...', 'C:\\xampp7\\htdoc...', 196, Array)
#1 C:\xampp7\htdocs\apps\surveypasar\vendor\codeigniter4\framework\system\Database\Postgre\Connection.php(196): pg_query(Resource id #178, 'select * from s...')
#2 C:\xampp7\htdocs\apps\surveypasar\vendor\codeigniter4\framework\system\Database\BaseConnection.php(741): CodeIgniter\Database\Postgre\Connection->execute('select * from s...')
#3 C:\xampp7\htdocs\apps\surveypasar\vendor\codeigniter4\framework\system\Database\BaseConnection.php(669): CodeIgniter\Database\BaseConnection->simpleQuery('select * from s...')
#4 C:\xampp7\htdocs\apps\surveypasar\app\Libraries\SmartComponent\Datasource.php(73): CodeIgniter\Database\BaseConnection->query('select * from s...')
#5 C:\xampp7\htdocs\apps\surveypasar\app\Libraries\SmartComponent\Grid.php(149): App\Libraries\SmartComponent\Datasource->run()
#6 C:\xampp7\htdocs\apps\surveypasar\app\Libraries\SmartComponent\Grid.php(111): App\Libraries\SmartComponent\Grid->get_datasource()
#7 C:\xampp7\htdocs\apps\surveypasar\app\Controllers\Admin\Validasi.php(108): App\Libraries\SmartComponent\Grid->output()
#8 C:\xampp7\htdocs\apps\surveypasar\vendor\codeigniter4\framework\system\CodeIgniter.php(918): App\Controllers\Admin\Validasi->gridDetail('19')
#9 C:\xampp7\htdocs\apps\surveypasar\vendor\codeigniter4\framework\system\CodeIgniter.php(404): CodeIgniter\CodeIgniter->runController(Object(App\Controllers\Admin\Validasi))
#10 C:\xampp7\htdocs\apps\surveypasar\vendor\codeigniter4\framework\system\CodeIgniter.php(312): CodeIgniter\CodeIgniter->handleRequest(NULL, Object(Config\Cache), false)
#11 C:\xampp7\htdocs\apps\surveypasar\public\index.php(45): CodeIgniter\CodeIgniter->run()
#12 {main}
CRITICAL - 2020-09-25 02:16:53 --> Uncaught CodeIgniter\Format\Exceptions\FormatException: Failed to parse json string, error: "Type is not supported". in C:\xampp7\htdocs\apps\surveypasar\vendor\codeigniter4\framework\system\Format\Exceptions\FormatException.php:9
Stack trace:
#0 C:\xampp7\htdocs\apps\surveypasar\vendor\codeigniter4\framework\system\Format\JSONFormatter.php(71): CodeIgniter\Format\Exceptions\FormatException::forInvalidJSON('Type is not sup...')
#1 C:\xampp7\htdocs\apps\surveypasar\vendor\codeigniter4\framework\system\API\ResponseTrait.php(414): CodeIgniter\Format\JSONFormatter->format(Array)
#2 C:\xampp7\htdocs\apps\surveypasar\vendor\codeigniter4\framework\system\API\ResponseTrait.php(134): CodeIgniter\Debug\Exceptions->format(Array)
#3 C:\xampp7\htdocs\apps\surveypasar\vendor\codeigniter4\framework\system\Debug\Exceptions.php(168): CodeIgniter\Debug\Exceptions->respond(Array, 500)
#4 [internal function]: CodeIgniter\Debug\Exceptions->exceptionHandler(Object(ErrorException))
#5 {main}
  thrown
#0 [internal function]: CodeIgniter\Debug\Exceptions->shutdownHandler()
#1 {main}
CRITICAL - 2020-09-25 02:17:00 --> pg_query(): Query failed: ERROR:  column &quot;id&quot; does not exist
LINE 4: ...roduk_var_id where survey_det_head_id=19 order by id asc lim...
                                                             ^
#0 [internal function]: CodeIgniter\Debug\Exceptions->errorHandler(2, 'pg_query(): Que...', 'C:\\xampp7\\htdoc...', 196, Array)
#1 C:\xampp7\htdocs\apps\surveypasar\vendor\codeigniter4\framework\system\Database\Postgre\Connection.php(196): pg_query(Resource id #178, 'select * from s...')
#2 C:\xampp7\htdocs\apps\surveypasar\vendor\codeigniter4\framework\system\Database\BaseConnection.php(741): CodeIgniter\Database\Postgre\Connection->execute('select * from s...')
#3 C:\xampp7\htdocs\apps\surveypasar\vendor\codeigniter4\framework\system\Database\BaseConnection.php(669): CodeIgniter\Database\BaseConnection->simpleQuery('select * from s...')
#4 C:\xampp7\htdocs\apps\surveypasar\app\Libraries\SmartComponent\Datasource.php(73): CodeIgniter\Database\BaseConnection->query('select * from s...')
#5 C:\xampp7\htdocs\apps\surveypasar\app\Libraries\SmartComponent\Grid.php(149): App\Libraries\SmartComponent\Datasource->run()
#6 C:\xampp7\htdocs\apps\surveypasar\app\Libraries\SmartComponent\Grid.php(111): App\Libraries\SmartComponent\Grid->get_datasource()
#7 C:\xampp7\htdocs\apps\surveypasar\app\Controllers\Admin\Validasi.php(109): App\Libraries\SmartComponent\Grid->output()
#8 C:\xampp7\htdocs\apps\surveypasar\vendor\codeigniter4\framework\system\CodeIgniter.php(918): App\Controllers\Admin\Validasi->gridDetail('19')
#9 C:\xampp7\htdocs\apps\surveypasar\vendor\codeigniter4\framework\system\CodeIgniter.php(404): CodeIgniter\CodeIgniter->runController(Object(App\Controllers\Admin\Validasi))
#10 C:\xampp7\htdocs\apps\surveypasar\vendor\codeigniter4\framework\system\CodeIgniter.php(312): CodeIgniter\CodeIgniter->handleRequest(NULL, Object(Config\Cache), false)
#11 C:\xampp7\htdocs\apps\surveypasar\public\index.php(45): CodeIgniter\CodeIgniter->run()
#12 {main}
CRITICAL - 2020-09-25 02:17:00 --> Uncaught CodeIgniter\Format\Exceptions\FormatException: Failed to parse json string, error: "Type is not supported". in C:\xampp7\htdocs\apps\surveypasar\vendor\codeigniter4\framework\system\Format\Exceptions\FormatException.php:9
Stack trace:
#0 C:\xampp7\htdocs\apps\surveypasar\vendor\codeigniter4\framework\system\Format\JSONFormatter.php(71): CodeIgniter\Format\Exceptions\FormatException::forInvalidJSON('Type is not sup...')
#1 C:\xampp7\htdocs\apps\surveypasar\vendor\codeigniter4\framework\system\API\ResponseTrait.php(414): CodeIgniter\Format\JSONFormatter->format(Array)
#2 C:\xampp7\htdocs\apps\surveypasar\vendor\codeigniter4\framework\system\API\ResponseTrait.php(134): CodeIgniter\Debug\Exceptions->format(Array)
#3 C:\xampp7\htdocs\apps\surveypasar\vendor\codeigniter4\framework\system\Debug\Exceptions.php(168): CodeIgniter\Debug\Exceptions->respond(Array, 500)
#4 [internal function]: CodeIgniter\Debug\Exceptions->exceptionHandler(Object(ErrorException))
#5 {main}
  thrown
#0 [internal function]: CodeIgniter\Debug\Exceptions->shutdownHandler()
#1 {main}
CRITICAL - 2020-09-25 02:19:57 --> pg_query(): Query failed: ERROR:  column &quot;id&quot; does not exist
LINE 7:         where survey_det_head_id=19 order by id asc limit 25...
                                                     ^
#0 [internal function]: CodeIgniter\Debug\Exceptions->errorHandler(2, 'pg_query(): Que...', 'C:\\xampp7\\htdoc...', 196, Array)
#1 C:\xampp7\htdocs\apps\surveypasar\vendor\codeigniter4\framework\system\Database\Postgre\Connection.php(196): pg_query(Resource id #178, 'select * from s...')
#2 C:\xampp7\htdocs\apps\surveypasar\vendor\codeigniter4\framework\system\Database\BaseConnection.php(741): CodeIgniter\Database\Postgre\Connection->execute('select * from s...')
#3 C:\xampp7\htdocs\apps\surveypasar\vendor\codeigniter4\framework\system\Database\BaseConnection.php(669): CodeIgniter\Database\BaseConnection->simpleQuery('select * from s...')
#4 C:\xampp7\htdocs\apps\surveypasar\app\Libraries\SmartComponent\Datasource.php(73): CodeIgniter\Database\BaseConnection->query('select * from s...')
#5 C:\xampp7\htdocs\apps\surveypasar\app\Libraries\SmartComponent\Grid.php(149): App\Libraries\SmartComponent\Datasource->run()
#6 C:\xampp7\htdocs\apps\surveypasar\app\Libraries\SmartComponent\Grid.php(111): App\Libraries\SmartComponent\Grid->get_datasource()
#7 C:\xampp7\htdocs\apps\surveypasar\app\Controllers\Admin\Validasi.php(111): App\Libraries\SmartComponent\Grid->output()
#8 C:\xampp7\htdocs\apps\surveypasar\vendor\codeigniter4\framework\system\CodeIgniter.php(918): App\Controllers\Admin\Validasi->gridDetail('19')
#9 C:\xampp7\htdocs\apps\surveypasar\vendor\codeigniter4\framework\system\CodeIgniter.php(404): CodeIgniter\CodeIgniter->runController(Object(App\Controllers\Admin\Validasi))
#10 C:\xampp7\htdocs\apps\surveypasar\vendor\codeigniter4\framework\system\CodeIgniter.php(312): CodeIgniter\CodeIgniter->handleRequest(NULL, Object(Config\Cache), false)
#11 C:\xampp7\htdocs\apps\surveypasar\public\index.php(45): CodeIgniter\CodeIgniter->run()
#12 {main}
CRITICAL - 2020-09-25 02:19:57 --> Uncaught CodeIgniter\Format\Exceptions\FormatException: Failed to parse json string, error: "Type is not supported". in C:\xampp7\htdocs\apps\surveypasar\vendor\codeigniter4\framework\system\Format\Exceptions\FormatException.php:9
Stack trace:
#0 C:\xampp7\htdocs\apps\surveypasar\vendor\codeigniter4\framework\system\Format\JSONFormatter.php(71): CodeIgniter\Format\Exceptions\FormatException::forInvalidJSON('Type is not sup...')
#1 C:\xampp7\htdocs\apps\surveypasar\vendor\codeigniter4\framework\system\API\ResponseTrait.php(414): CodeIgniter\Format\JSONFormatter->format(Array)
#2 C:\xampp7\htdocs\apps\surveypasar\vendor\codeigniter4\framework\system\API\ResponseTrait.php(134): CodeIgniter\Debug\Exceptions->format(Array)
#3 C:\xampp7\htdocs\apps\surveypasar\vendor\codeigniter4\framework\system\Debug\Exceptions.php(168): CodeIgniter\Debug\Exceptions->respond(Array, 500)
#4 [internal function]: CodeIgniter\Debug\Exceptions->exceptionHandler(Object(ErrorException))
#5 {main}
  thrown
#0 [internal function]: CodeIgniter\Debug\Exceptions->shutdownHandler()
#1 {main}
CRITICAL - 2020-09-25 02:20:53 --> pg_query(): Query failed: ERROR:  column &quot;id&quot; does not exist
LINE 7:         where survey_det_head_id=19 order by id asc limit 25...
                                                     ^
#0 [internal function]: CodeIgniter\Debug\Exceptions->errorHandler(2, 'pg_query(): Que...', 'C:\\xampp7\\htdoc...', 196, Array)
#1 C:\xampp7\htdocs\apps\surveypasar\vendor\codeigniter4\framework\system\Database\Postgre\Connection.php(196): pg_query(Resource id #178, 'select * from s...')
#2 C:\xampp7\htdocs\apps\surveypasar\vendor\codeigniter4\framework\system\Database\BaseConnection.php(741): CodeIgniter\Database\Postgre\Connection->execute('select * from s...')
#3 C:\xampp7\htdocs\apps\surveypasar\vendor\codeigniter4\framework\system\Database\BaseConnection.php(669): CodeIgniter\Database\BaseConnection->simpleQuery('select * from s...')
#4 C:\xampp7\htdocs\apps\surveypasar\app\Libraries\SmartComponent\Datasource.php(73): CodeIgniter\Database\BaseConnection->query('select * from s...')
#5 C:\xampp7\htdocs\apps\surveypasar\app\Libraries\SmartComponent\Grid.php(149): App\Libraries\SmartComponent\Datasource->run()
#6 C:\xampp7\htdocs\apps\surveypasar\app\Libraries\SmartComponent\Grid.php(111): App\Libraries\SmartComponent\Grid->get_datasource()
#7 C:\xampp7\htdocs\apps\surveypasar\app\Controllers\Admin\Validasi.php(111): App\Libraries\SmartComponent\Grid->output()
#8 C:\xampp7\htdocs\apps\surveypasar\vendor\codeigniter4\framework\system\CodeIgniter.php(918): App\Controllers\Admin\Validasi->gridDetail('19')
#9 C:\xampp7\htdocs\apps\surveypasar\vendor\codeigniter4\framework\system\CodeIgniter.php(404): CodeIgniter\CodeIgniter->runController(Object(App\Controllers\Admin\Validasi))
#10 C:\xampp7\htdocs\apps\surveypasar\vendor\codeigniter4\framework\system\CodeIgniter.php(312): CodeIgniter\CodeIgniter->handleRequest(NULL, Object(Config\Cache), false)
#11 C:\xampp7\htdocs\apps\surveypasar\public\index.php(45): CodeIgniter\CodeIgniter->run()
#12 {main}
CRITICAL - 2020-09-25 02:20:53 --> Uncaught CodeIgniter\Format\Exceptions\FormatException: Failed to parse json string, error: "Type is not supported". in C:\xampp7\htdocs\apps\surveypasar\vendor\codeigniter4\framework\system\Format\Exceptions\FormatException.php:9
Stack trace:
#0 C:\xampp7\htdocs\apps\surveypasar\vendor\codeigniter4\framework\system\Format\JSONFormatter.php(71): CodeIgniter\Format\Exceptions\FormatException::forInvalidJSON('Type is not sup...')
#1 C:\xampp7\htdocs\apps\surveypasar\vendor\codeigniter4\framework\system\API\ResponseTrait.php(414): CodeIgniter\Format\JSONFormatter->format(Array)
#2 C:\xampp7\htdocs\apps\surveypasar\vendor\codeigniter4\framework\system\API\ResponseTrait.php(134): CodeIgniter\Debug\Exceptions->format(Array)
#3 C:\xampp7\htdocs\apps\surveypasar\vendor\codeigniter4\framework\system\Debug\Exceptions.php(168): CodeIgniter\Debug\Exceptions->respond(Array, 500)
#4 [internal function]: CodeIgniter\Debug\Exceptions->exceptionHandler(Object(ErrorException))
#5 {main}
  thrown
#0 [internal function]: CodeIgniter\Debug\Exceptions->shutdownHandler()
#1 {main}
CRITICAL - 2020-09-25 02:20:56 --> pg_query(): Query failed: ERROR:  column &quot;id&quot; does not exist
LINE 7:         where survey_det_head_id=19 order by id asc limit 25...
                                                     ^
#0 [internal function]: CodeIgniter\Debug\Exceptions->errorHandler(2, 'pg_query(): Que...', 'C:\\xampp7\\htdoc...', 196, Array)
#1 C:\xampp7\htdocs\apps\surveypasar\vendor\codeigniter4\framework\system\Database\Postgre\Connection.php(196): pg_query(Resource id #178, 'select * from s...')
#2 C:\xampp7\htdocs\apps\surveypasar\vendor\codeigniter4\framework\system\Database\BaseConnection.php(741): CodeIgniter\Database\Postgre\Connection->execute('select * from s...')
#3 C:\xampp7\htdocs\apps\surveypasar\vendor\codeigniter4\framework\system\Database\BaseConnection.php(669): CodeIgniter\Database\BaseConnection->simpleQuery('select * from s...')
#4 C:\xampp7\htdocs\apps\surveypasar\app\Libraries\SmartComponent\Datasource.php(73): CodeIgniter\Database\BaseConnection->query('select * from s...')
#5 C:\xampp7\htdocs\apps\surveypasar\app\Libraries\SmartComponent\Grid.php(149): App\Libraries\SmartComponent\Datasource->run()
#6 C:\xampp7\htdocs\apps\surveypasar\app\Libraries\SmartComponent\Grid.php(111): App\Libraries\SmartComponent\Grid->get_datasource()
#7 C:\xampp7\htdocs\apps\surveypasar\app\Controllers\Admin\Validasi.php(111): App\Libraries\SmartComponent\Grid->output()
#8 C:\xampp7\htdocs\apps\surveypasar\vendor\codeigniter4\framework\system\CodeIgniter.php(918): App\Controllers\Admin\Validasi->gridDetail('19')
#9 C:\xampp7\htdocs\apps\surveypasar\vendor\codeigniter4\framework\system\CodeIgniter.php(404): CodeIgniter\CodeIgniter->runController(Object(App\Controllers\Admin\Validasi))
#10 C:\xampp7\htdocs\apps\surveypasar\vendor\codeigniter4\framework\system\CodeIgniter.php(312): CodeIgniter\CodeIgniter->handleRequest(NULL, Object(Config\Cache), false)
#11 C:\xampp7\htdocs\apps\surveypasar\public\index.php(45): CodeIgniter\CodeIgniter->run()
#12 {main}
CRITICAL - 2020-09-25 02:20:56 --> Uncaught CodeIgniter\Format\Exceptions\FormatException: Failed to parse json string, error: "Type is not supported". in C:\xampp7\htdocs\apps\surveypasar\vendor\codeigniter4\framework\system\Format\Exceptions\FormatException.php:9
Stack trace:
#0 C:\xampp7\htdocs\apps\surveypasar\vendor\codeigniter4\framework\system\Format\JSONFormatter.php(71): CodeIgniter\Format\Exceptions\FormatException::forInvalidJSON('Type is not sup...')
#1 C:\xampp7\htdocs\apps\surveypasar\vendor\codeigniter4\framework\system\API\ResponseTrait.php(414): CodeIgniter\Format\JSONFormatter->format(Array)
#2 C:\xampp7\htdocs\apps\surveypasar\vendor\codeigniter4\framework\system\API\ResponseTrait.php(134): CodeIgniter\Debug\Exceptions->format(Array)
#3 C:\xampp7\htdocs\apps\surveypasar\vendor\codeigniter4\framework\system\Debug\Exceptions.php(168): CodeIgniter\Debug\Exceptions->respond(Array, 500)
#4 [internal function]: CodeIgniter\Debug\Exceptions->exceptionHandler(Object(ErrorException))
#5 {main}
  thrown
#0 [internal function]: CodeIgniter\Debug\Exceptions->shutdownHandler()
#1 {main}
CRITICAL - 2020-09-25 02:22:20 --> pg_query(): Query failed: ERROR:  column &quot;id&quot; does not exist
LINE 7:         where survey_det_head_id=19 order by id asc limit 25...
                                                     ^
#0 [internal function]: CodeIgniter\Debug\Exceptions->errorHandler(2, 'pg_query(): Que...', 'C:\\xampp7\\htdoc...', 196, Array)
#1 C:\xampp7\htdocs\apps\surveypasar\vendor\codeigniter4\framework\system\Database\Postgre\Connection.php(196): pg_query(Resource id #178, 'select * from s...')
#2 C:\xampp7\htdocs\apps\surveypasar\vendor\codeigniter4\framework\system\Database\BaseConnection.php(741): CodeIgniter\Database\Postgre\Connection->execute('select * from s...')
#3 C:\xampp7\htdocs\apps\surveypasar\vendor\codeigniter4\framework\system\Database\BaseConnection.php(669): CodeIgniter\Database\BaseConnection->simpleQuery('select * from s...')
#4 C:\xampp7\htdocs\apps\surveypasar\app\Libraries\SmartComponent\Datasource.php(73): CodeIgniter\Database\BaseConnection->query('select * from s...')
#5 C:\xampp7\htdocs\apps\surveypasar\app\Libraries\SmartComponent\Grid.php(149): App\Libraries\SmartComponent\Datasource->run()
#6 C:\xampp7\htdocs\apps\surveypasar\app\Libraries\SmartComponent\Grid.php(111): App\Libraries\SmartComponent\Grid->get_datasource()
#7 C:\xampp7\htdocs\apps\surveypasar\app\Controllers\Admin\Validasi.php(111): App\Libraries\SmartComponent\Grid->output()
#8 C:\xampp7\htdocs\apps\surveypasar\vendor\codeigniter4\framework\system\CodeIgniter.php(918): App\Controllers\Admin\Validasi->gridDetail('19')
#9 C:\xampp7\htdocs\apps\surveypasar\vendor\codeigniter4\framework\system\CodeIgniter.php(404): CodeIgniter\CodeIgniter->runController(Object(App\Controllers\Admin\Validasi))
#10 C:\xampp7\htdocs\apps\surveypasar\vendor\codeigniter4\framework\system\CodeIgniter.php(312): CodeIgniter\CodeIgniter->handleRequest(NULL, Object(Config\Cache), false)
#11 C:\xampp7\htdocs\apps\surveypasar\public\index.php(45): CodeIgniter\CodeIgniter->run()
#12 {main}
CRITICAL - 2020-09-25 02:22:20 --> Uncaught CodeIgniter\Format\Exceptions\FormatException: Failed to parse json string, error: "Type is not supported". in C:\xampp7\htdocs\apps\surveypasar\vendor\codeigniter4\framework\system\Format\Exceptions\FormatException.php:9
Stack trace:
#0 C:\xampp7\htdocs\apps\surveypasar\vendor\codeigniter4\framework\system\Format\JSONFormatter.php(71): CodeIgniter\Format\Exceptions\FormatException::forInvalidJSON('Type is not sup...')
#1 C:\xampp7\htdocs\apps\surveypasar\vendor\codeigniter4\framework\system\API\ResponseTrait.php(414): CodeIgniter\Format\JSONFormatter->format(Array)
#2 C:\xampp7\htdocs\apps\surveypasar\vendor\codeigniter4\framework\system\API\ResponseTrait.php(134): CodeIgniter\Debug\Exceptions->format(Array)
#3 C:\xampp7\htdocs\apps\surveypasar\vendor\codeigniter4\framework\system\Debug\Exceptions.php(168): CodeIgniter\Debug\Exceptions->respond(Array, 500)
#4 [internal function]: CodeIgniter\Debug\Exceptions->exceptionHandler(Object(ErrorException))
#5 {main}
  thrown
#0 [internal function]: CodeIgniter\Debug\Exceptions->shutdownHandler()
#1 {main}
CRITICAL - 2020-09-25 02:22:23 --> pg_query(): Query failed: ERROR:  column &quot;id&quot; does not exist
LINE 7:         where survey_det_head_id=19 order by id asc limit 25...
                                                     ^
#0 [internal function]: CodeIgniter\Debug\Exceptions->errorHandler(2, 'pg_query(): Que...', 'C:\\xampp7\\htdoc...', 196, Array)
#1 C:\xampp7\htdocs\apps\surveypasar\vendor\codeigniter4\framework\system\Database\Postgre\Connection.php(196): pg_query(Resource id #178, 'select * from s...')
#2 C:\xampp7\htdocs\apps\surveypasar\vendor\codeigniter4\framework\system\Database\BaseConnection.php(741): CodeIgniter\Database\Postgre\Connection->execute('select * from s...')
#3 C:\xampp7\htdocs\apps\surveypasar\vendor\codeigniter4\framework\system\Database\BaseConnection.php(669): CodeIgniter\Database\BaseConnection->simpleQuery('select * from s...')
#4 C:\xampp7\htdocs\apps\surveypasar\app\Libraries\SmartComponent\Datasource.php(73): CodeIgniter\Database\BaseConnection->query('select * from s...')
#5 C:\xampp7\htdocs\apps\surveypasar\app\Libraries\SmartComponent\Grid.php(149): App\Libraries\SmartComponent\Datasource->run()
#6 C:\xampp7\htdocs\apps\surveypasar\app\Libraries\SmartComponent\Grid.php(111): App\Libraries\SmartComponent\Grid->get_datasource()
#7 C:\xampp7\htdocs\apps\surveypasar\app\Controllers\Admin\Validasi.php(111): App\Libraries\SmartComponent\Grid->output()
#8 C:\xampp7\htdocs\apps\surveypasar\vendor\codeigniter4\framework\system\CodeIgniter.php(918): App\Controllers\Admin\Validasi->gridDetail('19')
#9 C:\xampp7\htdocs\apps\surveypasar\vendor\codeigniter4\framework\system\CodeIgniter.php(404): CodeIgniter\CodeIgniter->runController(Object(App\Controllers\Admin\Validasi))
#10 C:\xampp7\htdocs\apps\surveypasar\vendor\codeigniter4\framework\system\CodeIgniter.php(312): CodeIgniter\CodeIgniter->handleRequest(NULL, Object(Config\Cache), false)
#11 C:\xampp7\htdocs\apps\surveypasar\public\index.php(45): CodeIgniter\CodeIgniter->run()
#12 {main}
CRITICAL - 2020-09-25 02:22:23 --> Uncaught CodeIgniter\Format\Exceptions\FormatException: Failed to parse json string, error: "Type is not supported". in C:\xampp7\htdocs\apps\surveypasar\vendor\codeigniter4\framework\system\Format\Exceptions\FormatException.php:9
Stack trace:
#0 C:\xampp7\htdocs\apps\surveypasar\vendor\codeigniter4\framework\system\Format\JSONFormatter.php(71): CodeIgniter\Format\Exceptions\FormatException::forInvalidJSON('Type is not sup...')
#1 C:\xampp7\htdocs\apps\surveypasar\vendor\codeigniter4\framework\system\API\ResponseTrait.php(414): CodeIgniter\Format\JSONFormatter->format(Array)
#2 C:\xampp7\htdocs\apps\surveypasar\vendor\codeigniter4\framework\system\API\ResponseTrait.php(134): CodeIgniter\Debug\Exceptions->format(Array)
#3 C:\xampp7\htdocs\apps\surveypasar\vendor\codeigniter4\framework\system\Debug\Exceptions.php(168): CodeIgniter\Debug\Exceptions->respond(Array, 500)
#4 [internal function]: CodeIgniter\Debug\Exceptions->exceptionHandler(Object(ErrorException))
#5 {main}
  thrown
#0 [internal function]: CodeIgniter\Debug\Exceptions->shutdownHandler()
#1 {main}
CRITICAL - 2020-09-25 02:22:32 --> pg_query(): Query failed: ERROR:  column &quot;id&quot; does not exist
LINE 6: ...ref_produk_id = ref_produk_var_produk_id order by id asc lim...
                                                             ^
#0 [internal function]: CodeIgniter\Debug\Exceptions->errorHandler(2, 'pg_query(): Que...', 'C:\\xampp7\\htdoc...', 196, Array)
#1 C:\xampp7\htdocs\apps\surveypasar\vendor\codeigniter4\framework\system\Database\Postgre\Connection.php(196): pg_query(Resource id #178, 'select * from s...')
#2 C:\xampp7\htdocs\apps\surveypasar\vendor\codeigniter4\framework\system\Database\BaseConnection.php(741): CodeIgniter\Database\Postgre\Connection->execute('select * from s...')
#3 C:\xampp7\htdocs\apps\surveypasar\vendor\codeigniter4\framework\system\Database\BaseConnection.php(669): CodeIgniter\Database\BaseConnection->simpleQuery('select * from s...')
#4 C:\xampp7\htdocs\apps\surveypasar\app\Libraries\SmartComponent\Datasource.php(73): CodeIgniter\Database\BaseConnection->query('select * from s...')
#5 C:\xampp7\htdocs\apps\surveypasar\app\Libraries\SmartComponent\Grid.php(149): App\Libraries\SmartComponent\Datasource->run()
#6 C:\xampp7\htdocs\apps\surveypasar\app\Libraries\SmartComponent\Grid.php(111): App\Libraries\SmartComponent\Grid->get_datasource()
#7 C:\xampp7\htdocs\apps\surveypasar\app\Controllers\Admin\Validasi.php(110): App\Libraries\SmartComponent\Grid->output()
#8 C:\xampp7\htdocs\apps\surveypasar\vendor\codeigniter4\framework\system\CodeIgniter.php(918): App\Controllers\Admin\Validasi->gridDetail('19')
#9 C:\xampp7\htdocs\apps\surveypasar\vendor\codeigniter4\framework\system\CodeIgniter.php(404): CodeIgniter\CodeIgniter->runController(Object(App\Controllers\Admin\Validasi))
#10 C:\xampp7\htdocs\apps\surveypasar\vendor\codeigniter4\framework\system\CodeIgniter.php(312): CodeIgniter\CodeIgniter->handleRequest(NULL, Object(Config\Cache), false)
#11 C:\xampp7\htdocs\apps\surveypasar\public\index.php(45): CodeIgniter\CodeIgniter->run()
#12 {main}
CRITICAL - 2020-09-25 02:22:35 --> pg_query(): Query failed: ERROR:  column &quot;id&quot; does not exist
LINE 6: ...ref_produk_id = ref_produk_var_produk_id order by id asc lim...
                                                             ^
#0 [internal function]: CodeIgniter\Debug\Exceptions->errorHandler(2, 'pg_query(): Que...', 'C:\\xampp7\\htdoc...', 196, Array)
#1 C:\xampp7\htdocs\apps\surveypasar\vendor\codeigniter4\framework\system\Database\Postgre\Connection.php(196): pg_query(Resource id #178, 'select * from s...')
#2 C:\xampp7\htdocs\apps\surveypasar\vendor\codeigniter4\framework\system\Database\BaseConnection.php(741): CodeIgniter\Database\Postgre\Connection->execute('select * from s...')
#3 C:\xampp7\htdocs\apps\surveypasar\vendor\codeigniter4\framework\system\Database\BaseConnection.php(669): CodeIgniter\Database\BaseConnection->simpleQuery('select * from s...')
#4 C:\xampp7\htdocs\apps\surveypasar\app\Libraries\SmartComponent\Datasource.php(73): CodeIgniter\Database\BaseConnection->query('select * from s...')
#5 C:\xampp7\htdocs\apps\surveypasar\app\Libraries\SmartComponent\Grid.php(149): App\Libraries\SmartComponent\Datasource->run()
#6 C:\xampp7\htdocs\apps\surveypasar\app\Libraries\SmartComponent\Grid.php(111): App\Libraries\SmartComponent\Grid->get_datasource()
#7 C:\xampp7\htdocs\apps\surveypasar\app\Controllers\Admin\Validasi.php(110): App\Libraries\SmartComponent\Grid->output()
#8 C:\xampp7\htdocs\apps\surveypasar\vendor\codeigniter4\framework\system\CodeIgniter.php(918): App\Controllers\Admin\Validasi->gridDetail('19')
#9 C:\xampp7\htdocs\apps\surveypasar\vendor\codeigniter4\framework\system\CodeIgniter.php(404): CodeIgniter\CodeIgniter->runController(Object(App\Controllers\Admin\Validasi))
#10 C:\xampp7\htdocs\apps\surveypasar\vendor\codeigniter4\framework\system\CodeIgniter.php(312): CodeIgniter\CodeIgniter->handleRequest(NULL, Object(Config\Cache), false)
#11 C:\xampp7\htdocs\apps\surveypasar\public\index.php(45): CodeIgniter\CodeIgniter->run()
#12 {main}
CRITICAL - 2020-09-25 02:22:35 --> Uncaught CodeIgniter\Format\Exceptions\FormatException: Failed to parse json string, error: "Type is not supported". in C:\xampp7\htdocs\apps\surveypasar\vendor\codeigniter4\framework\system\Format\Exceptions\FormatException.php:9
Stack trace:
#0 C:\xampp7\htdocs\apps\surveypasar\vendor\codeigniter4\framework\system\Format\JSONFormatter.php(71): CodeIgniter\Format\Exceptions\FormatException::forInvalidJSON('Type is not sup...')
#1 C:\xampp7\htdocs\apps\surveypasar\vendor\codeigniter4\framework\system\API\ResponseTrait.php(414): CodeIgniter\Format\JSONFormatter->format(Array)
#2 C:\xampp7\htdocs\apps\surveypasar\vendor\codeigniter4\framework\system\API\ResponseTrait.php(134): CodeIgniter\Debug\Exceptions->format(Array)
#3 C:\xampp7\htdocs\apps\surveypasar\vendor\codeigniter4\framework\system\Debug\Exceptions.php(168): CodeIgniter\Debug\Exceptions->respond(Array, 500)
#4 [internal function]: CodeIgniter\Debug\Exceptions->exceptionHandler(Object(ErrorException))
#5 {main}
  thrown
#0 [internal function]: CodeIgniter\Debug\Exceptions->shutdownHandler()
#1 {main}
CRITICAL - 2020-09-25 02:25:35 --> pg_query(): Query failed: ERROR:  column &quot;seller_prod_produk_var_id&quot; does not exist
LINE 2: ...eft join ref_produk_varian on ref_produk_var_id = seller_pro...
                                                             ^
#0 [internal function]: CodeIgniter\Debug\Exceptions->errorHandler(2, 'pg_query(): Que...', 'C:\\xampp7\\htdoc...', 196, Array)
#1 C:\xampp7\htdocs\apps\surveypasar\vendor\codeigniter4\framework\system\Database\Postgre\Connection.php(196): pg_query(Resource id #178, 'select survey_d...')
#2 C:\xampp7\htdocs\apps\surveypasar\vendor\codeigniter4\framework\system\Database\BaseConnection.php(741): CodeIgniter\Database\Postgre\Connection->execute('select survey_d...')
#3 C:\xampp7\htdocs\apps\surveypasar\vendor\codeigniter4\framework\system\Database\BaseConnection.php(669): CodeIgniter\Database\BaseConnection->simpleQuery('select survey_d...')
#4 C:\xampp7\htdocs\apps\surveypasar\app\Libraries\SmartComponent\Datasource.php(73): CodeIgniter\Database\BaseConnection->query('select survey_d...')
#5 C:\xampp7\htdocs\apps\surveypasar\app\Libraries\SmartComponent\Grid.php(149): App\Libraries\SmartComponent\Datasource->run()
#6 C:\xampp7\htdocs\apps\surveypasar\app\Libraries\SmartComponent\Grid.php(111): App\Libraries\SmartComponent\Grid->get_datasource()
#7 C:\xampp7\htdocs\apps\surveypasar\app\Controllers\Admin\Validasi.php(111): App\Libraries\SmartComponent\Grid->output()
#8 C:\xampp7\htdocs\apps\surveypasar\vendor\codeigniter4\framework\system\CodeIgniter.php(918): App\Controllers\Admin\Validasi->gridDetail('19')
#9 C:\xampp7\htdocs\apps\surveypasar\vendor\codeigniter4\framework\system\CodeIgniter.php(404): CodeIgniter\CodeIgniter->runController(Object(App\Controllers\Admin\Validasi))
#10 C:\xampp7\htdocs\apps\surveypasar\vendor\codeigniter4\framework\system\CodeIgniter.php(312): CodeIgniter\CodeIgniter->handleRequest(NULL, Object(Config\Cache), false)
#11 C:\xampp7\htdocs\apps\surveypasar\public\index.php(45): CodeIgniter\CodeIgniter->run()
#12 {main}
CRITICAL - 2020-09-25 02:25:35 --> Uncaught CodeIgniter\Format\Exceptions\FormatException: Failed to parse json string, error: "Type is not supported". in C:\xampp7\htdocs\apps\surveypasar\vendor\codeigniter4\framework\system\Format\Exceptions\FormatException.php:9
Stack trace:
#0 C:\xampp7\htdocs\apps\surveypasar\vendor\codeigniter4\framework\system\Format\JSONFormatter.php(71): CodeIgniter\Format\Exceptions\FormatException::forInvalidJSON('Type is not sup...')
#1 C:\xampp7\htdocs\apps\surveypasar\vendor\codeigniter4\framework\system\API\ResponseTrait.php(414): CodeIgniter\Format\JSONFormatter->format(Array)
#2 C:\xampp7\htdocs\apps\surveypasar\vendor\codeigniter4\framework\system\API\ResponseTrait.php(134): CodeIgniter\Debug\Exceptions->format(Array)
#3 C:\xampp7\htdocs\apps\surveypasar\vendor\codeigniter4\framework\system\Debug\Exceptions.php(168): CodeIgniter\Debug\Exceptions->respond(Array, 500)
#4 [internal function]: CodeIgniter\Debug\Exceptions->exceptionHandler(Object(ErrorException))
#5 {main}
  thrown
#0 [internal function]: CodeIgniter\Debug\Exceptions->shutdownHandler()
#1 {main}
CRITICAL - 2020-09-25 02:25:38 --> pg_query(): Query failed: ERROR:  column &quot;seller_prod_produk_var_id&quot; does not exist
LINE 2: ...eft join ref_produk_varian on ref_produk_var_id = seller_pro...
                                                             ^
#0 [internal function]: CodeIgniter\Debug\Exceptions->errorHandler(2, 'pg_query(): Que...', 'C:\\xampp7\\htdoc...', 196, Array)
#1 C:\xampp7\htdocs\apps\surveypasar\vendor\codeigniter4\framework\system\Database\Postgre\Connection.php(196): pg_query(Resource id #178, 'select survey_d...')
#2 C:\xampp7\htdocs\apps\surveypasar\vendor\codeigniter4\framework\system\Database\BaseConnection.php(741): CodeIgniter\Database\Postgre\Connection->execute('select survey_d...')
#3 C:\xampp7\htdocs\apps\surveypasar\vendor\codeigniter4\framework\system\Database\BaseConnection.php(669): CodeIgniter\Database\BaseConnection->simpleQuery('select survey_d...')
#4 C:\xampp7\htdocs\apps\surveypasar\app\Libraries\SmartComponent\Datasource.php(73): CodeIgniter\Database\BaseConnection->query('select survey_d...')
#5 C:\xampp7\htdocs\apps\surveypasar\app\Libraries\SmartComponent\Grid.php(149): App\Libraries\SmartComponent\Datasource->run()
#6 C:\xampp7\htdocs\apps\surveypasar\app\Libraries\SmartComponent\Grid.php(111): App\Libraries\SmartComponent\Grid->get_datasource()
#7 C:\xampp7\htdocs\apps\surveypasar\app\Controllers\Admin\Validasi.php(111): App\Libraries\SmartComponent\Grid->output()
#8 C:\xampp7\htdocs\apps\surveypasar\vendor\codeigniter4\framework\system\CodeIgniter.php(918): App\Controllers\Admin\Validasi->gridDetail('19')
#9 C:\xampp7\htdocs\apps\surveypasar\vendor\codeigniter4\framework\system\CodeIgniter.php(404): CodeIgniter\CodeIgniter->runController(Object(App\Controllers\Admin\Validasi))
#10 C:\xampp7\htdocs\apps\surveypasar\vendor\codeigniter4\framework\system\CodeIgniter.php(312): CodeIgniter\CodeIgniter->handleRequest(NULL, Object(Config\Cache), false)
#11 C:\xampp7\htdocs\apps\surveypasar\public\index.php(45): CodeIgniter\CodeIgniter->run()
#12 {main}
CRITICAL - 2020-09-25 02:25:38 --> Uncaught CodeIgniter\Format\Exceptions\FormatException: Failed to parse json string, error: "Type is not supported". in C:\xampp7\htdocs\apps\surveypasar\vendor\codeigniter4\framework\system\Format\Exceptions\FormatException.php:9
Stack trace:
#0 C:\xampp7\htdocs\apps\surveypasar\vendor\codeigniter4\framework\system\Format\JSONFormatter.php(71): CodeIgniter\Format\Exceptions\FormatException::forInvalidJSON('Type is not sup...')
#1 C:\xampp7\htdocs\apps\surveypasar\vendor\codeigniter4\framework\system\API\ResponseTrait.php(414): CodeIgniter\Format\JSONFormatter->format(Array)
#2 C:\xampp7\htdocs\apps\surveypasar\vendor\codeigniter4\framework\system\API\ResponseTrait.php(134): CodeIgniter\Debug\Exceptions->format(Array)
#3 C:\xampp7\htdocs\apps\surveypasar\vendor\codeigniter4\framework\system\Debug\Exceptions.php(168): CodeIgniter\Debug\Exceptions->respond(Array, 500)
#4 [internal function]: CodeIgniter\Debug\Exceptions->exceptionHandler(Object(ErrorException))
#5 {main}
  thrown
#0 [internal function]: CodeIgniter\Debug\Exceptions->shutdownHandler()
#1 {main}
CRITICAL - 2020-09-25 03:23:51 --> Trying to access array offset on value of type null
#0 C:\xampp7\htdocs\apps\surveypasar\app\Controllers\Admin\Survey.php(84): CodeIgniter\Debug\Exceptions->errorHandler(8, 'Trying to acces...', 'C:\\xampp7\\htdoc...', 84, Array)
#1 C:\xampp7\htdocs\apps\surveypasar\vendor\codeigniter4\framework\system\CodeIgniter.php(918): App\Controllers\Admin\Survey->start('2020-09-17', '2')
#2 C:\xampp7\htdocs\apps\surveypasar\vendor\codeigniter4\framework\system\CodeIgniter.php(404): CodeIgniter\CodeIgniter->runController(Object(App\Controllers\Admin\Survey))
#3 C:\xampp7\htdocs\apps\surveypasar\vendor\codeigniter4\framework\system\CodeIgniter.php(312): CodeIgniter\CodeIgniter->handleRequest(NULL, Object(Config\Cache), false)
#4 C:\xampp7\htdocs\apps\surveypasar\public\index.php(45): CodeIgniter\CodeIgniter->run()
#5 {main}
CRITICAL - 2020-09-25 03:24:22 --> Trying to access array offset on value of type null
#0 C:\xampp7\htdocs\apps\surveypasar\app\Controllers\Admin\Survey.php(84): CodeIgniter\Debug\Exceptions->errorHandler(8, 'Trying to acces...', 'C:\\xampp7\\htdoc...', 84, Array)
#1 C:\xampp7\htdocs\apps\surveypasar\vendor\codeigniter4\framework\system\CodeIgniter.php(918): App\Controllers\Admin\Survey->start('2020-09-17', '2')
#2 C:\xampp7\htdocs\apps\surveypasar\vendor\codeigniter4\framework\system\CodeIgniter.php(404): CodeIgniter\CodeIgniter->runController(Object(App\Controllers\Admin\Survey))
#3 C:\xampp7\htdocs\apps\surveypasar\vendor\codeigniter4\framework\system\CodeIgniter.php(312): CodeIgniter\CodeIgniter->handleRequest(NULL, Object(Config\Cache), false)
#4 C:\xampp7\htdocs\apps\surveypasar\public\index.php(45): CodeIgniter\CodeIgniter->run()
#5 {main}
CRITICAL - 2020-09-25 20:48:18 --> Trying to access array offset on value of type null
#0 C:\xampp7\htdocs\apps\surveypasar\app\Libraries\Navigation.php(61): CodeIgniter\Debug\Exceptions->errorHandler(8, 'Trying to acces...', 'C:\\xampp7\\htdoc...', 61, Array)
#1 C:\xampp7\htdocs\apps\surveypasar\app\Libraries\Navigation.php(23): App\Libraries\Navigation->cek_akses('admin/survey')
#2 C:\xampp7\htdocs\apps\surveypasar\app\Libraries\Navigation.php(15): App\Libraries\Navigation->gen_menu()
#3 C:\xampp7\htdocs\apps\surveypasar\vendor\codeigniter4\framework\system\View\Cell.php(149): App\Libraries\Navigation->menu()
#4 C:\xampp7\htdocs\apps\surveypasar\vendor\codeigniter4\framework\system\Common.php(1140): CodeIgniter\View\Cell->render('\\App\\Libraries\\...', NULL, 0, 'AppLibrariesNav...')
#5 C:\xampp7\htdocs\apps\surveypasar\app\Views\template\default.php(116): view_cell('\\App\\Libraries\\...')
#6 C:\xampp7\htdocs\apps\surveypasar\vendor\codeigniter4\framework\system\View\View.php(246): include('C:\\xampp7\\htdoc...')
#7 C:\xampp7\htdocs\apps\surveypasar\vendor\codeigniter4\framework\system\View\View.php(257): CodeIgniter\View\View->render('template/defaul...', Array, true)
#8 C:\xampp7\htdocs\apps\surveypasar\vendor\codeigniter4\framework\system\Common.php(1119): CodeIgniter\View\View->render('admin/admin', Array, true)
#9 C:\xampp7\htdocs\apps\surveypasar\app\Controllers\Admin\Home.php(30): view('admin/admin', Array)
#10 C:\xampp7\htdocs\apps\surveypasar\vendor\codeigniter4\framework\system\CodeIgniter.php(918): App\Controllers\Admin\Home->index()
#11 C:\xampp7\htdocs\apps\surveypasar\vendor\codeigniter4\framework\system\CodeIgniter.php(404): CodeIgniter\CodeIgniter->runController(Object(App\Controllers\Admin\Home))
#12 C:\xampp7\htdocs\apps\surveypasar\vendor\codeigniter4\framework\system\CodeIgniter.php(312): CodeIgniter\CodeIgniter->handleRequest(NULL, Object(Config\Cache), false)
#13 C:\xampp7\htdocs\apps\surveypasar\public\index.php(45): CodeIgniter\CodeIgniter->run()
#14 {main}
CRITICAL - 2020-09-25 20:48:37 --> Trying to access array offset on value of type null
#0 C:\xampp7\htdocs\apps\surveypasar\app\Libraries\Navigation.php(61): CodeIgniter\Debug\Exceptions->errorHandler(8, 'Trying to acces...', 'C:\\xampp7\\htdoc...', 61, Array)
#1 C:\xampp7\htdocs\apps\surveypasar\app\Libraries\Navigation.php(23): App\Libraries\Navigation->cek_akses('admin/survey')
#2 C:\xampp7\htdocs\apps\surveypasar\app\Libraries\Navigation.php(15): App\Libraries\Navigation->gen_menu()
#3 C:\xampp7\htdocs\apps\surveypasar\vendor\codeigniter4\framework\system\View\Cell.php(149): App\Libraries\Navigation->menu()
#4 C:\xampp7\htdocs\apps\surveypasar\vendor\codeigniter4\framework\system\Common.php(1140): CodeIgniter\View\Cell->render('\\App\\Libraries\\...', NULL, 0, 'AppLibrariesNav...')
#5 C:\xampp7\htdocs\apps\surveypasar\app\Views\template\default.php(116): view_cell('\\App\\Libraries\\...')
#6 C:\xampp7\htdocs\apps\surveypasar\vendor\codeigniter4\framework\system\View\View.php(246): include('C:\\xampp7\\htdoc...')
#7 C:\xampp7\htdocs\apps\surveypasar\vendor\codeigniter4\framework\system\View\View.php(257): CodeIgniter\View\View->render('template/defaul...', Array, true)
#8 C:\xampp7\htdocs\apps\surveypasar\vendor\codeigniter4\framework\system\Common.php(1119): CodeIgniter\View\View->render('admin/admin', Array, true)
#9 C:\xampp7\htdocs\apps\surveypasar\app\Controllers\Admin\Home.php(30): view('admin/admin', Array)
#10 C:\xampp7\htdocs\apps\surveypasar\vendor\codeigniter4\framework\system\CodeIgniter.php(918): App\Controllers\Admin\Home->index()
#11 C:\xampp7\htdocs\apps\surveypasar\vendor\codeigniter4\framework\system\CodeIgniter.php(404): CodeIgniter\CodeIgniter->runController(Object(App\Controllers\Admin\Home))
#12 C:\xampp7\htdocs\apps\surveypasar\vendor\codeigniter4\framework\system\CodeIgniter.php(312): CodeIgniter\CodeIgniter->handleRequest(NULL, Object(Config\Cache), false)
#13 C:\xampp7\htdocs\apps\surveypasar\public\index.php(45): CodeIgniter\CodeIgniter->run()
#14 {main}
CRITICAL - 2020-09-25 21:57:40 --> Call to undefined method App\Controllers\Admin\Home::grid()
#0 C:\xampp7\htdocs\apps\surveypasar\vendor\codeigniter4\framework\system\CodeIgniter.php(918): App\Controllers\Admin\Home->index()
#1 C:\xampp7\htdocs\apps\surveypasar\vendor\codeigniter4\framework\system\CodeIgniter.php(404): CodeIgniter\CodeIgniter->runController(Object(App\Controllers\Admin\Home))
#2 C:\xampp7\htdocs\apps\surveypasar\vendor\codeigniter4\framework\system\CodeIgniter.php(312): CodeIgniter\CodeIgniter->handleRequest(NULL, Object(Config\Cache), false)
#3 C:\xampp7\htdocs\apps\surveypasar\public\index.php(45): CodeIgniter\CodeIgniter->run()
#4 {main}
CRITICAL - 2020-09-25 23:33:06 --> Invalid file: admin/notifikasiDetail.php
#0 C:\xampp7\htdocs\apps\surveypasar\vendor\codeigniter4\framework\system\View\View.php(228): CodeIgniter\Exceptions\FrameworkException::forInvalidFile('admin/notifikas...')
#1 C:\xampp7\htdocs\apps\surveypasar\vendor\codeigniter4\framework\system\Common.php(1119): CodeIgniter\View\View->render('admin/notifikas...', Array, true)
#2 C:\xampp7\htdocs\apps\surveypasar\app\Controllers\Admin\Notifikasi.php(81): view('admin/notifikas...', Array)
#3 C:\xampp7\htdocs\apps\surveypasar\vendor\codeigniter4\framework\system\CodeIgniter.php(918): App\Controllers\Admin\Notifikasi->detail('2020-09-16')
#4 C:\xampp7\htdocs\apps\surveypasar\vendor\codeigniter4\framework\system\CodeIgniter.php(404): CodeIgniter\CodeIgniter->runController(Object(App\Controllers\Admin\Notifikasi))
#5 C:\xampp7\htdocs\apps\surveypasar\vendor\codeigniter4\framework\system\CodeIgniter.php(312): CodeIgniter\CodeIgniter->handleRequest(NULL, Object(Config\Cache), false)
#6 C:\xampp7\htdocs\apps\surveypasar\public\index.php(45): CodeIgniter\CodeIgniter->run()
#7 {main}
CRITICAL - 2020-09-25 23:45:09 --> Call to undefined method App\Controllers\Admin\Home::dash()
#0 C:\xampp7\htdocs\apps\surveypasar\vendor\codeigniter4\framework\system\CodeIgniter.php(918): App\Controllers\Admin\Home->index()
#1 C:\xampp7\htdocs\apps\surveypasar\vendor\codeigniter4\framework\system\CodeIgniter.php(404): CodeIgniter\CodeIgniter->runController(Object(App\Controllers\Admin\Home))
#2 C:\xampp7\htdocs\apps\surveypasar\vendor\codeigniter4\framework\system\CodeIgniter.php(312): CodeIgniter\CodeIgniter->handleRequest(NULL, Object(Config\Cache), false)
#3 C:\xampp7\htdocs\apps\surveypasar\public\index.php(45): CodeIgniter\CodeIgniter->run()
#4 {main}
